#
# A fatal error has been detected by the Java Runtime Environment:
#
#  EXCEPTION_ACCESS_VIOLATION (0xc0000005) at pc=0x0000000180005156, pid=3632, tid=0x0000000000001700
#
# JRE version: Java(TM) SE Runtime Environment (8.0_121-b13) (build 1.8.0_121-b13)
# Java VM: Java HotSpot(TM) 64-Bit Server VM (25.121-b13 mixed mode windows-amd64 compressed oops)
# Problematic frame:
# C  [rxtxSerial.dll+0x5156]
#
# Failed to write core dump. Minidumps are not enabled by default on client versions of Windows
#
# If you would like to submit a bug report, please visit:
#   http://bugreport.java.com/bugreport/crash.jsp
# The crash happened outside the Java Virtual Machine in native code.
# See problematic frame for where to report the bug.
#

---------------  T H R E A D  ---------------

Current thread (0x000000001aaef000):  JavaThread "Thread-59" [_thread_in_native, id=5888, stack(0x000000004efc0000,0x000000004f0c0000)]

siginfo: ExceptionCode=0xc0000005, reading address 0x000000004efbee98

Registers:
RAX=0x000000004efbee90, RBX=0x0000000000000001, RCX=0x000000018001d4d5, RDX=0xfffffffffffff665
RSP=0x000000004f0bf300, RBP=0x000000001aaef1f8, RSI=0x0000000000000000, RDI=0x0000000000000000
R8 =0x0000000000000002, R9 =0xfffffffffffff63c, R10=0x00000000000001ce, R11=0x8101010101010100
R12=0x000000004efbee90, R13=0x00000000035c35a0, R14=0x000000004f0bf420, R15=0x000000000000000a
RIP=0x0000000180005156, EFLAGS=0x0000000000010206

Top of Stack: (sp=0x000000004f0bf300)
0x000000004f0bf300:   000000004f0bf3e0 000000001aaef1f8
0x000000004f0bf310:   0000000000000000 0000000000000000
0x000000004f0bf320:   000000001a9b6f40 0000000000000001
0x000000004f0bf330:   0000000000000000 000000001e5b5d10
0x000000004f0bf340:   000000001aaef000 000000005de9cbf3
0x000000004f0bf350:   00000000fffffffd 000000001a8a7470
0x000000004f0bf360:   000000004f0bf3e8 000000000300e280
0x000000004f0bf370:   0000aeb4aee294fc 000000000000000a
0x000000004f0bf380:   000000001aaef000 000000004f0bf420
0x000000004f0bf390:   00000000035c35a0 0000000000000000
0x000000004f0bf3a0:   00000000d5d2b770 0000000000000005
0x000000004f0bf3b0:   000000004f0bf420 00000000034065f9
0x000000004f0bf3c0:   000000004f0bf3c0 000000001e281c78
0x000000004f0bf3d0:   000000004f0bf488 000000001e282028
0x000000004f0bf3e0:   00000000d5d2b648 000000001e281cf0
0x000000004f0bf3f0:   0000000000000000 000000004f0bf430 

Instructions: (pc=0x0000000180005156)
0x0000000180005136:   8d 05 d4 79 01 00 48 8b d3 48 8b cd 44 8b f8 89
0x0000000180005146:   7c 24 24 8b f7 e8 c0 e6 ff ff 8d 5f 01 4c 63 e0
0x0000000180005156:   45 8b 74 24 08 41 89 7c 24 08 45 85 ff 78 0b ff
0x0000000180005166:   15 95 1e 01 00 89 44 24 24 90 8b ce ff c6 83 f9 


Register to memory mapping:

RAX=0x000000004efbee90 is an unknown value
RBX=0x0000000000000001 is an unknown value
RCX=0x000000018001d4d5 is an unknown value
RDX=0xfffffffffffff665 is an unknown value
RSP=0x000000004f0bf300 is pointing into the stack for thread: 0x000000001aaef000
RBP=0x000000001aaef1f8 is an unknown value
RSI=0x0000000000000000 is an unknown value
RDI=0x0000000000000000 is an unknown value
R8 =0x0000000000000002 is an unknown value
R9 =0xfffffffffffff63c is an unknown value
R10=0x00000000000001ce is an unknown value
R11=0x8101010101010100 is an unknown value
R12=0x000000004efbee90 is an unknown value
R13=0x00000000035c35a0 is at entry_point+512 in (nmethod*)0x00000000035c3210
R14=0x000000004f0bf420 is pointing into the stack for thread: 0x000000001aaef000
R15=0x000000000000000a is an unknown value


Stack: [0x000000004efc0000,0x000000004f0c0000],  sp=0x000000004f0bf300,  free space=1020k
Native frames: (J=compiled Java code, j=interpreted, Vv=VM code, C=native code)
C  [rxtxSerial.dll+0x5156]
C  0x00000000034065f9

Java frames: (J=compiled Java code, j=interpreted, Vv=VM code)
J 1120  gnu.io.RXTXPort.readByte()I (0 bytes) @ 0x000000000340657b [0x0000000003406540+0x3b]
J 1670 C2 gnu.io.RXTXPort$SerialInputStream.read()I (167 bytes) @ 0x00000000035c34cc [0x00000000035c33a0+0x12c]
J 1714 C2 com.digi.xbee.api.packet.XBeePacketParser.readByte(Ljava/io/InputStream;Lcom/digi/xbee/api/models/OperatingMode;)I (138 bytes) @ 0x00000000035dccb8 [0x00000000035dcc40+0x78]
J 1506 C1 com.digi.xbee.api.packet.XBeePacketParser.parsePacket(Ljava/io/InputStream;Lcom/digi/xbee/api/models/OperatingMode;)Lcom/digi/xbee/api/packet/XBeePacket; (209 bytes) @ 0x00000000035013d4 [0x00000000035010e0+0x2f4]
j  com.digi.xbee.api.connection.DataReader.run()V+179
v  ~StubRoutines::call_stub

---------------  P R O C E S S  ---------------

Java Threads: ( => current thread )
=>0x000000001aaef000 JavaThread "Thread-59" [_thread_in_native, id=5888, stack(0x000000004efc0000,0x000000004f0c0000)]
  0x000000001aa28800 JavaThread "TimerQueue" daemon [_thread_blocked, id=1740, stack(0x000000001dbb0000,0x000000001dcb0000)]
  0x000000001a910800 JavaThread "D3D Screen Updater" daemon [_thread_blocked, id=3944, stack(0x000000001d540000,0x000000001d640000)]
  0x0000000002fc0800 JavaThread "DestroyJavaVM" [_thread_blocked, id=4088, stack(0x0000000002e90000,0x0000000002f90000)]
  0x000000001a9ad800 JavaThread "AWT-EventQueue-0" [_thread_blocked, id=1912, stack(0x000000001c5c0000,0x000000001c6c0000)]
  0x000000001a8fb000 JavaThread "AWT-Windows" daemon [_thread_in_native, id=5944, stack(0x000000001b300000,0x000000001b400000)]
  0x000000001a8f6800 JavaThread "AWT-Shutdown" [_thread_blocked, id=2756, stack(0x000000001b200000,0x000000001b300000)]
  0x000000001a8f5800 JavaThread "Java2D Disposer" daemon [_thread_blocked, id=4436, stack(0x000000001b100000,0x000000001b200000)]
  0x0000000019f5e800 JavaThread "Service Thread" daemon [_thread_blocked, id=5232, stack(0x000000001a2e0000,0x000000001a3e0000)]
  0x0000000017f54800 JavaThread "C1 CompilerThread2" daemon [_thread_blocked, id=740, stack(0x0000000019de0000,0x0000000019ee0000)]
  0x0000000017f52000 JavaThread "C2 CompilerThread1" daemon [_thread_blocked, id=5212, stack(0x0000000019ce0000,0x0000000019de0000)]
  0x0000000017f4f800 JavaThread "C2 CompilerThread0" daemon [_thread_blocked, id=6028, stack(0x0000000019be0000,0x0000000019ce0000)]
  0x0000000017f4a800 JavaThread "Attach Listener" daemon [_thread_blocked, id=5896, stack(0x0000000019ae0000,0x0000000019be0000)]
  0x0000000017f59000 JavaThread "Signal Dispatcher" daemon [_thread_blocked, id=4888, stack(0x00000000199e0000,0x0000000019ae0000)]
  0x0000000017f3c800 JavaThread "Finalizer" daemon [_thread_blocked, id=3608, stack(0x00000000197e0000,0x00000000198e0000)]
  0x0000000017f1b800 JavaThread "Reference Handler" daemon [_thread_blocked, id=5148, stack(0x00000000196e0000,0x00000000197e0000)]

Other Threads:
  0x0000000017f17800 VMThread [stack: 0x00000000195e0000,0x00000000196e0000] [id=1288]
  0x0000000019f6c800 WatcherThread [stack: 0x000000001a7a0000,0x000000001a8a0000] [id=452]

VM state:not at safepoint (normal execution)

VM Mutex/Monitor currently owned by a thread: None

Heap:
 PSYoungGen      total 38400K, used 12361K [0x00000000d5580000, 0x00000000d8000000, 0x0000000100000000)
  eden space 33280K, 30% used [0x00000000d5580000,0x00000000d5f5a7c8,0x00000000d7600000)
  from space 5120K, 44% used [0x00000000d7b00000,0x00000000d7d38000,0x00000000d8000000)
  to   space 5120K, 0% used [0x00000000d7600000,0x00000000d7600000,0x00000000d7b00000)
 ParOldGen       total 87552K, used 48K [0x0000000080000000, 0x0000000085580000, 0x00000000d5580000)
  object space 87552K, 0% used [0x0000000080000000,0x000000008000c000,0x0000000085580000)
 Metaspace       used 13252K, capacity 13426K, committed 13568K, reserved 1060864K
  class space    used 1607K, capacity 1678K, committed 1792K, reserved 1048576K

Card table byte_map: [0x0000000012480000,0x0000000012890000] byte_map_base: 0x0000000012080000

Marking Bits: (ParMarkBitMap*) 0x000000005e41b6d0
 Begin Bits: [0x0000000013140000, 0x0000000015140000)
 End Bits:   [0x0000000015140000, 0x0000000017140000)

Polling page: 0x0000000002e30000

CodeCache: size=245760Kb used=5579Kb max_used=5605Kb free=240180Kb
 bounds [0x00000000030c0000, 0x0000000003650000, 0x00000000120c0000]
 total_blobs=2195 nmethods=1693 adapters=414
 compilation: enabled

Compilation events (10 events):
Event: 38.842 Thread 0x0000000017f54800 1792       3       javax.swing.JComponent::getComponentGraphics (63 bytes)
Event: 38.843 Thread 0x0000000017f54800 nmethod 1792 0x0000000003628190 code [0x00000000036283c0, 0x00000000036291c8]
Event: 39.280 Thread 0x0000000017f52000 1795       4       java.lang.Character::charCount (12 bytes)
Event: 39.281 Thread 0x0000000017f52000 nmethod 1795 0x000000000352cbd0 code [0x000000000352cd00, 0x000000000352cd58]
Event: 39.532 Thread 0x0000000017f54800 1796       3       java.util.AbstractSequentialList::iterator (5 bytes)
Event: 39.533 Thread 0x0000000017f54800 nmethod 1796 0x00000000032f2950 code [0x00000000032f2ac0, 0x00000000032f2da8]
Event: 40.172 Thread 0x0000000017f4f800 1797   !   4       com.digi.xbee.api.packet.XBeeAPIPacket::getPacketData (66 bytes)
Event: 40.181 Thread 0x0000000017f4f800 nmethod 1797 0x000000000363cfd0 code [0x000000000363d160, 0x000000000363d9a8]
Event: 40.235 Thread 0x0000000017f54800 1798  s    3       sun.java2d.ScreenUpdateManager::getInstance (39 bytes)
Event: 40.237 Thread 0x0000000017f54800 nmethod 1798 0x000000000363ed50 code [0x000000000363ef80, 0x000000000363fe08]

GC Heap History (8 events):
Event: 8.135 GC heap before
{Heap before GC invocations=1 (full 0):
 PSYoungGen      total 38400K, used 33280K [0x00000000d5580000, 0x00000000d8000000, 0x0000000100000000)
  eden space 33280K, 100% used [0x00000000d5580000,0x00000000d7600000,0x00000000d7600000)
  from space 5120K, 0% used [0x00000000d7b00000,0x00000000d7b00000,0x00000000d8000000)
  to   space 5120K, 0% used [0x00000000d7600000,0x00000000d7600000,0x00000000d7b00000)
 ParOldGen       total 87552K, used 0K [0x0000000080000000, 0x0000000085580000, 0x00000000d5580000)
  object space 87552K, 0% used [0x0000000080000000,0x0000000080000000,0x0000000085580000)
 Metaspace       used 12733K, capacity 12914K, committed 13056K, reserved 1060864K
  class space    used 1607K, capacity 1678K, committed 1792K, reserved 1048576K
Event: 8.139 GC heap after
Heap after GC invocations=1 (full 0):
 PSYoungGen      total 38400K, used 2670K [0x00000000d5580000, 0x00000000d8000000, 0x0000000100000000)
  eden space 33280K, 0% used [0x00000000d5580000,0x00000000d5580000,0x00000000d7600000)
  from space 5120K, 52% used [0x00000000d7600000,0x00000000d789ba20,0x00000000d7b00000)
  to   space 5120K, 0% used [0x00000000d7b00000,0x00000000d7b00000,0x00000000d8000000)
 ParOldGen       total 87552K, used 24K [0x0000000080000000, 0x0000000085580000, 0x00000000d5580000)
  object space 87552K, 0% used [0x0000000080000000,0x0000000080006000,0x0000000085580000)
 Metaspace       used 12733K, capacity 12914K, committed 13056K, reserved 1060864K
  class space    used 1607K, capacity 1678K, committed 1792K, reserved 1048576K
}
Event: 15.943 GC heap before
{Heap before GC invocations=2 (full 0):
 PSYoungGen      total 38400K, used 35950K [0x00000000d5580000, 0x00000000d8000000, 0x0000000100000000)
  eden space 33280K, 100% used [0x00000000d5580000,0x00000000d7600000,0x00000000d7600000)
  from space 5120K, 52% used [0x00000000d7600000,0x00000000d789ba20,0x00000000d7b00000)
  to   space 5120K, 0% used [0x00000000d7b00000,0x00000000d7b00000,0x00000000d8000000)
 ParOldGen       total 87552K, used 24K [0x0000000080000000, 0x0000000085580000, 0x00000000d5580000)
  object space 87552K, 0% used [0x0000000080000000,0x0000000080006000,0x0000000085580000)
 Metaspace       used 12894K, capacity 13106K, committed 13312K, reserved 1060864K
  class space    used 1607K, capacity 1678K, committed 1792K, reserved 1048576K
Event: 15.946 GC heap after
Heap after GC invocations=2 (full 0):
 PSYoungGen      total 38400K, used 2176K [0x00000000d5580000, 0x00000000d8000000, 0x0000000100000000)
  eden space 33280K, 0% used [0x00000000d5580000,0x00000000d5580000,0x00000000d7600000)
  from space 5120K, 42% used [0x00000000d7b00000,0x00000000d7d20000,0x00000000d8000000)
  to   space 5120K, 0% used [0x00000000d7600000,0x00000000d7600000,0x00000000d7b00000)
 ParOldGen       total 87552K, used 32K [0x0000000080000000, 0x0000000085580000, 0x00000000d5580000)
  object space 87552K, 0% used [0x0000000080000000,0x0000000080008000,0x0000000085580000)
 Metaspace       used 12894K, capacity 13106K, committed 13312K, reserved 1060864K
  class space    used 1607K, capacity 1678K, committed 1792K, reserved 1048576K
}
Event: 26.040 GC heap before
{Heap before GC invocations=3 (full 0):
 PSYoungGen      total 38400K, used 35456K [0x00000000d5580000, 0x00000000d8000000, 0x0000000100000000)
  eden space 33280K, 100% used [0x00000000d5580000,0x00000000d7600000,0x00000000d7600000)
  from space 5120K, 42% used [0x00000000d7b00000,0x00000000d7d20000,0x00000000d8000000)
  to   space 5120K, 0% used [0x00000000d7600000,0x00000000d7600000,0x00000000d7b00000)
 ParOldGen       total 87552K, used 32K [0x0000000080000000, 0x0000000085580000, 0x00000000d5580000)
  object space 87552K, 0% used [0x0000000080000000,0x0000000080008000,0x0000000085580000)
 Metaspace       used 13134K, capacity 13362K, committed 13568K, reserved 1060864K
  class space    used 1607K, capacity 1678K, committed 1792K, reserved 1048576K
Event: 26.043 GC heap after
Heap after GC invocations=3 (full 0):
 PSYoungGen      total 38400K, used 2272K [0x00000000d5580000, 0x00000000d8000000, 0x0000000100000000)
  eden space 33280K, 0% used [0x00000000d5580000,0x00000000d5580000,0x00000000d7600000)
  from space 5120K, 44% used [0x00000000d7600000,0x00000000d7838020,0x00000000d7b00000)
  to   space 5120K, 0% used [0x00000000d7b00000,0x00000000d7b00000,0x00000000d8000000)
 ParOldGen       total 87552K, used 40K [0x0000000080000000, 0x0000000085580000, 0x00000000d5580000)
  object space 87552K, 0% used [0x0000000080000000,0x000000008000a000,0x0000000085580000)
 Metaspace       used 13134K, capacity 13362K, committed 13568K, reserved 1060864K
  class space    used 1607K, capacity 1678K, committed 1792K, reserved 1048576K
}
Event: 37.010 GC heap before
{Heap before GC invocations=4 (full 0):
 PSYoungGen      total 38400K, used 35552K [0x00000000d5580000, 0x00000000d8000000, 0x0000000100000000)
  eden space 33280K, 100% used [0x00000000d5580000,0x00000000d7600000,0x00000000d7600000)
  from space 5120K, 44% used [0x00000000d7600000,0x00000000d7838020,0x00000000d7b00000)
  to   space 5120K, 0% used [0x00000000d7b00000,0x00000000d7b00000,0x00000000d8000000)
 ParOldGen       total 87552K, used 40K [0x0000000080000000, 0x0000000085580000, 0x00000000d5580000)
  object space 87552K, 0% used [0x0000000080000000,0x000000008000a000,0x0000000085580000)
 Metaspace       used 13230K, capacity 13426K, committed 13568K, reserved 1060864K
  class space    used 1607K, capacity 1678K, committed 1792K, reserved 1048576K
Event: 37.013 GC heap after
Heap after GC invocations=4 (full 0):
 PSYoungGen      total 38400K, used 2272K [0x00000000d5580000, 0x00000000d8000000, 0x0000000100000000)
  eden space 33280K, 0% used [0x00000000d5580000,0x00000000d5580000,0x00000000d7600000)
  from space 5120K, 44% used [0x00000000d7b00000,0x00000000d7d38000,0x00000000d8000000)
  to   space 5120K, 0% used [0x00000000d7600000,0x00000000d7600000,0x00000000d7b00000)
 ParOldGen       total 87552K, used 48K [0x0000000080000000, 0x0000000085580000, 0x00000000d5580000)
  object space 87552K, 0% used [0x0000000080000000,0x000000008000c000,0x0000000085580000)
 Metaspace       used 13230K, capacity 13426K, committed 13568K, reserved 1060864K
  class space    used 1607K, capacity 1678K, committed 1792K, reserved 1048576K
}

Deoptimization events (10 events):
Event: 1.415 Thread 0x000000001a9ad800 Uncommon trap: reason=class_check action=maybe_recompile pc=0x0000000003248fe8 method=java.lang.String.equals(Ljava/lang/Object;)Z @ 8
Event: 1.415 Thread 0x000000001a9ad800 Uncommon trap: reason=class_check action=maybe_recompile pc=0x0000000003248fe8 method=java.lang.String.equals(Ljava/lang/Object;)Z @ 8
Event: 2.610 Thread 0x000000001a9ad800 Uncommon trap: reason=class_check action=maybe_recompile pc=0x0000000003248fe8 method=java.lang.String.equals(Ljava/lang/Object;)Z @ 8
Event: 2.710 Thread 0x000000001a9ad800 Uncommon trap: reason=class_check action=maybe_recompile pc=0x0000000003248fe8 method=java.lang.String.equals(Ljava/lang/Object;)Z @ 8
Event: 5.916 Thread 0x000000001a9ad800 Uncommon trap: reason=bimorphic action=maybe_recompile pc=0x00000000032cfa4c method=java.util.HashMap.getNode(ILjava/lang/Object;)Ljava/util/HashMap$Node; @ 126
Event: 5.916 Thread 0x000000001a9ad800 Uncommon trap: reason=bimorphic action=maybe_recompile pc=0x00000000032cfa4c method=java.util.HashMap.getNode(ILjava/lang/Object;)Ljava/util/HashMap$Node; @ 126
Event: 5.923 Thread 0x000000001a9ad800 Uncommon trap: reason=bimorphic action=maybe_recompile pc=0x00000000032cfa4c method=java.util.HashMap.getNode(ILjava/lang/Object;)Ljava/util/HashMap$Node; @ 126
Event: 5.923 Thread 0x000000001a9ad800 Uncommon trap: reason=bimorphic action=maybe_recompile pc=0x00000000032cfa4c method=java.util.HashMap.getNode(ILjava/lang/Object;)Ljava/util/HashMap$Node; @ 126
Event: 5.923 Thread 0x000000001a9ad800 Uncommon trap: reason=bimorphic action=maybe_recompile pc=0x00000000032c2158 method=java.util.HashMap.getNode(ILjava/lang/Object;)Ljava/util/HashMap$Node; @ 126
Event: 6.266 Thread 0x000000001aa42000 Uncommon trap: reason=unstable_if action=reinterpret pc=0x000000000339b630 method=java.lang.String.<init>([CII)V @ 18

Internal exceptions (10 events):
Event: 38.046 Thread 0x000000001aaf4800 Implicit null exception at 0x00000000035cab16 to 0x00000000035cb9e3
Event: 38.046 Thread 0x000000001aaf4800 Exception <a 'java/lang/NullPointerException'> (0x00000000d59244b0) thrown at [C:\re\workspace\8-2-build-windows-amd64-cygwin\jdk8u121\8372\hotspot\src\share\vm\runtime\sharedRuntime.cpp, line 605]
Event: 38.612 Thread 0x000000001aaf4000 Implicit null exception at 0x00000000035cab16 to 0x00000000035cb9e3
Event: 38.612 Thread 0x000000001aaf4000 Exception <a 'java/lang/NullPointerException'> (0x00000000d5a91cd8) thrown at [C:\re\workspace\8-2-build-windows-amd64-cygwin\jdk8u121\8372\hotspot\src\share\vm\runtime\sharedRuntime.cpp, line 605]
Event: 38.721 Thread 0x000000001aaf4000 Implicit null exception at 0x00000000035cab16 to 0x00000000035cb9e3
Event: 38.721 Thread 0x000000001aaf4000 Exception <a 'java/lang/NullPointerException'> (0x00000000d5b119a8) thrown at [C:\re\workspace\8-2-build-windows-amd64-cygwin\jdk8u121\8372\hotspot\src\share\vm\runtime\sharedRuntime.cpp, line 605]
Event: 38.783 Thread 0x000000001aaf2800 Implicit null exception at 0x00000000035cab16 to 0x00000000035cb9e3
Event: 38.783 Thread 0x000000001aaf2800 Exception <a 'java/lang/NullPointerException'> (0x00000000d5b58ee0) thrown at [C:\re\workspace\8-2-build-windows-amd64-cygwin\jdk8u121\8372\hotspot\src\share\vm\runtime\sharedRuntime.cpp, line 605]
Event: 39.531 Thread 0x000000001aaee800 Implicit null exception at 0x00000000035cab16 to 0x00000000035cb9e3
Event: 39.531 Thread 0x000000001aaee800 Exception <a 'java/lang/NullPointerException'> (0x00000000d5d8ddb8) thrown at [C:\re\workspace\8-2-build-windows-amd64-cygwin\jdk8u121\8372\hotspot\src\share\vm\runtime\sharedRuntime.cpp, line 605]

Events (10 events):
Event: 40.182 Thread 0x0000000017f4f800 flushing nmethod 0x00000000033ca990
Event: 40.182 Thread 0x0000000017f4f800 flushing nmethod 0x00000000033cd850
Event: 40.204 Thread 0x000000001aaf3000 Thread added: 0x000000001aaf3000
Event: 40.204 Thread 0x000000001aaf1000 Thread added: 0x000000001aaf1000
Event: 40.204 Thread 0x000000001aaf3000 Thread exited: 0x000000001aaf3000
Event: 40.204 Thread 0x000000001aaf1000 Thread exited: 0x000000001aaf1000
Event: 40.233 Thread 0x000000001aaee800 Thread added: 0x000000001aaee800
Event: 40.234 Thread 0x000000001aaee800 Thread exited: 0x000000001aaee800
Event: 40.237 Thread 0x0000000017f54800 flushing nmethod 0x00000000033db550
Event: 40.250 Thread 0x000000001aaf2800 Thread exited: 0x000000001aaf2800


Dynamic libraries:
0x00007ff79eba0000 - 0x00007ff79ebd7000 	C:\Program Files\Java\jdk1.8.0_121\bin\java.exe
0x00007ffdd1bf0000 - 0x00007ffdd1dc1000 	C:\Windows\SYSTEM32\ntdll.dll
0x00007ffdd00e0000 - 0x00007ffdd018b000 	C:\Windows\System32\KERNEL32.DLL
0x00007ffdce0e0000 - 0x00007ffdce2fd000 	C:\Windows\System32\KERNELBASE.dll
0x00007ffdcfac0000 - 0x00007ffdcfb62000 	C:\Windows\System32\ADVAPI32.dll
0x00007ffdcfbe0000 - 0x00007ffdcfc7e000 	C:\Windows\System32\msvcrt.dll
0x00007ffdcf7c0000 - 0x00007ffdcf819000 	C:\Windows\System32\sechost.dll
0x00007ffdcf4f0000 - 0x00007ffdcf611000 	C:\Windows\System32\RPCRT4.dll
0x00007ffdcf310000 - 0x00007ffdcf475000 	C:\Windows\System32\USER32.dll
0x00007ffdced60000 - 0x00007ffdced7e000 	C:\Windows\System32\win32u.dll
0x00007ffdcf620000 - 0x00007ffdcf654000 	C:\Windows\System32\GDI32.dll
0x00007ffdceed0000 - 0x00007ffdcf052000 	C:\Windows\System32\gdi32full.dll
0x00007ffdc2c00000 - 0x00007ffdc2e7a000 	C:\Windows\WinSxS\amd64_microsoft.windows.common-controls_6595b64144ccf1df_6.0.14393.953_none_42151e83c686086b\COMCTL32.dll
0x00007ffdd17e0000 - 0x00007ffdd1aa8000 	C:\Windows\System32\combase.dll
0x00007ffdcec60000 - 0x00007ffdced55000 	C:\Windows\System32\ucrtbase.dll
0x00007ffdcf060000 - 0x00007ffdcf0ca000 	C:\Windows\System32\bcryptPrimitives.dll
0x00007ffdd00b0000 - 0x00007ffdd00de000 	C:\Windows\System32\IMM32.DLL
0x000000005db20000 - 0x000000005dbf2000 	C:\Program Files\Java\jdk1.8.0_121\jre\bin\msvcr100.dll
0x000000005dc00000 - 0x000000005e49b000 	C:\Program Files\Java\jdk1.8.0_121\jre\bin\server\jvm.dll
0x00007ffdcf2a0000 - 0x00007ffdcf2a8000 	C:\Windows\System32\PSAPI.DLL
0x00007ffdcc2e0000 - 0x00007ffdcc303000 	C:\Windows\SYSTEM32\WINMM.dll
0x00007ffdb9970000 - 0x00007ffdb9979000 	C:\Windows\SYSTEM32\WSOCK32.dll
0x00007ffdc82c0000 - 0x00007ffdc82ca000 	C:\Windows\SYSTEM32\VERSION.dll
0x00007ffdcfb70000 - 0x00007ffdcfbda000 	C:\Windows\System32\WS2_32.dll
0x0000000002d80000 - 0x0000000002dab000 	C:\Windows\SYSTEM32\WINMMBASE.dll
0x00007ffdce9e0000 - 0x00007ffdcea22000 	C:\Windows\System32\cfgmgr32.dll
0x000000005dad0000 - 0x000000005dadf000 	C:\Program Files\Java\jdk1.8.0_121\jre\bin\verify.dll
0x000000005daa0000 - 0x000000005dac9000 	C:\Program Files\Java\jdk1.8.0_121\jre\bin\java.dll
0x000000005da80000 - 0x000000005da96000 	C:\Program Files\Java\jdk1.8.0_121\jre\bin\zip.dll
0x00007ffdd0250000 - 0x00007ffdd1759000 	C:\Windows\System32\SHELL32.dll
0x00007ffdce300000 - 0x00007ffdce9da000 	C:\Windows\System32\windows.storage.dll
0x00007ffdce050000 - 0x00007ffdce09c000 	C:\Windows\System32\powrprof.dll
0x00007ffdcf480000 - 0x00007ffdcf4d2000 	C:\Windows\System32\shlwapi.dll
0x00007ffdce0d0000 - 0x00007ffdce0df000 	C:\Windows\System32\kernel.appcore.dll
0x00007ffdcee20000 - 0x00007ffdceec9000 	C:\Windows\System32\shcore.dll
0x00007ffdce0b0000 - 0x00007ffdce0c4000 	C:\Windows\System32\profapi.dll
0x000000005d8a0000 - 0x000000005da38000 	C:\Program Files\Java\jdk1.8.0_121\jre\bin\awt.dll
0x00007ffdcf180000 - 0x00007ffdcf23f000 	C:\Windows\System32\OLEAUT32.dll
0x00007ffdced80000 - 0x00007ffdcee1c000 	C:\Windows\System32\msvcp_win.dll
0x00007ffdcc530000 - 0x00007ffdcc5aa000 	C:\Windows\SYSTEM32\apphelp.dll
0x00007ffdcba90000 - 0x00007ffdcbab6000 	C:\Windows\system32\DWMAPI.DLL
0x00007ffdcc7d0000 - 0x00007ffdcc865000 	C:\Windows\system32\uxtheme.dll
0x00007ffdc2420000 - 0x00007ffdc2543000 	C:\Windows\system32\opengl32.dll
0x00007ffdc86f0000 - 0x00007ffdc871d000 	C:\Windows\SYSTEM32\GLU32.dll
0x00007ffdc2320000 - 0x00007ffdc2417000 	C:\Windows\SYSTEM32\DDRAW.dll
0x00007ffdc8690000 - 0x00007ffdc8698000 	C:\Windows\SYSTEM32\DCIMAN32.dll
0x00007ffdcf660000 - 0x00007ffdcf7ba000 	C:\Windows\System32\MSCTF.dll
0x00007ffdd1ab0000 - 0x00007ffdd1be7000 	C:\Windows\System32\ole32.dll
0x00007ffdc2070000 - 0x00007ffdc21fd000 	C:\Windows\system32\d3d9.dll
0x00007ffdc8340000 - 0x00007ffdc839a000 	C:\Windows\SYSTEM32\vm3dum64.dll
0x00007ffdcb100000 - 0x00007ffdcb292000 	C:\Windows\SYSTEM32\dbghelp.dll
0x000000005d850000 - 0x000000005d897000 	C:\Program Files\Java\jdk1.8.0_121\jre\bin\fontmanager.dll
0x000000005da60000 - 0x000000005da7a000 	C:\Program Files\Java\jdk1.8.0_121\jre\bin\net.dll
0x00007ffdcd980000 - 0x00007ffdcd9dc000 	C:\Windows\system32\mswsock.dll
0x000000005da40000 - 0x000000005da51000 	C:\Program Files\Java\jdk1.8.0_121\jre\bin\nio.dll
0x000000005d800000 - 0x000000005d842000 	C:\Program Files\Java\jdk1.8.0_121\jre\bin\t2k.dll
0x00007ffdd01b0000 - 0x00007ffdd024f000 	C:\Windows\System32\clbcatq.dll
0x00007ffdcb330000 - 0x00007ffdcb4d8000 	C:\Windows\SYSTEM32\WindowsCodecs.dll
0x00007ffdbc910000 - 0x00007ffdbc959000 	C:\Windows\system32\dataexchange.dll
0x00007ffdcaac0000 - 0x00007ffdcad76000 	C:\Windows\system32\d3d11.dll
0x00007ffdcbc10000 - 0x00007ffdcbd61000 	C:\Windows\system32\dcomp.dll
0x00007ffdccfd0000 - 0x00007ffdcd06f000 	C:\Windows\system32\dxgi.dll
0x00007ffdccaa0000 - 0x00007ffdccbbc000 	C:\Windows\system32\twinapi.appcore.dll
0x00007ffdcdc30000 - 0x00007ffdcdc5b000 	C:\Windows\system32\bcrypt.dll
0x000000005d7c0000 - 0x000000005d7ea000 	C:\Program Files\Java\jdk1.8.0_121\jre\bin\dcpr.dll
0x0000000180000000 - 0x0000000180025000 	C:\Users\Dev10\Documents\Porject\RP6-Groep-9\Gui (java)\RP6 GUI\libs\native\Windows\win64\rxtxSerial.dll

VM Arguments:
jvm_args: -Dfile.encoding=UTF-8 -Djava.library.path=libs\native\Windows\win64 
java_command: rp6.gui.RP6GUI
java_class_path (initial): C:\Users\Dev10\Documents\Porject\RP6-Groep-9\Gui (java)\RP6 GUI\libs\rxtx-2.2.jar;C:\Users\Dev10\Documents\Porject\RP6-Groep-9\Gui (java)\RP6 GUI\libs\slf4j-api-1.7.12.jar;C:\Users\Dev10\Documents\Porject\RP6-Groep-9\Gui (java)\RP6 GUI\libs\slf4j-nop-1.7.12.jar;C:\Users\Dev10\Documents\Porject\RP6-Groep-9\Gui (java)\RP6 GUI\libs\xbee-java-library-1.2.0.jar;C:\Users\Dev10\Documents\Porject\RP6-Groep-9\Gui (java)\RP6 GUI\build\classes
Launcher Type: SUN_STANDARD

Environment Variables:
PATH=C:\ProgramData\Oracle\Java\javapath;C:\Windows\system32;C:\Windows;C:\Windows\System32\Wbem;C:\Windows\System32\WindowsPowerShell\v1.0\;C:\cygwin64\bin;C:\Users\Dev10\AppData\Local\Microsoft\WindowsApps;
USERNAME=Dev10
OS=Windows_NT
PROCESSOR_IDENTIFIER=Intel64 Family 6 Model 94 Stepping 3, GenuineIntel



---------------  S Y S T E M  ---------------

OS: Windows 10.0 , 64 bit Build 14393 (10.0.14393.0)

CPU:total 6 (6 cores per cpu, 1 threads per core) family 6 model 94 stepping 3, cmov, cx8, fxsr, mmx, sse, sse2, sse3, ssse3, sse4.1, sse4.2, popcnt, avx, avx2, aes, clmul, erms, rtm, 3dnowpref, lzcnt, tsc, tscinvbit, bmi1, bmi2, adx

Memory: 4k page, physical 8388084k(5797160k free), swap 9698804k(6935272k free)

vm_info: Java HotSpot(TM) 64-Bit Server VM (25.121-b13) for windows-amd64 JRE (1.8.0_121-b13), built on Dec 12 2016 18:21:36 by "java_re" with MS VC++ 10.0 (VS2010)

time: Thu Apr 06 11:02:11 2017
elapsed time: 40 seconds (0d 0h 0m 40s)

