#
# A fatal error has been detected by the Java Runtime Environment:
#
#  EXCEPTION_ACCESS_VIOLATION (0xc0000005) at pc=0x0000000180005156, pid=3376, tid=0x0000000000001c68
#
# JRE version: Java(TM) SE Runtime Environment (8.0_121-b13) (build 1.8.0_121-b13)
# Java VM: Java HotSpot(TM) 64-Bit Server VM (25.121-b13 mixed mode windows-amd64 compressed oops)
# Problematic frame:
# C  [rxtxSerial.dll+0x5156]
#
# Failed to write core dump. Minidumps are not enabled by default on client versions of Windows
#
# If you would like to submit a bug report, please visit:
#   http://bugreport.java.com/bugreport/crash.jsp
# The crash happened outside the Java Virtual Machine in native code.
# See problematic frame for where to report the bug.
#

---------------  T H R E A D  ---------------

Current thread (0x0000000019dc9800):  JavaThread "Thread-69" [_thread_in_native, id=7272, stack(0x000000006b400000,0x000000006b500000)]

siginfo: ExceptionCode=0xc0000005, reading address 0x000000006b3ff238

Registers:
RAX=0x000000006b3ff230, RBX=0x0000000000000001, RCX=0x000000018001d4d5, RDX=0xfffffffffffff665
RSP=0x000000006b4ff4f0, RBP=0x0000000019dc99f8, RSI=0x0000000000000000, RDI=0x0000000000000000
R8 =0x0000000000000002, R9 =0xfffffffffffff63c, R10=0x0000000000000206, R11=0x8101010101010100
R12=0x000000006b3ff230, R13=0x0000000002e23220, R14=0x000000006b4ff610, R15=0x000000000000000a
RIP=0x0000000180005156, EFLAGS=0x0000000000010202

Top of Stack: (sp=0x000000006b4ff4f0)
0x000000006b4ff4f0:   000000006b4ff5d0 0000000019dc99f8
0x000000006b4ff500:   0000000000000000 0000000000000000
0x000000006b4ff510:   000000001a616af0 0000000000000001
0x000000006b4ff520:   0000000000000000 000000001dce5de0
0x000000006b4ff530:   0000000019dc9800 00000000566fcbf3
0x000000006b4ff540:   00000000fffffffd 0000000019e35710
0x000000006b4ff550:   000000006b4ff5d8 0000000002bfe0f0
0x000000006b4ff560:   0000a8cadb92ce3e 000000000000000a
0x000000006b4ff570:   0000000019dc9800 000000006b4ff610
0x000000006b4ff580:   0000000002e23220 0000000000000000
0x000000006b4ff590:   00000000d78a1d88 0000000000000002
0x000000006b4ff5a0:   000000006b4ff610 0000000002fd8939
0x000000006b4ff5b0:   000000006b4ff5b0 000000001d96da38
0x000000006b4ff5c0:   000000006b4ff678 000000001d96dde8
0x000000006b4ff5d0:   00000000d78a0580 000000001d96dab0
0x000000006b4ff5e0:   0000000000000000 000000006b4ff620 

Instructions: (pc=0x0000000180005156)
0x0000000180005136:   8d 05 d4 79 01 00 48 8b d3 48 8b cd 44 8b f8 89
0x0000000180005146:   7c 24 24 8b f7 e8 c0 e6 ff ff 8d 5f 01 4c 63 e0
0x0000000180005156:   45 8b 74 24 08 41 89 7c 24 08 45 85 ff 78 0b ff
0x0000000180005166:   15 95 1e 01 00 89 44 24 24 90 8b ce ff c6 83 f9 


Register to memory mapping:

RAX=0x000000006b3ff230 is an unknown value
RBX=0x0000000000000001 is an unknown value
RCX=0x000000018001d4d5 is an unknown value
RDX=0xfffffffffffff665 is an unknown value
RSP=0x000000006b4ff4f0 is pointing into the stack for thread: 0x0000000019dc9800
RBP=0x0000000019dc99f8 is an unknown value
RSI=0x0000000000000000 is an unknown value
RDI=0x0000000000000000 is an unknown value
R8 =0x0000000000000002 is an unknown value
R9 =0xfffffffffffff63c is an unknown value
R10=0x0000000000000206 is an unknown value
R11=0x8101010101010100 is an unknown value
R12=0x000000006b3ff230 is an unknown value
R13=0x0000000002e23220 is at entry_point+512 in (nmethod*)0x0000000002e22e90
R14=0x000000006b4ff610 is pointing into the stack for thread: 0x0000000019dc9800
R15=0x000000000000000a is an unknown value


Stack: [0x000000006b400000,0x000000006b500000],  sp=0x000000006b4ff4f0,  free space=1021k
Native frames: (J=compiled Java code, j=interpreted, Vv=VM code, C=native code)
C  [rxtxSerial.dll+0x5156]
C  0x0000000002fd8939

Java frames: (J=compiled Java code, j=interpreted, Vv=VM code)
J 1097  gnu.io.RXTXPort.readByte()I (0 bytes) @ 0x0000000002fd88bb [0x0000000002fd8880+0x3b]
J 1604 C2 gnu.io.RXTXPort$SerialInputStream.read()I (167 bytes) @ 0x0000000002e2314c [0x0000000002e23020+0x12c]
J 1694 C2 com.digi.xbee.api.packet.XBeePacketParser.readByte(Ljava/io/InputStream;Lcom/digi/xbee/api/models/OperatingMode;)I (138 bytes) @ 0x0000000002fab638 [0x0000000002fab5c0+0x78]
J 1467 C1 com.digi.xbee.api.packet.XBeePacketParser.parsePacket(Ljava/io/InputStream;Lcom/digi/xbee/api/models/OperatingMode;)Lcom/digi/xbee/api/packet/XBeePacket; (209 bytes) @ 0x00000000030e5854 [0x00000000030e5560+0x2f4]
j  com.digi.xbee.api.connection.DataReader.run()V+179
v  ~StubRoutines::call_stub

---------------  P R O C E S S  ---------------

Java Threads: ( => current thread )
=>0x0000000019dc9800 JavaThread "Thread-69" [_thread_in_native, id=7272, stack(0x000000006b400000,0x000000006b500000)]
  0x000000001a61b800 JavaThread "TimerQueue" daemon [_thread_blocked, id=5312, stack(0x000000001d650000,0x000000001d750000)]
  0x000000001a4f0000 JavaThread "D3D Screen Updater" daemon [_thread_blocked, id=1972, stack(0x000000001d110000,0x000000001d210000)]
  0x0000000002bb0800 JavaThread "DestroyJavaVM" [_thread_blocked, id=3856, stack(0x0000000002ab0000,0x0000000002bb0000)]
  0x000000001a58b800 JavaThread "AWT-EventQueue-0" [_thread_in_native, id=6528, stack(0x000000001c1c0000,0x000000001c2c0000)]
  0x000000001a4da000 JavaThread "AWT-Windows" daemon [_thread_in_native, id=2756, stack(0x000000001af00000,0x000000001b000000)]
  0x000000001a4d7000 JavaThread "AWT-Shutdown" [_thread_blocked, id=6896, stack(0x000000001ae00000,0x000000001af00000)]
  0x000000001a4d6800 JavaThread "Java2D Disposer" daemon [_thread_blocked, id=2260, stack(0x000000001ad00000,0x000000001ae00000)]
  0x0000000019b34800 JavaThread "Service Thread" daemon [_thread_blocked, id=5940, stack(0x0000000019eb0000,0x0000000019fb0000)]
  0x0000000017b18800 JavaThread "C1 CompilerThread2" daemon [_thread_blocked, id=1688, stack(0x00000000199b0000,0x0000000019ab0000)]
  0x0000000017b16000 JavaThread "C2 CompilerThread1" daemon [_thread_blocked, id=3388, stack(0x00000000198b0000,0x00000000199b0000)]
  0x0000000017b13800 JavaThread "C2 CompilerThread0" daemon [_thread_blocked, id=7096, stack(0x00000000197b0000,0x00000000198b0000)]
  0x0000000017b0e000 JavaThread "Attach Listener" daemon [_thread_blocked, id=6244, stack(0x00000000196b0000,0x00000000197b0000)]
  0x0000000017b0d000 JavaThread "Signal Dispatcher" daemon [_thread_blocked, id=3204, stack(0x00000000195b0000,0x00000000196b0000)]
  0x0000000002cab000 JavaThread "Finalizer" daemon [_thread_blocked, id=4188, stack(0x00000000193b0000,0x00000000194b0000)]
  0x0000000002ca2000 JavaThread "Reference Handler" daemon [_thread_blocked, id=2764, stack(0x00000000192b0000,0x00000000193b0000)]

Other Threads:
  0x0000000017ad7800 VMThread [stack: 0x00000000191b0000,0x00000000192b0000] [id=192]
  0x0000000019b4a000 WatcherThread [stack: 0x000000001a370000,0x000000001a470000] [id=7444]

VM state:not at safepoint (normal execution)

VM Mutex/Monitor currently owned by a thread: None

Heap:
 PSYoungGen      total 34816K, used 4847K [0x00000000d5580000, 0x00000000d7b00000, 0x0000000100000000)
  eden space 32256K, 7% used [0x00000000d5580000,0x00000000d57ebe10,0x00000000d7500000)
  from space 2560K, 92% used [0x00000000d7880000,0x00000000d7ad0020,0x00000000d7b00000)
  to   space 3072K, 0% used [0x00000000d7500000,0x00000000d7500000,0x00000000d7800000)
 ParOldGen       total 87552K, used 56K [0x0000000080000000, 0x0000000085580000, 0x00000000d5580000)
  object space 87552K, 0% used [0x0000000080000000,0x000000008000e000,0x0000000085580000)
 Metaspace       used 13201K, capacity 13430K, committed 13568K, reserved 1060864K
  class space    used 1600K, capacity 1678K, committed 1792K, reserved 1048576K

Card table byte_map: [0x0000000012070000,0x0000000012480000] byte_map_base: 0x0000000011c70000

Marking Bits: (ParMarkBitMap*) 0x0000000056c7b6d0
 Begin Bits: [0x0000000012d30000, 0x0000000014d30000)
 End Bits:   [0x0000000014d30000, 0x0000000016d30000)

Polling page: 0x0000000000d20000

CodeCache: size=245760Kb used=5500Kb max_used=5513Kb free=240260Kb
 bounds [0x0000000002cb0000, 0x0000000003220000, 0x0000000011cb0000]
 total_blobs=2218 nmethods=1716 adapters=414
 compilation: enabled

Compilation events (10 events):
Event: 76.095 Thread 0x0000000017b16000 1830       4       java.util.HashMap$HashIterator::<init> (79 bytes)
Event: 76.097 Thread 0x0000000017b13800 1831       4       java.util.HashMap::keySet (25 bytes)
Event: 76.100 Thread 0x0000000017b13800 nmethod 1831 0x000000000320cd90 code [0x000000000320cee0, 0x000000000320cfd8]
Event: 76.106 Thread 0x0000000017b16000 nmethod 1830 0x000000000320c850 code [0x000000000320c9a0, 0x000000000320cc58]
Event: 76.494 Thread 0x0000000017b18800 1832       1       javax.swing.text.JTextComponent::getSelectedTextColor (5 bytes)
Event: 76.495 Thread 0x0000000017b18800 nmethod 1832 0x0000000002dc38d0 code [0x0000000002dc3a20, 0x0000000002dc3b30]
Event: 76.498 Thread 0x0000000017b18800 1833       1       sun.awt.windows.WToolkit::needUpdateWindow (2 bytes)
Event: 76.498 Thread 0x0000000017b18800 nmethod 1833 0x0000000003215910 code [0x0000000003215a60, 0x0000000003215b70]
Event: 76.598 Thread 0x0000000017b13800 1834   !   4       java.nio.charset.CharsetEncoder::encode (285 bytes)
Event: 76.606 Thread 0x0000000017b13800 nmethod 1834 0x0000000002e64e50 code [0x0000000002e64fc0, 0x0000000002e65208]

GC Heap History (10 events):
Event: 25.337 GC heap before
{Heap before GC invocations=2 (full 0):
 PSYoungGen      total 38400K, used 36024K [0x00000000d5580000, 0x00000000d8000000, 0x0000000100000000)
  eden space 33280K, 100% used [0x00000000d5580000,0x00000000d7600000,0x00000000d7600000)
  from space 5120K, 53% used [0x00000000d7600000,0x00000000d78ae3c0,0x00000000d7b00000)
  to   space 5120K, 0% used [0x00000000d7b00000,0x00000000d7b00000,0x00000000d8000000)
 ParOldGen       total 87552K, used 16K [0x0000000080000000, 0x0000000085580000, 0x00000000d5580000)
  object space 87552K, 0% used [0x0000000080000000,0x0000000080004000,0x0000000085580000)
 Metaspace       used 12864K, capacity 13110K, committed 13312K, reserved 1060864K
  class space    used 1600K, capacity 1678K, committed 1792K, reserved 1048576K
Event: 25.372 GC heap after
Heap after GC invocations=2 (full 0):
 PSYoungGen      total 38400K, used 2176K [0x00000000d5580000, 0x00000000d8000000, 0x0000000100000000)
  eden space 33280K, 0% used [0x00000000d5580000,0x00000000d5580000,0x00000000d7600000)
  from space 5120K, 42% used [0x00000000d7b00000,0x00000000d7d20020,0x00000000d8000000)
  to   space 5120K, 0% used [0x00000000d7600000,0x00000000d7600000,0x00000000d7b00000)
 ParOldGen       total 87552K, used 24K [0x0000000080000000, 0x0000000085580000, 0x00000000d5580000)
  object space 87552K, 0% used [0x0000000080000000,0x0000000080006000,0x0000000085580000)
 Metaspace       used 12864K, capacity 13110K, committed 13312K, reserved 1060864K
  class space    used 1600K, capacity 1678K, committed 1792K, reserved 1048576K
}
Event: 35.315 GC heap before
{Heap before GC invocations=3 (full 0):
 PSYoungGen      total 38400K, used 35456K [0x00000000d5580000, 0x00000000d8000000, 0x0000000100000000)
  eden space 33280K, 100% used [0x00000000d5580000,0x00000000d7600000,0x00000000d7600000)
  from space 5120K, 42% used [0x00000000d7b00000,0x00000000d7d20020,0x00000000d8000000)
  to   space 5120K, 0% used [0x00000000d7600000,0x00000000d7600000,0x00000000d7b00000)
 ParOldGen       total 87552K, used 24K [0x0000000080000000, 0x0000000085580000, 0x00000000d5580000)
  object space 87552K, 0% used [0x0000000080000000,0x0000000080006000,0x0000000085580000)
 Metaspace       used 13017K, capacity 13238K, committed 13568K, reserved 1060864K
  class space    used 1600K, capacity 1678K, committed 1792K, reserved 1048576K
Event: 35.326 GC heap after
Heap after GC invocations=3 (full 0):
 PSYoungGen      total 38400K, used 2208K [0x00000000d5580000, 0x00000000d8000000, 0x0000000100000000)
  eden space 33280K, 0% used [0x00000000d5580000,0x00000000d5580000,0x00000000d7600000)
  from space 5120K, 43% used [0x00000000d7600000,0x00000000d7828020,0x00000000d7b00000)
  to   space 5120K, 0% used [0x00000000d7b00000,0x00000000d7b00000,0x00000000d8000000)
 ParOldGen       total 87552K, used 32K [0x0000000080000000, 0x0000000085580000, 0x00000000d5580000)
  object space 87552K, 0% used [0x0000000080000000,0x0000000080008000,0x0000000085580000)
 Metaspace       used 13017K, capacity 13238K, committed 13568K, reserved 1060864K
  class space    used 1600K, capacity 1678K, committed 1792K, reserved 1048576K
}
Event: 47.041 GC heap before
{Heap before GC invocations=4 (full 0):
 PSYoungGen      total 38400K, used 35488K [0x00000000d5580000, 0x00000000d8000000, 0x0000000100000000)
  eden space 33280K, 100% used [0x00000000d5580000,0x00000000d7600000,0x00000000d7600000)
  from space 5120K, 43% used [0x00000000d7600000,0x00000000d7828020,0x00000000d7b00000)
  to   space 5120K, 0% used [0x00000000d7b00000,0x00000000d7b00000,0x00000000d8000000)
 ParOldGen       total 87552K, used 32K [0x0000000080000000, 0x0000000085580000, 0x00000000d5580000)
  object space 87552K, 0% used [0x0000000080000000,0x0000000080008000,0x0000000085580000)
 Metaspace       used 13113K, capacity 13366K, committed 13568K, reserved 1060864K
  class space    used 1600K, capacity 1678K, committed 1792K, reserved 1048576K
Event: 47.052 GC heap after
Heap after GC invocations=4 (full 0):
 PSYoungGen      total 38400K, used 2240K [0x00000000d5580000, 0x00000000d8000000, 0x0000000100000000)
  eden space 33280K, 0% used [0x00000000d5580000,0x00000000d5580000,0x00000000d7600000)
  from space 5120K, 43% used [0x00000000d7b00000,0x00000000d7d30020,0x00000000d8000000)
  to   space 5120K, 0% used [0x00000000d7600000,0x00000000d7600000,0x00000000d7b00000)
 ParOldGen       total 87552K, used 40K [0x0000000080000000, 0x0000000085580000, 0x00000000d5580000)
  object space 87552K, 0% used [0x0000000080000000,0x000000008000a000,0x0000000085580000)
 Metaspace       used 13113K, capacity 13366K, committed 13568K, reserved 1060864K
  class space    used 1600K, capacity 1678K, committed 1792K, reserved 1048576K
}
Event: 61.029 GC heap before
{Heap before GC invocations=5 (full 0):
 PSYoungGen      total 38400K, used 35520K [0x00000000d5580000, 0x00000000d8000000, 0x0000000100000000)
  eden space 33280K, 100% used [0x00000000d5580000,0x00000000d7600000,0x00000000d7600000)
  from space 5120K, 43% used [0x00000000d7b00000,0x00000000d7d30020,0x00000000d8000000)
  to   space 5120K, 0% used [0x00000000d7600000,0x00000000d7600000,0x00000000d7b00000)
 ParOldGen       total 87552K, used 40K [0x0000000080000000, 0x0000000085580000, 0x00000000d5580000)
  object space 87552K, 0% used [0x0000000080000000,0x000000008000a000,0x0000000085580000)
 Metaspace       used 13165K, capacity 13366K, committed 13568K, reserved 1060864K
  class space    used 1600K, capacity 1678K, committed 1792K, reserved 1048576K
Event: 61.041 GC heap after
Heap after GC invocations=5 (full 0):
 PSYoungGen      total 35328K, used 2368K [0x00000000d5580000, 0x00000000d7b80000, 0x0000000100000000)
  eden space 32768K, 0% used [0x00000000d5580000,0x00000000d5580000,0x00000000d7580000)
  from space 2560K, 92% used [0x00000000d7600000,0x00000000d7850020,0x00000000d7880000)
  to   space 3072K, 0% used [0x00000000d7880000,0x00000000d7880000,0x00000000d7b80000)
 ParOldGen       total 87552K, used 48K [0x0000000080000000, 0x0000000085580000, 0x00000000d5580000)
  object space 87552K, 0% used [0x0000000080000000,0x000000008000c000,0x0000000085580000)
 Metaspace       used 13165K, capacity 13366K, committed 13568K, reserved 1060864K
  class space    used 1600K, capacity 1678K, committed 1792K, reserved 1048576K
}
Event: 76.082 GC heap before
{Heap before GC invocations=6 (full 0):
 PSYoungGen      total 35328K, used 35136K [0x00000000d5580000, 0x00000000d7b80000, 0x0000000100000000)
  eden space 32768K, 100% used [0x00000000d5580000,0x00000000d7580000,0x00000000d7580000)
  from space 2560K, 92% used [0x00000000d7600000,0x00000000d7850020,0x00000000d7880000)
  to   space 3072K, 0% used [0x00000000d7880000,0x00000000d7880000,0x00000000d7b80000)
 ParOldGen       total 87552K, used 48K [0x0000000080000000, 0x0000000085580000, 0x00000000d5580000)
  object space 87552K, 0% used [0x0000000080000000,0x000000008000c000,0x0000000085580000)
 Metaspace       used 13201K, capacity 13430K, committed 13568K, reserved 1060864K
  class space    used 1600K, capacity 1678K, committed 1792K, reserved 1048576K
Event: 76.094 GC heap after
Heap after GC invocations=6 (full 0):
 PSYoungGen      total 34816K, used 2368K [0x00000000d5580000, 0x00000000d7b00000, 0x0000000100000000)
  eden space 32256K, 0% used [0x00000000d5580000,0x00000000d5580000,0x00000000d7500000)
  from space 2560K, 92% used [0x00000000d7880000,0x00000000d7ad0020,0x00000000d7b00000)
  to   space 3072K, 0% used [0x00000000d7500000,0x00000000d7500000,0x00000000d7800000)
 ParOldGen       total 87552K, used 56K [0x0000000080000000, 0x0000000085580000, 0x00000000d5580000)
  object space 87552K, 0% used [0x0000000080000000,0x000000008000e000,0x0000000085580000)
 Metaspace       used 13201K, capacity 13430K, committed 13568K, reserved 1060864K
  class space    used 1600K, capacity 1678K, committed 1792K, reserved 1048576K
}

Deoptimization events (10 events):
Event: 3.469 Thread 0x000000001a58b800 Uncommon trap: reason=class_check action=maybe_recompile pc=0x0000000002e3a728 method=java.lang.String.equals(Ljava/lang/Object;)Z @ 8
Event: 3.470 Thread 0x000000001a58b800 Uncommon trap: reason=class_check action=maybe_recompile pc=0x0000000002e3a728 method=java.lang.String.equals(Ljava/lang/Object;)Z @ 8
Event: 3.471 Thread 0x000000001a58b800 Uncommon trap: reason=class_check action=maybe_recompile pc=0x0000000002e3a728 method=java.lang.String.equals(Ljava/lang/Object;)Z @ 8
Event: 14.732 Thread 0x000000001a58b800 Uncommon trap: reason=bimorphic action=maybe_recompile pc=0x0000000002ec8a0c method=java.util.HashMap.getNode(ILjava/lang/Object;)Ljava/util/HashMap$Node; @ 126
Event: 14.732 Thread 0x000000001a58b800 Uncommon trap: reason=bimorphic action=maybe_recompile pc=0x0000000002ec8a0c method=java.util.HashMap.getNode(ILjava/lang/Object;)Ljava/util/HashMap$Node; @ 126
Event: 14.755 Thread 0x000000001a58b800 Uncommon trap: reason=bimorphic action=maybe_recompile pc=0x0000000002ec8a0c method=java.util.HashMap.getNode(ILjava/lang/Object;)Ljava/util/HashMap$Node; @ 126
Event: 14.755 Thread 0x000000001a58b800 Uncommon trap: reason=bimorphic action=maybe_recompile pc=0x0000000002ec8a0c method=java.util.HashMap.getNode(ILjava/lang/Object;)Ljava/util/HashMap$Node; @ 126
Event: 14.756 Thread 0x000000001a58b800 Uncommon trap: reason=bimorphic action=maybe_recompile pc=0x0000000002eb8ed8 method=java.util.HashMap.getNode(ILjava/lang/Object;)Ljava/util/HashMap$Node; @ 126
Event: 15.259 Thread 0x0000000019d9e800 Uncommon trap: reason=unstable_if action=reinterpret pc=0x0000000002f8e070 method=java.lang.String.<init>([CII)V @ 18
Event: 53.059 Thread 0x0000000019dcf800 Uncommon trap: reason=unstable_if action=reinterpret pc=0x00000000031cd228 method=java.util.concurrent.ThreadPoolExecutor.tryTerminate()V @ 48

Internal exceptions (10 events):
Event: 76.660 Thread 0x0000000019dca000 Implicit null exception at 0x000000000317bdac to 0x000000000317bf8c
Event: 76.660 Thread 0x0000000019dca000 Exception <a 'java/lang/NullPointerException'> (0x00000000d575fe68) thrown at [C:\re\workspace\8-2-build-windows-amd64-cygwin\jdk8u121\8372\hotspot\src\share\vm\runtime\sharedRuntime.cpp, line 605]
Event: 76.708 Thread 0x0000000019dce000 Implicit null exception at 0x000000000317bdac to 0x000000000317bf8c
Event: 76.708 Thread 0x0000000019dce000 Exception <a 'java/lang/NullPointerException'> (0x00000000d577e398) thrown at [C:\re\workspace\8-2-build-windows-amd64-cygwin\jdk8u121\8372\hotspot\src\share\vm\runtime\sharedRuntime.cpp, line 605]
Event: 76.812 Thread 0x0000000019dcb000 Implicit null exception at 0x000000000317bdac to 0x000000000317bf8c
Event: 76.812 Thread 0x0000000019dcb000 Exception <a 'java/lang/NullPointerException'> (0x00000000d5792620) thrown at [C:\re\workspace\8-2-build-windows-amd64-cygwin\jdk8u121\8372\hotspot\src\share\vm\runtime\sharedRuntime.cpp, line 605]
Event: 76.844 Thread 0x0000000019dce800 Implicit null exception at 0x000000000317bdac to 0x000000000317bf8c
Event: 76.844 Thread 0x0000000019dce800 Exception <a 'java/lang/NullPointerException'> (0x00000000d57b0a50) thrown at [C:\re\workspace\8-2-build-windows-amd64-cygwin\jdk8u121\8372\hotspot\src\share\vm\runtime\sharedRuntime.cpp, line 605]
Event: 76.890 Thread 0x0000000019dcc800 Implicit null exception at 0x000000000317bdac to 0x000000000317bf8c
Event: 76.890 Thread 0x0000000019dcc800 Exception <a 'java/lang/NullPointerException'> (0x00000000d57cee30) thrown at [C:\re\workspace\8-2-build-windows-amd64-cygwin\jdk8u121\8372\hotspot\src\share\vm\runtime\sharedRuntime.cpp, line 605]

Events (10 events):
Event: 76.660 Thread 0x0000000019dca000 Thread exited: 0x0000000019dca000
Event: 76.707 Thread 0x0000000019dce000 Thread added: 0x0000000019dce000
Event: 76.708 Thread 0x0000000019dce000 Thread exited: 0x0000000019dce000
Event: 76.811 Thread 0x0000000019dcb000 Thread added: 0x0000000019dcb000
Event: 76.812 Thread 0x0000000019dcb000 Thread exited: 0x0000000019dcb000
Event: 76.843 Thread 0x0000000019dce800 Thread added: 0x0000000019dce800
Event: 76.844 Thread 0x0000000019dce800 Thread exited: 0x0000000019dce800
Event: 76.889 Thread 0x0000000019dcc800 Thread added: 0x0000000019dcc800
Event: 76.891 Thread 0x0000000019dcc800 Thread exited: 0x0000000019dcc800
Event: 76.951 Thread 0x0000000019dcd000 Thread exited: 0x0000000019dcd000


Dynamic libraries:
0x00007ff6bd430000 - 0x00007ff6bd467000 	C:\Program Files\Java\jdk1.8.0_121\bin\java.exe
0x00007ff93c4a0000 - 0x00007ff93c671000 	C:\Windows\SYSTEM32\ntdll.dll
0x00007ff93b950000 - 0x00007ff93b9fb000 	C:\Windows\System32\KERNEL32.DLL
0x00007ff939160000 - 0x00007ff93937d000 	C:\Windows\System32\KERNELBASE.dll
0x00007ff93a250000 - 0x00007ff93a2f2000 	C:\Windows\System32\ADVAPI32.dll
0x00007ff93c270000 - 0x00007ff93c30e000 	C:\Windows\System32\msvcrt.dll
0x00007ff93bd60000 - 0x00007ff93bdb9000 	C:\Windows\System32\sechost.dll
0x00007ff939a60000 - 0x00007ff939b81000 	C:\Windows\System32\RPCRT4.dll
0x00007ff939e80000 - 0x00007ff939fe5000 	C:\Windows\System32\USER32.dll
0x00007ff939840000 - 0x00007ff93985e000 	C:\Windows\System32\win32u.dll
0x00007ff93c460000 - 0x00007ff93c494000 	C:\Windows\System32\GDI32.dll
0x00007ff939380000 - 0x00007ff939502000 	C:\Windows\System32\gdi32full.dll
0x00007ff92fa60000 - 0x00007ff92fcda000 	C:\Windows\WinSxS\amd64_microsoft.windows.common-controls_6595b64144ccf1df_6.0.14393.953_none_42151e83c686086b\COMCTL32.dll
0x00007ff939b90000 - 0x00007ff939e58000 	C:\Windows\System32\combase.dll
0x00007ff9396d0000 - 0x00007ff9397c5000 	C:\Windows\System32\ucrtbase.dll
0x00007ff9397d0000 - 0x00007ff93983a000 	C:\Windows\System32\bcryptPrimitives.dll
0x00007ff939a30000 - 0x00007ff939a5e000 	C:\Windows\System32\IMM32.DLL
0x0000000056380000 - 0x0000000056452000 	C:\Program Files\Java\jdk1.8.0_121\jre\bin\msvcr100.dll
0x0000000056460000 - 0x0000000056cfb000 	C:\Program Files\Java\jdk1.8.0_121\jre\bin\server\jvm.dll
0x00007ff93c450000 - 0x00007ff93c458000 	C:\Windows\System32\PSAPI.DLL
0x00007ff9366e0000 - 0x00007ff936703000 	C:\Windows\SYSTEM32\WINMM.dll
0x00007ff9234f0000 - 0x00007ff9234f9000 	C:\Windows\SYSTEM32\WSOCK32.dll
0x00007ff930ff0000 - 0x00007ff930ffa000 	C:\Windows\SYSTEM32\VERSION.dll
0x00007ff93c1f0000 - 0x00007ff93c25a000 	C:\Windows\System32\WS2_32.dll
0x0000000001290000 - 0x00000000012bb000 	C:\Windows\SYSTEM32\WINMMBASE.dll
0x00007ff939110000 - 0x00007ff939152000 	C:\Windows\System32\cfgmgr32.dll
0x0000000056330000 - 0x000000005633f000 	C:\Program Files\Java\jdk1.8.0_121\jre\bin\verify.dll
0x0000000056300000 - 0x0000000056329000 	C:\Program Files\Java\jdk1.8.0_121\jre\bin\java.dll
0x00000000562e0000 - 0x00000000562f6000 	C:\Program Files\Java\jdk1.8.0_121\jre\bin\zip.dll
0x00007ff93a300000 - 0x00007ff93b809000 	C:\Windows\System32\SHELL32.dll
0x00007ff938a30000 - 0x00007ff93910a000 	C:\Windows\System32\windows.storage.dll
0x00007ff938920000 - 0x00007ff93896c000 	C:\Windows\System32\powrprof.dll
0x00007ff93b880000 - 0x00007ff93b8d2000 	C:\Windows\System32\shlwapi.dll
0x00007ff938970000 - 0x00007ff93897f000 	C:\Windows\System32\kernel.appcore.dll
0x00007ff939510000 - 0x00007ff9395b9000 	C:\Windows\System32\shcore.dll
0x00007ff938900000 - 0x00007ff938914000 	C:\Windows\System32\profapi.dll
0x0000000056100000 - 0x0000000056298000 	C:\Program Files\Java\jdk1.8.0_121\jre\bin\awt.dll
0x00007ff939ff0000 - 0x00007ff93a0af000 	C:\Windows\System32\OLEAUT32.dll
0x00007ff938990000 - 0x00007ff938a2c000 	C:\Windows\System32\msvcp_win.dll
0x00007ff936de0000 - 0x00007ff936e5a000 	C:\Windows\SYSTEM32\apphelp.dll
0x00007ff9360e0000 - 0x00007ff936106000 	C:\Windows\system32\DWMAPI.DLL
0x00007ff937080000 - 0x00007ff937115000 	C:\Windows\system32\uxtheme.dll
0x00007ff92aec0000 - 0x00007ff92afe3000 	C:\Windows\system32\opengl32.dll
0x00007ff92cdf0000 - 0x00007ff92ce1d000 	C:\Windows\SYSTEM32\GLU32.dll
0x00007ff929230000 - 0x00007ff929327000 	C:\Windows\SYSTEM32\DDRAW.dll
0x00007ff935f00000 - 0x00007ff935f08000 	C:\Windows\SYSTEM32\DCIMAN32.dll
0x00007ff93ba00000 - 0x00007ff93bb5a000 	C:\Windows\System32\MSCTF.dll
0x00007ff93c310000 - 0x00007ff93c447000 	C:\Windows\System32\ole32.dll
0x00007ff91be80000 - 0x00007ff91c00d000 	C:\Windows\system32\d3d9.dll
0x00007ff9293a0000 - 0x00007ff9293fa000 	C:\Windows\SYSTEM32\vm3dum64.dll
0x00007ff935b30000 - 0x00007ff935cc2000 	C:\Windows\SYSTEM32\dbghelp.dll
0x00000000560b0000 - 0x00000000560f7000 	C:\Program Files\Java\jdk1.8.0_121\jre\bin\fontmanager.dll
0x00000000562c0000 - 0x00000000562da000 	C:\Program Files\Java\jdk1.8.0_121\jre\bin\net.dll
0x00007ff938230000 - 0x00007ff93828c000 	C:\Windows\system32\mswsock.dll
0x00000000562a0000 - 0x00000000562b1000 	C:\Program Files\Java\jdk1.8.0_121\jre\bin\nio.dll
0x0000000056060000 - 0x00000000560a2000 	C:\Program Files\Java\jdk1.8.0_121\jre\bin\t2k.dll
0x00007ff93bbc0000 - 0x00007ff93bc5f000 	C:\Windows\System32\clbcatq.dll
0x00007ff935980000 - 0x00007ff935b28000 	C:\Windows\SYSTEM32\WindowsCodecs.dll
0x00007ff926450000 - 0x00007ff926499000 	C:\Windows\system32\dataexchange.dll
0x00007ff9350b0000 - 0x00007ff935366000 	C:\Windows\system32\d3d11.dll
0x00007ff936800000 - 0x00007ff936951000 	C:\Windows\system32\dcomp.dll
0x00007ff937880000 - 0x00007ff93791f000 	C:\Windows\system32\dxgi.dll
0x00007ff937350000 - 0x00007ff93746c000 	C:\Windows\system32\twinapi.appcore.dll
0x00007ff9384e0000 - 0x00007ff93850b000 	C:\Windows\system32\bcrypt.dll
0x0000000056020000 - 0x000000005604a000 	C:\Program Files\Java\jdk1.8.0_121\jre\bin\dcpr.dll
0x0000000180000000 - 0x0000000180025000 	C:\Users\Dev10\Documents\Porject\RP6-Groep-9\Gui (java)\RP6 GUI\libs\native\Windows\win64\rxtxSerial.dll

VM Arguments:
jvm_args: -Dfile.encoding=UTF-8 -Djava.library.path=libs\native\Windows\win64 
java_command: rp6.gui.RP6GUI
java_class_path (initial): C:\Users\Dev10\Documents\Porject\RP6-Groep-9\Gui (java)\RP6 GUI\libs\rxtx-2.2.jar;C:\Users\Dev10\Documents\Porject\RP6-Groep-9\Gui (java)\RP6 GUI\libs\slf4j-api-1.7.12.jar;C:\Users\Dev10\Documents\Porject\RP6-Groep-9\Gui (java)\RP6 GUI\libs\slf4j-nop-1.7.12.jar;C:\Users\Dev10\Documents\Porject\RP6-Groep-9\Gui (java)\RP6 GUI\libs\xbee-java-library-1.2.0.jar;C:\Users\Dev10\Documents\Porject\RP6-Groep-9\Gui (java)\RP6 GUI\build\classes
Launcher Type: SUN_STANDARD

Environment Variables:
PATH=C:\ProgramData\Oracle\Java\javapath;C:\Windows\system32;C:\Windows;C:\Windows\System32\Wbem;C:\Windows\System32\WindowsPowerShell\v1.0\;C:\cygwin64\bin;C:\Users\Dev10\AppData\Local\Microsoft\WindowsApps;
USERNAME=Dev10
OS=Windows_NT
PROCESSOR_IDENTIFIER=Intel64 Family 6 Model 94 Stepping 3, GenuineIntel



---------------  S Y S T E M  ---------------

OS: Windows 10.0 , 64 bit Build 14393 (10.0.14393.0)

CPU:total 6 (6 cores per cpu, 1 threads per core) family 6 model 94 stepping 3, cmov, cx8, fxsr, mmx, sse, sse2, sse3, ssse3, sse4.1, sse4.2, popcnt, avx, avx2, aes, clmul, erms, rtm, 3dnowpref, lzcnt, tsc, tscinvbit, bmi1, bmi2, adx

Memory: 4k page, physical 8388084k(4789984k free), swap 9698804k(5897096k free)

vm_info: Java HotSpot(TM) 64-Bit Server VM (25.121-b13) for windows-amd64 JRE (1.8.0_121-b13), built on Dec 12 2016 18:21:36 by "java_re" with MS VC++ 10.0 (VS2010)

time: Wed Mar 29 14:24:13 2017
elapsed time: 77 seconds (0d 0h 1m 17s)

