#
# A fatal error has been detected by the Java Runtime Environment:
#
#  EXCEPTION_ACCESS_VIOLATION (0xc0000005) at pc=0x0000000180005156, pid=3620, tid=0x0000000000000914
#
# JRE version: Java(TM) SE Runtime Environment (8.0_121-b13) (build 1.8.0_121-b13)
# Java VM: Java HotSpot(TM) 64-Bit Server VM (25.121-b13 mixed mode windows-amd64 compressed oops)
# Problematic frame:
# C  [rxtxSerial.dll+0x5156]
#
# Failed to write core dump. Minidumps are not enabled by default on client versions of Windows
#
# If you would like to submit a bug report, please visit:
#   http://bugreport.java.com/bugreport/crash.jsp
# The crash happened outside the Java Virtual Machine in native code.
# See problematic frame for where to report the bug.
#

---------------  T H R E A D  ---------------

Current thread (0x000000001a773800):  JavaThread "Thread-5" [_thread_in_native, id=2324, stack(0x000000001ef70000,0x000000001f070000)]

siginfo: ExceptionCode=0xc0000005, reading address 0x000000001ef6f048

Registers:
RAX=0x000000001ef6f040, RBX=0x0000000000000001, RCX=0x000000018001d4d5, RDX=0xfffffffffffff665
RSP=0x000000001f06ec20, RBP=0x000000001a7739f8, RSI=0x0000000000000000, RDI=0x0000000000000000
R8 =0x0000000000000002, R9 =0xfffffffffffff63c, R10=0x0000000000000080, R11=0x8101010101010100
R12=0x000000001ef6f040, R13=0x00000000031291f4, R14=0x000000001f06ed40, R15=0x000000000000000a
RIP=0x0000000180005156, EFLAGS=0x0000000000010202

Top of Stack: (sp=0x000000001f06ec20)
0x000000001f06ec20:   000000001f06ed00 000000001a7739f8
0x000000001f06ec30:   0000000000000000 0000000000000000
0x000000001f06ec40:   0000000000000000 0000000000000001
0x000000001f06ec50:   000000001a75aac0 000000005667d532
0x000000001f06ec60:   000000001a773800 000000001a7739f8
0x000000001f06ec70:   00001ae1e8492091 0000000000000001
0x000000001f06ec80:   0000000019fecc70 0000000056677295
0x000000001f06ec90:   0000a8cafa430872 000000001a7b1c20
0x000000001f06eca0:   000000001a773800 000000001f06ed40
0x000000001f06ecb0:   00000000031291f4 0000000000000000
0x000000001f06ecc0:   0000000100181c68 00000000d61b3600
0x000000001f06ecd0:   000000001f06ed40 0000000002f3c0f9
0x000000001f06ece0:   000000001f06ece0 000000001d97da38
0x000000001f06ecf0:   000000001da2e2f0 000000001d97dde8
0x000000001f06ed00:   00000000d61b3600 000000001d97dab0
0x000000001f06ed10:   0000000000000000 000000001f06ed50 

Instructions: (pc=0x0000000180005156)
0x0000000180005136:   8d 05 d4 79 01 00 48 8b d3 48 8b cd 44 8b f8 89
0x0000000180005146:   7c 24 24 8b f7 e8 c0 e6 ff ff 8d 5f 01 4c 63 e0
0x0000000180005156:   45 8b 74 24 08 41 89 7c 24 08 45 85 ff 78 0b ff
0x0000000180005166:   15 95 1e 01 00 89 44 24 24 90 8b ce ff c6 83 f9 


Register to memory mapping:

RAX=0x000000001ef6f040 is an unknown value
RBX=0x0000000000000001 is an unknown value
RCX=0x000000018001d4d5 is an unknown value
RDX=0xfffffffffffff665 is an unknown value
RSP=0x000000001f06ec20 is pointing into the stack for thread: 0x000000001a773800
RBP=0x000000001a7739f8 is an unknown value
RSI=0x0000000000000000 is an unknown value
RDI=0x0000000000000000 is an unknown value
R8 =0x0000000000000002 is an unknown value
R9 =0xfffffffffffff63c is an unknown value
R10=0x0000000000000080 is an unknown value
R11=0x8101010101010100 is an unknown value
R12=0x000000001ef6f040 is an unknown value
R13=0x00000000031291f4 is at entry_point+596 in (nmethod*)0x0000000003128d90
R14=0x000000001f06ed40 is pointing into the stack for thread: 0x000000001a773800
R15=0x000000000000000a is an unknown value


Stack: [0x000000001ef70000,0x000000001f070000],  sp=0x000000001f06ec20,  free space=1019k
Native frames: (J=compiled Java code, j=interpreted, Vv=VM code, C=native code)
C  [rxtxSerial.dll+0x5156]
C  0x0000000002f3c0f9

Java frames: (J=compiled Java code, j=interpreted, Vv=VM code)
J 1039  gnu.io.RXTXPort.readByte()I (0 bytes) @ 0x0000000002f3c07b [0x0000000002f3c040+0x3b]
J 1002 C1 gnu.io.RXTXPort$SerialInputStream.read()I (167 bytes) @ 0x00000000031295ac [0x0000000003128fa0+0x60c]
j  com.digi.xbee.api.packet.XBeePacketParser.readByteFrom(Ljava/io/InputStream;I)I+15
j  com.digi.xbee.api.packet.XBeePacketParser.readByte(Ljava/io/InputStream;Lcom/digi/xbee/api/models/OperatingMode;)I+7
j  com.digi.xbee.api.packet.XBeePacketParser.readBytes(Ljava/io/InputStream;Lcom/digi/xbee/api/models/OperatingMode;I)[B+21
j  com.digi.xbee.api.packet.XBeePacketParser.parsePacket(Ljava/io/InputStream;Lcom/digi/xbee/api/models/OperatingMode;)Lcom/digi/xbee/api/packet/XBeePacket;+81
j  com.digi.xbee.api.connection.DataReader.run()V+179
v  ~StubRoutines::call_stub

---------------  P R O C E S S  ---------------

Java Threads: ( => current thread )
=>0x000000001a773800 JavaThread "Thread-5" [_thread_in_native, id=2324, stack(0x000000001ef70000,0x000000001f070000)]
  0x000000001a751000 JavaThread "TimerQueue" daemon [_thread_blocked, id=2600, stack(0x000000001d670000,0x000000001d770000)]
  0x000000001a626800 JavaThread "D3D Screen Updater" daemon [_thread_blocked, id=5572, stack(0x000000001d130000,0x000000001d230000)]
  0x0000000002d30800 JavaThread "DestroyJavaVM" [_thread_blocked, id=4660, stack(0x0000000002b50000,0x0000000002c50000)]
  0x000000001a6b9000 JavaThread "AWT-EventQueue-0" [_thread_in_native, id=5012, stack(0x000000001c280000,0x000000001c380000)]
  0x000000001a611000 JavaThread "AWT-Windows" daemon [_thread_in_native, id=7968, stack(0x000000001afc0000,0x000000001b0c0000)]
  0x000000001a60f800 JavaThread "AWT-Shutdown" [_thread_blocked, id=1784, stack(0x000000001aec0000,0x000000001afc0000)]
  0x0000000019ff0800 JavaThread "Java2D Disposer" daemon [_thread_blocked, id=1988, stack(0x000000001adc0000,0x000000001aec0000)]
  0x0000000019c7e800 JavaThread "Service Thread" daemon [_thread_blocked, id=3108, stack(0x000000001a000000,0x000000001a100000)]
  0x0000000017c98800 JavaThread "C1 CompilerThread2" daemon [_thread_blocked, id=5356, stack(0x0000000019b00000,0x0000000019c00000)]
  0x0000000017c96000 JavaThread "C2 CompilerThread1" daemon [_thread_blocked, id=3076, stack(0x0000000019a00000,0x0000000019b00000)]
  0x0000000017c93800 JavaThread "C2 CompilerThread0" daemon [_thread_blocked, id=5392, stack(0x0000000019900000,0x0000000019a00000)]
  0x0000000017c8e000 JavaThread "Attach Listener" daemon [_thread_blocked, id=644, stack(0x0000000019800000,0x0000000019900000)]
  0x0000000017c8d000 JavaThread "Signal Dispatcher" daemon [_thread_blocked, id=4896, stack(0x0000000019700000,0x0000000019800000)]
  0x0000000002e2b000 JavaThread "Finalizer" daemon [_thread_blocked, id=964, stack(0x0000000019500000,0x0000000019600000)]
  0x0000000002e22000 JavaThread "Reference Handler" daemon [_thread_blocked, id=1516, stack(0x0000000019400000,0x0000000019500000)]

Other Threads:
  0x0000000017c57800 VMThread [stack: 0x0000000019300000,0x0000000019400000] [id=8052]
  0x0000000019c94800 WatcherThread [stack: 0x000000001a4c0000,0x000000001a5c0000] [id=6440]

VM state:not at safepoint (normal execution)

VM Mutex/Monitor currently owned by a thread: None

Heap:
 PSYoungGen      total 38400K, used 23974K [0x00000000d5580000, 0x00000000d8000000, 0x0000000100000000)
  eden space 33280K, 72% used [0x00000000d5580000,0x00000000d6ce99c8,0x00000000d7600000)
  from space 5120K, 0% used [0x00000000d7b00000,0x00000000d7b00000,0x00000000d8000000)
  to   space 5120K, 0% used [0x00000000d7600000,0x00000000d7600000,0x00000000d7b00000)
 ParOldGen       total 87552K, used 0K [0x0000000080000000, 0x0000000085580000, 0x00000000d5580000)
  object space 87552K, 0% used [0x0000000080000000,0x0000000080000000,0x0000000085580000)
 Metaspace       used 12580K, capacity 12790K, committed 13056K, reserved 1060864K
  class space    used 1596K, capacity 1678K, committed 1792K, reserved 1048576K

Card table byte_map: [0x00000000121f0000,0x0000000012600000] byte_map_base: 0x0000000011df0000

Marking Bits: (ParMarkBitMap*) 0x0000000056c7b6d0
 Begin Bits: [0x0000000012eb0000, 0x0000000014eb0000)
 End Bits:   [0x0000000014eb0000, 0x0000000016eb0000)

Polling page: 0x00000000012f0000

CodeCache: size=245760Kb used=3145Kb max_used=3157Kb free=242614Kb
 bounds [0x0000000002e30000, 0x0000000003150000, 0x0000000011e30000]
 total_blobs=1534 nmethods=1032 adapters=414
 compilation: enabled

Compilation events (10 events):
Event: 5.810 Thread 0x0000000017c98800 1036       3       java.util.concurrent.ThreadPoolExecutor::runStateOf (5 bytes)
Event: 5.811 Thread 0x0000000017c98800 nmethod 1036 0x0000000002f3d4d0 code [0x0000000002f3d620, 0x0000000002f3d750]
Event: 5.811 Thread 0x0000000017c98800 1035       1       com.digi.xbee.api.packet.raw.RX16Packet::needsAPIFrameID (2 bytes)
Event: 5.811 Thread 0x0000000017c98800 nmethod 1035 0x0000000002f32190 code [0x0000000002f322e0, 0x0000000002f323f0]
Event: 5.841 Thread 0x0000000017c98800 1040       3       java.lang.Integer::parseInt (261 bytes)
Event: 5.846 Thread 0x0000000017c96000 1041       4       java.util.regex.Matcher::search (109 bytes)
Event: 5.847 Thread 0x0000000017c93800 1042       4       java.util.Formatter$Conversion::isGeneral (64 bytes)
Event: 5.848 Thread 0x0000000017c98800 nmethod 1040 0x0000000003144650 code [0x0000000003144a00, 0x0000000003146808]
Event: 5.850 Thread 0x0000000017c93800 nmethod 1042 0x0000000002fa0310 code [0x0000000002fa0640, 0x0000000002fa06b8]
Event: 5.864 Thread 0x0000000017c96000 nmethod 1041 0x0000000002f33650 code [0x0000000002f337a0, 0x0000000002f33a38]

GC Heap History (0 events):
No events

Deoptimization events (10 events):
Event: 2.731 Thread 0x000000001a6b9000 Uncommon trap: reason=class_check action=maybe_recompile pc=0x0000000002fba5a8 method=java.lang.String.equals(Ljava/lang/Object;)Z @ 8
Event: 2.916 Thread 0x000000001a6b9000 Uncommon trap: reason=class_check action=maybe_recompile pc=0x0000000002fba5a8 method=java.lang.String.equals(Ljava/lang/Object;)Z @ 8
Event: 2.917 Thread 0x000000001a6b9000 Uncommon trap: reason=class_check action=maybe_recompile pc=0x0000000002fba5a8 method=java.lang.String.equals(Ljava/lang/Object;)Z @ 8
Event: 2.917 Thread 0x000000001a6b9000 Uncommon trap: reason=class_check action=maybe_recompile pc=0x0000000002fba5a8 method=java.lang.String.equals(Ljava/lang/Object;)Z @ 8
Event: 3.993 Thread 0x000000001a6b9000 Uncommon trap: reason=bimorphic action=maybe_recompile pc=0x000000000304bdcc method=java.util.HashMap.getNode(ILjava/lang/Object;)Ljava/util/HashMap$Node; @ 126
Event: 3.993 Thread 0x000000001a6b9000 Uncommon trap: reason=bimorphic action=maybe_recompile pc=0x000000000304bdcc method=java.util.HashMap.getNode(ILjava/lang/Object;)Ljava/util/HashMap$Node; @ 126
Event: 4.020 Thread 0x000000001a6b9000 Uncommon trap: reason=bimorphic action=maybe_recompile pc=0x000000000304bdcc method=java.util.HashMap.getNode(ILjava/lang/Object;)Ljava/util/HashMap$Node; @ 126
Event: 4.020 Thread 0x000000001a6b9000 Uncommon trap: reason=bimorphic action=maybe_recompile pc=0x000000000304bdcc method=java.util.HashMap.getNode(ILjava/lang/Object;)Ljava/util/HashMap$Node; @ 126
Event: 4.022 Thread 0x000000001a6b9000 Uncommon trap: reason=bimorphic action=maybe_recompile pc=0x000000000303bb18 method=java.util.HashMap.getNode(ILjava/lang/Object;)Ljava/util/HashMap$Node; @ 126
Event: 4.557 Thread 0x000000001a797000 Uncommon trap: reason=unstable_if action=reinterpret pc=0x00000000030df730 method=java.lang.String.<init>([CII)V @ 18

Internal exceptions (10 events):
Event: 0.307 Thread 0x0000000002d30800 Exception <a 'java/security/PrivilegedActionException'> (0x00000000d56d29d0) thrown at [C:\re\workspace\8-2-build-windows-amd64-cygwin\jdk8u121\8372\hotspot\src\share\vm\prims\jvm.cpp, line 1390]
Event: 0.309 Thread 0x0000000002d30800 Exception <a 'java/security/PrivilegedActionException'> (0x00000000d56d68e0) thrown at [C:\re\workspace\8-2-build-windows-amd64-cygwin\jdk8u121\8372\hotspot\src\share\vm\prims\jvm.cpp, line 1390]
Event: 0.309 Thread 0x0000000002d30800 Exception <a 'java/security/PrivilegedActionException'> (0x00000000d56d6af0) thrown at [C:\re\workspace\8-2-build-windows-amd64-cygwin\jdk8u121\8372\hotspot\src\share\vm\prims\jvm.cpp, line 1390]
Event: 0.327 Thread 0x0000000002d30800 Exception <a 'java/io/FileNotFoundException'> (0x00000000d56df608) thrown at [C:\re\workspace\8-2-build-windows-amd64-cygwin\jdk8u121\8372\hotspot\src\share\vm\prims\jni.cpp, line 709]
Event: 0.439 Thread 0x0000000002d30800 Exception <a 'java/lang/NoSuchFieldError': method resolution failed> (0x00000000d57aca78) thrown at [C:\re\workspace\8-2-build-windows-amd64-cygwin\jdk8u121\8372\hotspot\src\share\vm\prims\methodHandles.cpp, line 1146]
Event: 0.446 Thread 0x0000000002d30800 Exception <a 'java/lang/NoSuchFieldError': method resolution failed> (0x00000000d57b9e48) thrown at [C:\re\workspace\8-2-build-windows-amd64-cygwin\jdk8u121\8372\hotspot\src\share\vm\prims\methodHandles.cpp, line 1146]
Event: 0.566 Thread 0x0000000002d30800 Exception <a 'java/io/FileNotFoundException'> (0x00000000d584ecc8) thrown at [C:\re\workspace\8-2-build-windows-amd64-cygwin\jdk8u121\8372\hotspot\src\share\vm\prims\jni.cpp, line 709]
Event: 0.670 Thread 0x0000000002d30800 Implicit null exception at 0x0000000002fa0362 to 0x0000000002fa0529
Event: 4.133 Thread 0x000000001a6b9000 Exception <a 'java/io/FileNotFoundException'> (0x00000000d5ebc4d0) thrown at [C:\re\workspace\8-2-build-windows-amd64-cygwin\jdk8u121\8372\hotspot\src\share\vm\prims\jni.cpp, line 709]
Event: 4.386 Thread 0x000000001a6b9000 Exception <a 'java/io/FileNotFoundException'> (0x00000000d5ed2e30) thrown at [C:\re\workspace\8-2-build-windows-amd64-cygwin\jdk8u121\8372\hotspot\src\share\vm\prims\jni.cpp, line 709]

Events (10 events):
Event: 5.852 loading class javax/swing/JInternalFrame done
Event: 5.852 loading class javax/swing/KeyboardManager
Event: 5.853 loading class javax/swing/KeyboardManager done
Event: 5.853 loading class javax/swing/Popup$HeavyWeightWindow
Event: 5.853 loading class sun/awt/ModalExclude
Event: 5.853 loading class sun/awt/ModalExclude done
Event: 5.853 loading class javax/swing/JWindow
Event: 5.853 loading class javax/swing/JWindow done
Event: 5.853 loading class javax/swing/Popup$HeavyWeightWindow done
Event: 5.859 Thread 0x000000001a797000 Thread exited: 0x000000001a797000


Dynamic libraries:
0x00007ff6bd430000 - 0x00007ff6bd467000 	C:\Program Files\Java\jdk1.8.0_121\bin\java.exe
0x00007ff93c4a0000 - 0x00007ff93c671000 	C:\Windows\SYSTEM32\ntdll.dll
0x00007ff93b950000 - 0x00007ff93b9fb000 	C:\Windows\System32\KERNEL32.DLL
0x00007ff939160000 - 0x00007ff93937d000 	C:\Windows\System32\KERNELBASE.dll
0x00007ff93a250000 - 0x00007ff93a2f2000 	C:\Windows\System32\ADVAPI32.dll
0x00007ff93c270000 - 0x00007ff93c30e000 	C:\Windows\System32\msvcrt.dll
0x00007ff93bd60000 - 0x00007ff93bdb9000 	C:\Windows\System32\sechost.dll
0x00007ff939a60000 - 0x00007ff939b81000 	C:\Windows\System32\RPCRT4.dll
0x00007ff939e80000 - 0x00007ff939fe5000 	C:\Windows\System32\USER32.dll
0x00007ff939840000 - 0x00007ff93985e000 	C:\Windows\System32\win32u.dll
0x00007ff93c460000 - 0x00007ff93c494000 	C:\Windows\System32\GDI32.dll
0x00007ff939380000 - 0x00007ff939502000 	C:\Windows\System32\gdi32full.dll
0x00007ff92fa60000 - 0x00007ff92fcda000 	C:\Windows\WinSxS\amd64_microsoft.windows.common-controls_6595b64144ccf1df_6.0.14393.953_none_42151e83c686086b\COMCTL32.dll
0x00007ff939b90000 - 0x00007ff939e58000 	C:\Windows\System32\combase.dll
0x00007ff9396d0000 - 0x00007ff9397c5000 	C:\Windows\System32\ucrtbase.dll
0x00007ff9397d0000 - 0x00007ff93983a000 	C:\Windows\System32\bcryptPrimitives.dll
0x00007ff939a30000 - 0x00007ff939a5e000 	C:\Windows\System32\IMM32.DLL
0x0000000056380000 - 0x0000000056452000 	C:\Program Files\Java\jdk1.8.0_121\jre\bin\msvcr100.dll
0x0000000056460000 - 0x0000000056cfb000 	C:\Program Files\Java\jdk1.8.0_121\jre\bin\server\jvm.dll
0x00007ff93c450000 - 0x00007ff93c458000 	C:\Windows\System32\PSAPI.DLL
0x00007ff9234f0000 - 0x00007ff9234f9000 	C:\Windows\SYSTEM32\WSOCK32.dll
0x00007ff9366e0000 - 0x00007ff936703000 	C:\Windows\SYSTEM32\WINMM.dll
0x00007ff930ff0000 - 0x00007ff930ffa000 	C:\Windows\SYSTEM32\VERSION.dll
0x00007ff93c1f0000 - 0x00007ff93c25a000 	C:\Windows\System32\WS2_32.dll
0x00000000012c0000 - 0x00000000012eb000 	C:\Windows\SYSTEM32\WINMMBASE.dll
0x00007ff939110000 - 0x00007ff939152000 	C:\Windows\System32\cfgmgr32.dll
0x0000000056330000 - 0x000000005633f000 	C:\Program Files\Java\jdk1.8.0_121\jre\bin\verify.dll
0x0000000056300000 - 0x0000000056329000 	C:\Program Files\Java\jdk1.8.0_121\jre\bin\java.dll
0x00000000562e0000 - 0x00000000562f6000 	C:\Program Files\Java\jdk1.8.0_121\jre\bin\zip.dll
0x00007ff93a300000 - 0x00007ff93b809000 	C:\Windows\System32\SHELL32.dll
0x00007ff938a30000 - 0x00007ff93910a000 	C:\Windows\System32\windows.storage.dll
0x00007ff938920000 - 0x00007ff93896c000 	C:\Windows\System32\powrprof.dll
0x00007ff93b880000 - 0x00007ff93b8d2000 	C:\Windows\System32\shlwapi.dll
0x00007ff938970000 - 0x00007ff93897f000 	C:\Windows\System32\kernel.appcore.dll
0x00007ff939510000 - 0x00007ff9395b9000 	C:\Windows\System32\shcore.dll
0x00007ff938900000 - 0x00007ff938914000 	C:\Windows\System32\profapi.dll
0x0000000056100000 - 0x0000000056298000 	C:\Program Files\Java\jdk1.8.0_121\jre\bin\awt.dll
0x00007ff939ff0000 - 0x00007ff93a0af000 	C:\Windows\System32\OLEAUT32.dll
0x00007ff938990000 - 0x00007ff938a2c000 	C:\Windows\System32\msvcp_win.dll
0x00007ff936de0000 - 0x00007ff936e5a000 	C:\Windows\SYSTEM32\apphelp.dll
0x00007ff9360e0000 - 0x00007ff936106000 	C:\Windows\system32\DWMAPI.DLL
0x00007ff937080000 - 0x00007ff937115000 	C:\Windows\system32\uxtheme.dll
0x00007ff92aec0000 - 0x00007ff92afe3000 	C:\Windows\system32\opengl32.dll
0x00007ff92cdf0000 - 0x00007ff92ce1d000 	C:\Windows\SYSTEM32\GLU32.dll
0x00007ff929230000 - 0x00007ff929327000 	C:\Windows\SYSTEM32\DDRAW.dll
0x00007ff935f00000 - 0x00007ff935f08000 	C:\Windows\SYSTEM32\DCIMAN32.dll
0x00007ff93ba00000 - 0x00007ff93bb5a000 	C:\Windows\System32\MSCTF.dll
0x00007ff93c310000 - 0x00007ff93c447000 	C:\Windows\System32\ole32.dll
0x00007ff91be80000 - 0x00007ff91c00d000 	C:\Windows\system32\d3d9.dll
0x00007ff9293a0000 - 0x00007ff9293fa000 	C:\Windows\SYSTEM32\vm3dum64.dll
0x00007ff935b30000 - 0x00007ff935cc2000 	C:\Windows\SYSTEM32\dbghelp.dll
0x00000000560b0000 - 0x00000000560f7000 	C:\Program Files\Java\jdk1.8.0_121\jre\bin\fontmanager.dll
0x00000000562c0000 - 0x00000000562da000 	C:\Program Files\Java\jdk1.8.0_121\jre\bin\net.dll
0x00007ff938230000 - 0x00007ff93828c000 	C:\Windows\system32\mswsock.dll
0x00000000562a0000 - 0x00000000562b1000 	C:\Program Files\Java\jdk1.8.0_121\jre\bin\nio.dll
0x0000000056060000 - 0x00000000560a2000 	C:\Program Files\Java\jdk1.8.0_121\jre\bin\t2k.dll
0x00007ff93bbc0000 - 0x00007ff93bc5f000 	C:\Windows\System32\clbcatq.dll
0x00007ff935980000 - 0x00007ff935b28000 	C:\Windows\SYSTEM32\WindowsCodecs.dll
0x00007ff926450000 - 0x00007ff926499000 	C:\Windows\system32\dataexchange.dll
0x00007ff9350b0000 - 0x00007ff935366000 	C:\Windows\system32\d3d11.dll
0x00007ff936800000 - 0x00007ff936951000 	C:\Windows\system32\dcomp.dll
0x00007ff937880000 - 0x00007ff93791f000 	C:\Windows\system32\dxgi.dll
0x00007ff937350000 - 0x00007ff93746c000 	C:\Windows\system32\twinapi.appcore.dll
0x00007ff9384e0000 - 0x00007ff93850b000 	C:\Windows\system32\bcrypt.dll
0x0000000056020000 - 0x000000005604a000 	C:\Program Files\Java\jdk1.8.0_121\jre\bin\dcpr.dll
0x0000000180000000 - 0x0000000180025000 	C:\Users\Dev10\Documents\Porject\RP6-Groep-9\Gui (java)\RP6 GUI\libs\native\Windows\win64\rxtxSerial.dll

VM Arguments:
jvm_args: -Dfile.encoding=UTF-8 -Djava.library.path=libs\native\Windows\win64 
java_command: rp6.gui.RP6GUI
java_class_path (initial): C:\Users\Dev10\Documents\Porject\RP6-Groep-9\Gui (java)\RP6 GUI\libs\rxtx-2.2.jar;C:\Users\Dev10\Documents\Porject\RP6-Groep-9\Gui (java)\RP6 GUI\libs\slf4j-api-1.7.12.jar;C:\Users\Dev10\Documents\Porject\RP6-Groep-9\Gui (java)\RP6 GUI\libs\slf4j-nop-1.7.12.jar;C:\Users\Dev10\Documents\Porject\RP6-Groep-9\Gui (java)\RP6 GUI\libs\xbee-java-library-1.2.0.jar;C:\Users\Dev10\Documents\Porject\RP6-Groep-9\Gui (java)\RP6 GUI\build\classes
Launcher Type: SUN_STANDARD

Environment Variables:
PATH=C:\ProgramData\Oracle\Java\javapath;C:\Windows\system32;C:\Windows;C:\Windows\System32\Wbem;C:\Windows\System32\WindowsPowerShell\v1.0\;C:\cygwin64\bin;C:\Users\Dev10\AppData\Local\Microsoft\WindowsApps;
USERNAME=Dev10
OS=Windows_NT
PROCESSOR_IDENTIFIER=Intel64 Family 6 Model 94 Stepping 3, GenuineIntel



---------------  S Y S T E M  ---------------

OS: Windows 10.0 , 64 bit Build 14393 (10.0.14393.0)

CPU:total 6 (6 cores per cpu, 1 threads per core) family 6 model 94 stepping 3, cmov, cx8, fxsr, mmx, sse, sse2, sse3, ssse3, sse4.1, sse4.2, popcnt, avx, avx2, aes, clmul, erms, rtm, 3dnowpref, lzcnt, tsc, tscinvbit, bmi1, bmi2, adx

Memory: 4k page, physical 8388084k(4792264k free), swap 9698804k(5852932k free)

vm_info: Java HotSpot(TM) 64-Bit Server VM (25.121-b13) for windows-amd64 JRE (1.8.0_121-b13), built on Dec 12 2016 18:21:36 by "java_re" with MS VC++ 10.0 (VS2010)

time: Wed Mar 29 14:24:57 2017
elapsed time: 5 seconds (0d 0h 0m 5s)

