#
# A fatal error has been detected by the Java Runtime Environment:
#
#  EXCEPTION_ACCESS_VIOLATION (0xc0000005) at pc=0x0000000180005156, pid=4396, tid=0x0000000000001108
#
# JRE version: Java(TM) SE Runtime Environment (8.0_121-b13) (build 1.8.0_121-b13)
# Java VM: Java HotSpot(TM) 64-Bit Server VM (25.121-b13 mixed mode windows-amd64 compressed oops)
# Problematic frame:
# C  [rxtxSerial.dll+0x5156]
#
# Failed to write core dump. Minidumps are not enabled by default on client versions of Windows
#
# If you would like to submit a bug report, please visit:
#   http://bugreport.java.com/bugreport/crash.jsp
# The crash happened outside the Java Virtual Machine in native code.
# See problematic frame for where to report the bug.
#

---------------  T H R E A D  ---------------

Current thread (0x000000001ad62800):  JavaThread "Thread-37" [_thread_in_native, id=4360, stack(0x000000004f9e0000,0x000000004fae0000)]

siginfo: ExceptionCode=0xc0000005, reading address 0x000000004f9df228

Registers:
RAX=0x000000004f9df220, RBX=0x0000000000000001, RCX=0x000000018001d4d5, RDX=0xfffffffffffff665
RSP=0x000000004fadf0f0, RBP=0x000000001ad629f8, RSI=0x0000000000000000, RDI=0x0000000000000000
R8 =0x0000000000000002, R9 =0xfffffffffffff63c, R10=0x000000000000016c, R11=0x8101010101010100
R12=0x000000004f9df220, R13=0x00000000039179a4, R14=0x000000004fadf210, R15=0x000000000000000a
RIP=0x0000000180005156, EFLAGS=0x0000000000010202

Top of Stack: (sp=0x000000004fadf0f0)
0x000000004fadf0f0:   000000004fadf1d0 000000001ad629f8
0x000000004fadf100:   0000000000000000 0000000000000000
0x000000004fadf110:   000000001ad62800 0000000000000001
0x000000004fadf120:   000000001b234580 0000000000000000
0x000000004fadf130:   0000000000000000 000000005de3ce1c
0x000000004fadf140:   000000001ad62800 000000005de9cbf3
0x000000004fadf150:   00000000fffffffd 000000001a48a610
0x000000004fadf160:   0000aec8878643de 000000005e049b6c
0x000000004fadf170:   000000001ad62800 000000004fadf210
0x000000004fadf180:   00000000039179a4 0000000000000000
0x000000004fadf190:   00000001000b0fa8 00000000d68400e0
0x000000004fadf1a0:   000000004fadf210 00000000036a9db9
0x000000004fadf1b0:   000000004fadf1b0 0000000017ce0830
0x000000004fadf1c0:   000000001b877260 0000000017ce0be0
0x000000004fadf1d0:   00000000d68400e0 0000000017ce08a8
0x000000004fadf1e0:   0000000000000000 000000004fadf220 

Instructions: (pc=0x0000000180005156)
0x0000000180005136:   8d 05 d4 79 01 00 48 8b d3 48 8b cd 44 8b f8 89
0x0000000180005146:   7c 24 24 8b f7 e8 c0 e6 ff ff 8d 5f 01 4c 63 e0
0x0000000180005156:   45 8b 74 24 08 41 89 7c 24 08 45 85 ff 78 0b ff
0x0000000180005166:   15 95 1e 01 00 89 44 24 24 90 8b ce ff c6 83 f9 


Register to memory mapping:

RAX=0x000000004f9df220 is an unknown value
RBX=0x0000000000000001 is an unknown value
RCX=0x000000018001d4d5 is an unknown value
RDX=0xfffffffffffff665 is an unknown value
RSP=0x000000004fadf0f0 is pointing into the stack for thread: 0x000000001ad62800
RBP=0x000000001ad629f8 is an unknown value
RSI=0x0000000000000000 is an unknown value
RDI=0x0000000000000000 is an unknown value
R8 =0x0000000000000002 is an unknown value
R9 =0xfffffffffffff63c is an unknown value
R10=0x000000000000016c is an unknown value
R11=0x8101010101010100 is an unknown value
R12=0x000000004f9df220 is an unknown value
R13=0x00000000039179a4 is at entry_point+580 in (nmethod*)0x0000000003917550
R14=0x000000004fadf210 is pointing into the stack for thread: 0x000000001ad62800
R15=0x000000000000000a is an unknown value


Stack: [0x000000004f9e0000,0x000000004fae0000],  sp=0x000000004fadf0f0,  free space=1020k
Native frames: (J=compiled Java code, j=interpreted, Vv=VM code, C=native code)
C  [rxtxSerial.dll+0x5156]
C  0x00000000036a9db9

Java frames: (J=compiled Java code, j=interpreted, Vv=VM code)
J 1091  gnu.io.RXTXPort.readByte()I (0 bytes) @ 0x00000000036a9d3b [0x00000000036a9d00+0x3b]
J 1835 C1 gnu.io.RXTXPort$SerialInputStream.read()I (167 bytes) @ 0x0000000003917d5c [0x0000000003917760+0x5fc]
J 1779 C2 com.digi.xbee.api.packet.XBeePacketParser.readByte(Ljava/io/InputStream;Lcom/digi/xbee/api/models/OperatingMode;)I (138 bytes) @ 0x0000000003900a78 [0x0000000003900a00+0x78]
J 1599 C1 com.digi.xbee.api.packet.XBeePacketParser.parsePacket(Ljava/io/InputStream;Lcom/digi/xbee/api/models/OperatingMode;)Lcom/digi/xbee/api/packet/XBeePacket; (209 bytes) @ 0x0000000003838dd4 [0x0000000003838ae0+0x2f4]
j  com.digi.xbee.api.connection.DataReader.run()V+179
v  ~StubRoutines::call_stub

---------------  P R O C E S S  ---------------

Java Threads: ( => current thread )
=>0x000000001ad62800 JavaThread "Thread-37" [_thread_in_native, id=4360, stack(0x000000004f9e0000,0x000000004fae0000)]
  0x000000001ad44000 JavaThread "TimerQueue" daemon [_thread_blocked, id=4412, stack(0x000000001e140000,0x000000001e240000)]
  0x000000001ad2f800 JavaThread "D3D Screen Updater" daemon [_thread_blocked, id=996, stack(0x000000001da10000,0x000000001db10000)]
  0x0000000003280800 JavaThread "DestroyJavaVM" [_thread_blocked, id=2244, stack(0x0000000003180000,0x0000000003280000)]
  0x000000001acda800 JavaThread "AWT-EventQueue-0" [_thread_in_native, id=5728, stack(0x000000001d090000,0x000000001d190000)]
  0x000000001abeb800 JavaThread "AWT-Windows" daemon [_thread_in_native, id=5184, stack(0x000000001bfa0000,0x000000001c0a0000)]
  0x000000001abcf800 JavaThread "AWT-Shutdown" [_thread_blocked, id=5856, stack(0x000000001bea0000,0x000000001bfa0000)]
  0x000000001abce800 JavaThread "Java2D Disposer" daemon [_thread_blocked, id=2696, stack(0x000000001bda0000,0x000000001bea0000)]
  0x000000001a1ce800 JavaThread "Service Thread" daemon [_thread_blocked, id=3640, stack(0x000000001a550000,0x000000001a650000)]
  0x00000000181e5800 JavaThread "C1 CompilerThread2" daemon [_thread_blocked, id=1184, stack(0x000000001a050000,0x000000001a150000)]
  0x00000000181e3000 JavaThread "C2 CompilerThread1" daemon [_thread_blocked, id=4284, stack(0x0000000019f50000,0x000000001a050000)]
  0x00000000181e0800 JavaThread "C2 CompilerThread0" daemon [_thread_blocked, id=2260, stack(0x0000000019e50000,0x0000000019f50000)]
  0x00000000181db800 JavaThread "Attach Listener" daemon [_thread_blocked, id=3668, stack(0x0000000019d50000,0x0000000019e50000)]
  0x00000000181ea000 JavaThread "Signal Dispatcher" daemon [_thread_blocked, id=1036, stack(0x0000000019c50000,0x0000000019d50000)]
  0x000000000337c000 JavaThread "Finalizer" daemon [_thread_blocked, id=3324, stack(0x0000000019a50000,0x0000000019b50000)]
  0x0000000003372800 JavaThread "Reference Handler" daemon [_thread_blocked, id=6088, stack(0x0000000019950000,0x0000000019a50000)]

Other Threads:
  0x00000000181a7800 VMThread [stack: 0x0000000019850000,0x0000000019950000] [id=4848]
  0x000000001a1f4800 WatcherThread [stack: 0x000000001aa10000,0x000000001ab10000] [id=4788]

VM state:not at safepoint (normal execution)

VM Mutex/Monitor currently owned by a thread: None

Heap:
 PSYoungGen      total 38400K, used 24929K [0x00000000d5580000, 0x00000000d8000000, 0x0000000100000000)
  eden space 33280K, 68% used [0x00000000d5580000,0x00000000d6ba0478,0x00000000d7600000)
  from space 5120K, 44% used [0x00000000d7b00000,0x00000000d7d38020,0x00000000d8000000)
  to   space 5120K, 0% used [0x00000000d7600000,0x00000000d7600000,0x00000000d7b00000)
 ParOldGen       total 87552K, used 40K [0x0000000080000000, 0x0000000085580000, 0x00000000d5580000)
  object space 87552K, 0% used [0x0000000080000000,0x000000008000a000,0x0000000085580000)
 Metaspace       used 12970K, capacity 13214K, committed 13440K, reserved 1060864K
  class space    used 1563K, capacity 1646K, committed 1664K, reserved 1048576K

Card table byte_map: [0x0000000012740000,0x0000000012b50000] byte_map_base: 0x0000000012340000

Marking Bits: (ParMarkBitMap*) 0x000000005e41b6d0
 Begin Bits: [0x0000000013400000, 0x0000000015400000)
 End Bits:   [0x0000000015400000, 0x0000000017400000)

Polling page: 0x0000000001380000

CodeCache: size=245760Kb used=5752Kb max_used=5763Kb free=240007Kb
 bounds [0x0000000003380000, 0x0000000003930000, 0x0000000012380000]
 total_blobs=2254 nmethods=1765 adapters=401
 compilation: enabled

Compilation events (10 events):
Event: 58.809 Thread 0x00000000181e5800 1849       3       javax.swing.text.SegmentCache::getSharedSegment (7 bytes)
Event: 58.809 Thread 0x00000000181e5800 nmethod 1849 0x00000000039211d0 code [0x0000000003921340, 0x0000000003921508]
Event: 58.809 Thread 0x00000000181e5800 1850   !   3       javax.swing.text.SegmentCache::getSegment (55 bytes)
Event: 58.810 Thread 0x00000000181e5800 nmethod 1850 0x0000000003922ad0 code [0x0000000003922c80, 0x0000000003923448]
Event: 58.810 Thread 0x00000000181e5800 1851       3       javax.swing.text.AbstractDocument::getText (28 bytes)
Event: 58.810 Thread 0x00000000181e5800 nmethod 1851 0x0000000003923750 code [0x00000000039238e0, 0x0000000003923b58]
Event: 59.059 Thread 0x00000000181e3000 1853       4       java.nio.Buffer::<init> (121 bytes)
Event: 59.060 Thread 0x00000000181e3000 nmethod 1853 0x0000000003926a90 code [0x0000000003926be0, 0x0000000003926d98]
Event: 59.273 Thread 0x00000000181e5800 1854       3       sun.java2d.SunGraphics2D::setClip (14 bytes)
Event: 59.273 Thread 0x00000000181e5800 nmethod 1854 0x0000000003926590 code [0x0000000003926700, 0x00000000039269d8]

GC Heap History (8 events):
Event: 15.624 GC heap before
{Heap before GC invocations=1 (full 0):
 PSYoungGen      total 38400K, used 33280K [0x00000000d5580000, 0x00000000d8000000, 0x0000000100000000)
  eden space 33280K, 100% used [0x00000000d5580000,0x00000000d7600000,0x00000000d7600000)
  from space 5120K, 0% used [0x00000000d7b00000,0x00000000d7b00000,0x00000000d8000000)
  to   space 5120K, 0% used [0x00000000d7600000,0x00000000d7600000,0x00000000d7b00000)
 ParOldGen       total 87552K, used 0K [0x0000000080000000, 0x0000000085580000, 0x00000000d5580000)
  object space 87552K, 0% used [0x0000000080000000,0x0000000080000000,0x0000000085580000)
 Metaspace       used 12367K, capacity 12606K, committed 12672K, reserved 1060864K
  class space    used 1546K, capacity 1614K, committed 1664K, reserved 1048576K
Event: 15.628 GC heap after
Heap after GC invocations=1 (full 0):
 PSYoungGen      total 38400K, used 2721K [0x00000000d5580000, 0x00000000d8000000, 0x0000000100000000)
  eden space 33280K, 0% used [0x00000000d5580000,0x00000000d5580000,0x00000000d7600000)
  from space 5120K, 53% used [0x00000000d7600000,0x00000000d78a8548,0x00000000d7b00000)
  to   space 5120K, 0% used [0x00000000d7b00000,0x00000000d7b00000,0x00000000d8000000)
 ParOldGen       total 87552K, used 16K [0x0000000080000000, 0x0000000085580000, 0x00000000d5580000)
  object space 87552K, 0% used [0x0000000080000000,0x0000000080004000,0x0000000085580000)
 Metaspace       used 12367K, capacity 12606K, committed 12672K, reserved 1060864K
  class space    used 1546K, capacity 1614K, committed 1664K, reserved 1048576K
}
Event: 24.215 GC heap before
{Heap before GC invocations=2 (full 0):
 PSYoungGen      total 38400K, used 36001K [0x00000000d5580000, 0x00000000d8000000, 0x0000000100000000)
  eden space 33280K, 100% used [0x00000000d5580000,0x00000000d7600000,0x00000000d7600000)
  from space 5120K, 53% used [0x00000000d7600000,0x00000000d78a8548,0x00000000d7b00000)
  to   space 5120K, 0% used [0x00000000d7b00000,0x00000000d7b00000,0x00000000d8000000)
 ParOldGen       total 87552K, used 16K [0x0000000080000000, 0x0000000085580000, 0x00000000d5580000)
  object space 87552K, 0% used [0x0000000080000000,0x0000000080004000,0x0000000085580000)
 Metaspace       used 12712K, capacity 12894K, committed 12928K, reserved 1060864K
  class space    used 1563K, capacity 1646K, committed 1664K, reserved 1048576K
Event: 24.221 GC heap after
Heap after GC invocations=2 (full 0):
 PSYoungGen      total 38400K, used 2160K [0x00000000d5580000, 0x00000000d8000000, 0x0000000100000000)
  eden space 33280K, 0% used [0x00000000d5580000,0x00000000d5580000,0x00000000d7600000)
  from space 5120K, 42% used [0x00000000d7b00000,0x00000000d7d1c010,0x00000000d8000000)
  to   space 5120K, 0% used [0x00000000d7600000,0x00000000d7600000,0x00000000d7b00000)
 ParOldGen       total 87552K, used 24K [0x0000000080000000, 0x0000000085580000, 0x00000000d5580000)
  object space 87552K, 0% used [0x0000000080000000,0x0000000080006000,0x0000000085580000)
 Metaspace       used 12712K, capacity 12894K, committed 12928K, reserved 1060864K
  class space    used 1563K, capacity 1646K, committed 1664K, reserved 1048576K
}
Event: 35.196 GC heap before
{Heap before GC invocations=3 (full 0):
 PSYoungGen      total 38400K, used 35440K [0x00000000d5580000, 0x00000000d8000000, 0x0000000100000000)
  eden space 33280K, 100% used [0x00000000d5580000,0x00000000d7600000,0x00000000d7600000)
  from space 5120K, 42% used [0x00000000d7b00000,0x00000000d7d1c010,0x00000000d8000000)
  to   space 5120K, 0% used [0x00000000d7600000,0x00000000d7600000,0x00000000d7b00000)
 ParOldGen       total 87552K, used 24K [0x0000000080000000, 0x0000000085580000, 0x00000000d5580000)
  object space 87552K, 0% used [0x0000000080000000,0x0000000080006000,0x0000000085580000)
 Metaspace       used 12849K, capacity 13086K, committed 13184K, reserved 1060864K
  class space    used 1563K, capacity 1646K, committed 1664K, reserved 1048576K
Event: 35.199 GC heap after
Heap after GC invocations=3 (full 0):
 PSYoungGen      total 38400K, used 2224K [0x00000000d5580000, 0x00000000d8000000, 0x0000000100000000)
  eden space 33280K, 0% used [0x00000000d5580000,0x00000000d5580000,0x00000000d7600000)
  from space 5120K, 43% used [0x00000000d7600000,0x00000000d782c010,0x00000000d7b00000)
  to   space 5120K, 0% used [0x00000000d7b00000,0x00000000d7b00000,0x00000000d8000000)
 ParOldGen       total 87552K, used 32K [0x0000000080000000, 0x0000000085580000, 0x00000000d5580000)
  object space 87552K, 0% used [0x0000000080000000,0x0000000080008000,0x0000000085580000)
 Metaspace       used 12849K, capacity 13086K, committed 13184K, reserved 1060864K
  class space    used 1563K, capacity 1646K, committed 1664K, reserved 1048576K
}
Event: 49.242 GC heap before
{Heap before GC invocations=4 (full 0):
 PSYoungGen      total 38400K, used 35504K [0x00000000d5580000, 0x00000000d8000000, 0x0000000100000000)
  eden space 33280K, 100% used [0x00000000d5580000,0x00000000d7600000,0x00000000d7600000)
  from space 5120K, 43% used [0x00000000d7600000,0x00000000d782c010,0x00000000d7b00000)
  to   space 5120K, 0% used [0x00000000d7b00000,0x00000000d7b00000,0x00000000d8000000)
 ParOldGen       total 87552K, used 32K [0x0000000080000000, 0x0000000085580000, 0x00000000d5580000)
  object space 87552K, 0% used [0x0000000080000000,0x0000000080008000,0x0000000085580000)
 Metaspace       used 12951K, capacity 13150K, committed 13184K, reserved 1060864K
  class space    used 1563K, capacity 1646K, committed 1664K, reserved 1048576K
Event: 49.245 GC heap after
Heap after GC invocations=4 (full 0):
 PSYoungGen      total 38400K, used 2272K [0x00000000d5580000, 0x00000000d8000000, 0x0000000100000000)
  eden space 33280K, 0% used [0x00000000d5580000,0x00000000d5580000,0x00000000d7600000)
  from space 5120K, 44% used [0x00000000d7b00000,0x00000000d7d38020,0x00000000d8000000)
  to   space 5120K, 0% used [0x00000000d7600000,0x00000000d7600000,0x00000000d7b00000)
 ParOldGen       total 87552K, used 40K [0x0000000080000000, 0x0000000085580000, 0x00000000d5580000)
  object space 87552K, 0% used [0x0000000080000000,0x000000008000a000,0x0000000085580000)
 Metaspace       used 12951K, capacity 13150K, committed 13184K, reserved 1060864K
  class space    used 1563K, capacity 1646K, committed 1664K, reserved 1048576K
}

Deoptimization events (9 events):
Event: 0.189 Thread 0x0000000003280800 Uncommon trap: reason=null_check action=make_not_entrant pc=0x00000000034ea4b8 method=java.lang.String.equals(Ljava/lang/Object;)Z @ 8
Event: 0.961 Thread 0x0000000003280800 Uncommon trap: reason=unstable_if action=reinterpret pc=0x0000000003512468 method=java.lang.String.startsWith(Ljava/lang/String;I)Z @ 25
Event: 0.964 Thread 0x0000000003280800 Uncommon trap: reason=unstable_if action=reinterpret pc=0x0000000003549950 method=java.lang.AbstractStringBuilder.append(Ljava/lang/String;)Ljava/lang/AbstractStringBuilder; @ 1
Event: 12.269 Thread 0x000000001acda800 Uncommon trap: reason=class_check action=maybe_recompile pc=0x0000000003511d28 method=java.lang.String.equals(Ljava/lang/Object;)Z @ 8
Event: 12.369 Thread 0x000000001acda800 Uncommon trap: reason=class_check action=maybe_recompile pc=0x0000000003511d28 method=java.lang.String.equals(Ljava/lang/Object;)Z @ 8
Event: 12.369 Thread 0x000000001acda800 Uncommon trap: reason=class_check action=maybe_recompile pc=0x0000000003511d28 method=java.lang.String.equals(Ljava/lang/Object;)Z @ 8
Event: 12.369 Thread 0x000000001acda800 Uncommon trap: reason=class_check action=maybe_recompile pc=0x0000000003511d28 method=java.lang.String.equals(Ljava/lang/Object;)Z @ 8
Event: 14.794 Thread 0x000000001a4be800 Uncommon trap: reason=unstable_if action=reinterpret pc=0x0000000003494c70 method=java.lang.String.charAt(I)C @ 10
Event: 55.560 Thread 0x000000001ad63800 Uncommon trap: reason=unstable_if action=reinterpret pc=0x00000000038dc174 method=gnu.io.RXTXPort$SerialInputStream.read()I @ 25

Internal exceptions (10 events):
Event: 0.089 Thread 0x0000000003280800 Exception <a 'java/security/PrivilegedActionException'> (0x00000000d56d4ac0) thrown at [C:\re\workspace\8-2-build-windows-amd64-cygwin\jdk8u121\8372\hotspot\src\share\vm\prims\jvm.cpp, line 1390]
Event: 0.089 Thread 0x0000000003280800 Exception <a 'java/security/PrivilegedActionException'> (0x00000000d56d4cd0) thrown at [C:\re\workspace\8-2-build-windows-amd64-cygwin\jdk8u121\8372\hotspot\src\share\vm\prims\jvm.cpp, line 1390]
Event: 0.094 Thread 0x0000000003280800 Exception <a 'java/io/FileNotFoundException'> (0x00000000d56dd408) thrown at [C:\re\workspace\8-2-build-windows-amd64-cygwin\jdk8u121\8372\hotspot\src\share\vm\prims\jni.cpp, line 709]
Event: 0.127 Thread 0x0000000003280800 Exception <a 'java/lang/NoSuchFieldError': method resolution failed> (0x00000000d57aa7f8) thrown at [C:\re\workspace\8-2-build-windows-amd64-cygwin\jdk8u121\8372\hotspot\src\share\vm\prims\methodHandles.cpp, line 1146]
Event: 0.128 Thread 0x0000000003280800 Exception <a 'java/lang/NoSuchFieldError': method resolution failed> (0x00000000d57b7b48) thrown at [C:\re\workspace\8-2-build-windows-amd64-cygwin\jdk8u121\8372\hotspot\src\share\vm\prims\methodHandles.cpp, line 1146]
Event: 0.189 Thread 0x0000000003280800 Implicit null exception at 0x00000000034ea2e2 to 0x00000000034ea4a9
Event: 0.191 Thread 0x0000000003280800 Exception <a 'java/io/FileNotFoundException'> (0x00000000d598af78) thrown at [C:\re\workspace\8-2-build-windows-amd64-cygwin\jdk8u121\8372\hotspot\src\share\vm\prims\jni.cpp, line 709]
Event: 0.420 Thread 0x0000000003280800 Exception <a 'java/io/FileNotFoundException'> (0x00000000d59a16f0) thrown at [C:\re\workspace\8-2-build-windows-amd64-cygwin\jdk8u121\8372\hotspot\src\share\vm\prims\jni.cpp, line 709]
Event: 0.911 Thread 0x0000000003280800 Exception <a 'java/io/FileNotFoundException'> (0x00000000d61e2440) thrown at [C:\re\workspace\8-2-build-windows-amd64-cygwin\jdk8u121\8372\hotspot\src\share\vm\prims\jni.cpp, line 709]
Event: 0.964 Thread 0x0000000003280800 Implicit null exception at 0x0000000003549596 to 0x0000000003549939

Events (10 events):
Event: 59.059 Thread 0x000000001ad5f800 Thread exited: 0x000000001ad5f800
Event: 59.105 Thread 0x000000001ad61000 Thread added: 0x000000001ad61000
Event: 59.105 Thread 0x000000001ad61000 Thread exited: 0x000000001ad61000
Event: 59.167 Thread 0x000000001ad63800 Thread added: 0x000000001ad63800
Event: 59.168 Thread 0x000000001ad63800 Thread exited: 0x000000001ad63800
Event: 59.230 Thread 0x000000001ad5f800 Thread added: 0x000000001ad5f800
Event: 59.230 Thread 0x000000001ad5f800 Thread exited: 0x000000001ad5f800
Event: 59.300 Thread 0x000000001ad66800 Thread added: 0x000000001ad66800
Event: 59.301 Thread 0x000000001ad66800 Thread exited: 0x000000001ad66800
Event: 59.358 Thread 0x000000001ad62000 Thread exited: 0x000000001ad62000


Dynamic libraries:
0x00007ff79eba0000 - 0x00007ff79ebd7000 	C:\Program Files\Java\jdk1.8.0_121\bin\java.exe
0x00007ffdd1bf0000 - 0x00007ffdd1dc1000 	C:\Windows\SYSTEM32\ntdll.dll
0x00007ffdd00e0000 - 0x00007ffdd018b000 	C:\Windows\System32\KERNEL32.DLL
0x00007ffdce0e0000 - 0x00007ffdce2fd000 	C:\Windows\System32\KERNELBASE.dll
0x00007ffdcfac0000 - 0x00007ffdcfb62000 	C:\Windows\System32\ADVAPI32.dll
0x00007ffdcfbe0000 - 0x00007ffdcfc7e000 	C:\Windows\System32\msvcrt.dll
0x00007ffdcf7c0000 - 0x00007ffdcf819000 	C:\Windows\System32\sechost.dll
0x00007ffdcf4f0000 - 0x00007ffdcf611000 	C:\Windows\System32\RPCRT4.dll
0x00007ffdcf310000 - 0x00007ffdcf475000 	C:\Windows\System32\USER32.dll
0x00007ffdced60000 - 0x00007ffdced7e000 	C:\Windows\System32\win32u.dll
0x00007ffdcf620000 - 0x00007ffdcf654000 	C:\Windows\System32\GDI32.dll
0x00007ffdceed0000 - 0x00007ffdcf052000 	C:\Windows\System32\gdi32full.dll
0x00007ffdc2c00000 - 0x00007ffdc2e7a000 	C:\Windows\WinSxS\amd64_microsoft.windows.common-controls_6595b64144ccf1df_6.0.14393.953_none_42151e83c686086b\COMCTL32.dll
0x00007ffdd17e0000 - 0x00007ffdd1aa8000 	C:\Windows\System32\combase.dll
0x00007ffdcec60000 - 0x00007ffdced55000 	C:\Windows\System32\ucrtbase.dll
0x00007ffdcf060000 - 0x00007ffdcf0ca000 	C:\Windows\System32\bcryptPrimitives.dll
0x00007ffdd00b0000 - 0x00007ffdd00de000 	C:\Windows\System32\IMM32.DLL
0x000000005db20000 - 0x000000005dbf2000 	C:\Program Files\Java\jdk1.8.0_121\jre\bin\msvcr100.dll
0x000000005dc00000 - 0x000000005e49b000 	C:\Program Files\Java\jdk1.8.0_121\jre\bin\server\jvm.dll
0x00007ffdcf2a0000 - 0x00007ffdcf2a8000 	C:\Windows\System32\PSAPI.DLL
0x00007ffdb9970000 - 0x00007ffdb9979000 	C:\Windows\SYSTEM32\WSOCK32.dll
0x00007ffdcc2e0000 - 0x00007ffdcc303000 	C:\Windows\SYSTEM32\WINMM.dll
0x00007ffdc82c0000 - 0x00007ffdc82ca000 	C:\Windows\SYSTEM32\VERSION.dll
0x00007ffdcfb70000 - 0x00007ffdcfbda000 	C:\Windows\System32\WS2_32.dll
0x0000000001a00000 - 0x0000000001a2b000 	C:\Windows\SYSTEM32\WINMMBASE.dll
0x00007ffdce9e0000 - 0x00007ffdcea22000 	C:\Windows\System32\cfgmgr32.dll
0x000000005dad0000 - 0x000000005dadf000 	C:\Program Files\Java\jdk1.8.0_121\jre\bin\verify.dll
0x000000005daa0000 - 0x000000005dac9000 	C:\Program Files\Java\jdk1.8.0_121\jre\bin\java.dll
0x000000005da80000 - 0x000000005da96000 	C:\Program Files\Java\jdk1.8.0_121\jre\bin\zip.dll
0x00007ffdd0250000 - 0x00007ffdd1759000 	C:\Windows\System32\SHELL32.dll
0x00007ffdce300000 - 0x00007ffdce9da000 	C:\Windows\System32\windows.storage.dll
0x00007ffdce050000 - 0x00007ffdce09c000 	C:\Windows\System32\powrprof.dll
0x00007ffdcf480000 - 0x00007ffdcf4d2000 	C:\Windows\System32\shlwapi.dll
0x00007ffdce0d0000 - 0x00007ffdce0df000 	C:\Windows\System32\kernel.appcore.dll
0x00007ffdcee20000 - 0x00007ffdceec9000 	C:\Windows\System32\shcore.dll
0x00007ffdce0b0000 - 0x00007ffdce0c4000 	C:\Windows\System32\profapi.dll
0x000000005d8a0000 - 0x000000005da38000 	C:\Program Files\Java\jdk1.8.0_121\jre\bin\awt.dll
0x00007ffdcf180000 - 0x00007ffdcf23f000 	C:\Windows\System32\OLEAUT32.dll
0x00007ffdced80000 - 0x00007ffdcee1c000 	C:\Windows\System32\msvcp_win.dll
0x00007ffdcc530000 - 0x00007ffdcc5aa000 	C:\Windows\SYSTEM32\apphelp.dll
0x0000000180000000 - 0x0000000180025000 	C:\Users\Dev10\Documents\Porject\RP6-Groep-9\Gui (java)\RP6 GUI\libs\native\Windows\win64\rxtxSerial.dll
0x00007ffdcba90000 - 0x00007ffdcbab6000 	C:\Windows\system32\DWMAPI.DLL
0x00007ffdcc7d0000 - 0x00007ffdcc865000 	C:\Windows\system32\uxtheme.dll
0x00007ffdc2420000 - 0x00007ffdc2543000 	C:\Windows\system32\opengl32.dll
0x00007ffdc2320000 - 0x00007ffdc2417000 	C:\Windows\SYSTEM32\DDRAW.dll
0x00007ffdc86f0000 - 0x00007ffdc871d000 	C:\Windows\SYSTEM32\GLU32.dll
0x00007ffdc8690000 - 0x00007ffdc8698000 	C:\Windows\SYSTEM32\DCIMAN32.dll
0x00007ffdcf660000 - 0x00007ffdcf7ba000 	C:\Windows\System32\MSCTF.dll
0x00007ffdd1ab0000 - 0x00007ffdd1be7000 	C:\Windows\System32\ole32.dll
0x00007ffdc2070000 - 0x00007ffdc21fd000 	C:\Windows\system32\d3d9.dll
0x00007ffdc12c0000 - 0x00007ffdc131a000 	C:\Windows\SYSTEM32\vm3dum64.dll
0x00007ffdcb100000 - 0x00007ffdcb292000 	C:\Windows\SYSTEM32\dbghelp.dll
0x000000005d850000 - 0x000000005d897000 	C:\Program Files\Java\jdk1.8.0_121\jre\bin\fontmanager.dll
0x000000005da60000 - 0x000000005da7a000 	C:\Program Files\Java\jdk1.8.0_121\jre\bin\net.dll
0x00007ffdcd980000 - 0x00007ffdcd9dc000 	C:\Windows\system32\mswsock.dll
0x000000005da40000 - 0x000000005da51000 	C:\Program Files\Java\jdk1.8.0_121\jre\bin\nio.dll
0x000000005d800000 - 0x000000005d842000 	C:\Program Files\Java\jdk1.8.0_121\jre\bin\t2k.dll
0x00007ffdd01b0000 - 0x00007ffdd024f000 	C:\Windows\System32\clbcatq.dll
0x00007ffdcb330000 - 0x00007ffdcb4d8000 	C:\Windows\SYSTEM32\WindowsCodecs.dll
0x00007ffdbc910000 - 0x00007ffdbc959000 	C:\Windows\system32\dataexchange.dll
0x00007ffdcaac0000 - 0x00007ffdcad76000 	C:\Windows\system32\d3d11.dll
0x00007ffdcbc10000 - 0x00007ffdcbd61000 	C:\Windows\system32\dcomp.dll
0x00007ffdccfd0000 - 0x00007ffdcd06f000 	C:\Windows\system32\dxgi.dll
0x00007ffdccaa0000 - 0x00007ffdccbbc000 	C:\Windows\system32\twinapi.appcore.dll
0x00007ffdcdc30000 - 0x00007ffdcdc5b000 	C:\Windows\system32\bcrypt.dll
0x000000005d7c0000 - 0x000000005d7ea000 	C:\Program Files\Java\jdk1.8.0_121\jre\bin\dcpr.dll

VM Arguments:
jvm_args: -Dfile.encoding=UTF-8 -Djava.library.path=libs\native\Windows\win64 
java_command: rp6.gui.RP6GUI
java_class_path (initial): C:\Users\Dev10\Documents\Porject\RP6-Groep-9\Gui (java)\RP6 GUI\libs\rxtx-2.2.jar;C:\Users\Dev10\Documents\Porject\RP6-Groep-9\Gui (java)\RP6 GUI\libs\slf4j-api-1.7.12.jar;C:\Users\Dev10\Documents\Porject\RP6-Groep-9\Gui (java)\RP6 GUI\libs\slf4j-nop-1.7.12.jar;C:\Users\Dev10\Documents\Porject\RP6-Groep-9\Gui (java)\RP6 GUI\libs\xbee-java-library-1.2.0.jar;C:\Users\Dev10\Documents\Porject\RP6-Groep-9\Gui (java)\RP6 GUI\build\classes
Launcher Type: SUN_STANDARD

Environment Variables:
PATH=C:\ProgramData\Oracle\Java\javapath;C:\Windows\system32;C:\Windows;C:\Windows\System32\Wbem;C:\Windows\System32\WindowsPowerShell\v1.0\;C:\cygwin64\bin;C:\Users\Dev10\AppData\Local\Microsoft\WindowsApps;
USERNAME=Dev10
OS=Windows_NT
PROCESSOR_IDENTIFIER=Intel64 Family 6 Model 94 Stepping 3, GenuineIntel



---------------  S Y S T E M  ---------------

OS: Windows 10.0 , 64 bit Build 14393 (10.0.14393.0)

CPU:total 6 (6 cores per cpu, 1 threads per core) family 6 model 94 stepping 3, cmov, cx8, fxsr, mmx, sse, sse2, sse3, ssse3, sse4.1, sse4.2, popcnt, avx, avx2, aes, clmul, erms, rtm, 3dnowpref, lzcnt, tsc, tscinvbit, bmi1, bmi2, adx

Memory: 4k page, physical 8388084k(5503532k free), swap 9698804k(6624480k free)

vm_info: Java HotSpot(TM) 64-Bit Server VM (25.121-b13) for windows-amd64 JRE (1.8.0_121-b13), built on Dec 12 2016 18:21:36 by "java_re" with MS VC++ 10.0 (VS2010)

time: Thu Apr 06 14:18:24 2017
elapsed time: 59 seconds (0d 0h 0m 59s)

