#
# A fatal error has been detected by the Java Runtime Environment:
#
#  EXCEPTION_ACCESS_VIOLATION (0xc0000005) at pc=0x0000000180005156, pid=1288, tid=0x0000000000001020
#
# JRE version: Java(TM) SE Runtime Environment (8.0_121-b13) (build 1.8.0_121-b13)
# Java VM: Java HotSpot(TM) 64-Bit Server VM (25.121-b13 mixed mode windows-amd64 compressed oops)
# Problematic frame:
# C  [rxtxSerial.dll+0x5156]
#
# Failed to write core dump. Minidumps are not enabled by default on client versions of Windows
#
# If you would like to submit a bug report, please visit:
#   http://bugreport.java.com/bugreport/crash.jsp
# The crash happened outside the Java Virtual Machine in native code.
# See problematic frame for where to report the bug.
#

---------------  T H R E A D  ---------------

Current thread (0x00000000196a7000):  JavaThread "Thread-162" [_thread_in_native, id=4128, stack(0x000000006ffa0000,0x00000000700a0000)]

siginfo: ExceptionCode=0xc0000005, reading address 0x000000006ff9ebf8

Registers:
RAX=0x000000006ff9ebf0, RBX=0x0000000000000001, RCX=0x000000018001d4d5, RDX=0xfffffffffffff665
RSP=0x000000007009f0f0, RBP=0x00000000196a71f8, RSI=0x0000000000000000, RDI=0x0000000000000000
R8 =0x0000000000000002, R9 =0xfffffffffffff63c, R10=0x00000000000003f8, R11=0x8101010101010100
R12=0x000000006ff9ebf0, R13=0x0000000002cc021c, R14=0x000000007009f210, R15=0x000000000000000a
RIP=0x0000000180005156, EFLAGS=0x0000000000010202

Top of Stack: (sp=0x000000007009f0f0)
0x000000007009f0f0:   000000007009f1d0 00000000196a71f8
0x000000007009f100:   0000000000000000 0000000000000000
0x000000007009f110:   0000000019f14550 0000000000000001
0x000000007009f120:   0000000000000000 000000001a825d10
0x000000007009f130:   00000000196a7000 000000005de9cbf3
0x000000007009f140:   00000000fffffffd 0000000019e7a3e0
0x000000007009f150:   000000007009f1d8 00000000025be380
0x000000007009f160:   0000aec22a85ac0b 000000000000000a
0x000000007009f170:   00000000196a7000 000000007009f210
0x000000007009f180:   0000000002cc021c 0000000000000000
0x000000007009f190:   00000000d6073018 0000000000000005
0x000000007009f1a0:   000000007009f210 0000000002a279b9
0x000000007009f1b0:   000000007009f1b0 0000000017000830
0x000000007009f1c0:   000000007009f278 0000000017000be0
0x000000007009f1d0:   00000000d6072ef0 00000000170008a8
0x000000007009f1e0:   0000000000000000 000000007009f220 

Instructions: (pc=0x0000000180005156)
0x0000000180005136:   8d 05 d4 79 01 00 48 8b d3 48 8b cd 44 8b f8 89
0x0000000180005146:   7c 24 24 8b f7 e8 c0 e6 ff ff 8d 5f 01 4c 63 e0
0x0000000180005156:   45 8b 74 24 08 41 89 7c 24 08 45 85 ff 78 0b ff
0x0000000180005166:   15 95 1e 01 00 89 44 24 24 90 8b ce ff c6 83 f9 


Register to memory mapping:

RAX=0x000000006ff9ebf0 is an unknown value
RBX=0x0000000000000001 is an unknown value
RCX=0x000000018001d4d5 is an unknown value
RDX=0xfffffffffffff665 is an unknown value
RSP=0x000000007009f0f0 is pointing into the stack for thread: 0x00000000196a7000
RBP=0x00000000196a71f8 is an unknown value
RSI=0x0000000000000000 is an unknown value
RDI=0x0000000000000000 is an unknown value
R8 =0x0000000000000002 is an unknown value
R9 =0xfffffffffffff63c is an unknown value
R10=0x00000000000003f8 is an unknown value
R11=0x8101010101010100 is an unknown value
R12=0x000000006ff9ebf0 is an unknown value
R13=0x0000000002cc021c is at entry_point+572 in (nmethod*)0x0000000002cbfe50
R14=0x000000007009f210 is pointing into the stack for thread: 0x00000000196a7000
R15=0x000000000000000a is an unknown value


Stack: [0x000000006ffa0000,0x00000000700a0000],  sp=0x000000007009f0f0,  free space=1020k
Native frames: (J=compiled Java code, j=interpreted, Vv=VM code, C=native code)
C  [rxtxSerial.dll+0x5156]
C  0x0000000002a279b9

Java frames: (J=compiled Java code, j=interpreted, Vv=VM code)
J 1238  gnu.io.RXTXPort.readByte()I (0 bytes) @ 0x0000000002a2793b [0x0000000002a27900+0x3b]
J 2116 C2 gnu.io.RXTXPort$SerialInputStream.read()I (167 bytes) @ 0x0000000002cc010c [0x0000000002cbffe0+0x12c]
J 2149 C2 com.digi.xbee.api.packet.XBeePacketParser.readByte(Ljava/io/InputStream;Lcom/digi/xbee/api/models/OperatingMode;)I (138 bytes) @ 0x0000000002cca6b8 [0x0000000002cca640+0x78]
J 1962 C1 com.digi.xbee.api.packet.XBeePacketParser.parsePacket(Ljava/io/InputStream;Lcom/digi/xbee/api/models/OperatingMode;)Lcom/digi/xbee/api/packet/XBeePacket; (209 bytes) @ 0x0000000002c2b514 [0x0000000002c2b220+0x2f4]
j  com.digi.xbee.api.connection.DataReader.run()V+179
v  ~StubRoutines::call_stub

---------------  P R O C E S S  ---------------

Java Threads: ( => current thread )
=>0x00000000196a7000 JavaThread "Thread-162" [_thread_in_native, id=4128, stack(0x000000006ffa0000,0x00000000700a0000)]
  0x00000000195f2800 JavaThread "Thread-6" [_thread_blocked, id=1820, stack(0x000000001e580000,0x000000001e680000)]
  0x000000001a093000 JavaThread "TimerQueue" daemon [_thread_blocked, id=5736, stack(0x000000001d4e0000,0x000000001d5e0000)]
  0x0000000019fac800 JavaThread "D3D Screen Updater" daemon [_thread_blocked, id=1860, stack(0x000000001cda0000,0x000000001cea0000)]
  0x0000000002570800 JavaThread "DestroyJavaVM" [_thread_blocked, id=6072, stack(0x0000000002470000,0x0000000002570000)]
  0x000000001a033800 JavaThread "AWT-EventQueue-0" [_thread_in_native, id=960, stack(0x000000001c420000,0x000000001c520000)]
  0x0000000019f3f800 JavaThread "AWT-Windows" daemon [_thread_in_native, id=3852, stack(0x000000001b330000,0x000000001b430000)]
  0x0000000019f31800 JavaThread "AWT-Shutdown" [_thread_blocked, id=5636, stack(0x000000001b230000,0x000000001b330000)]
  0x0000000019f5b000 JavaThread "Java2D Disposer" daemon [_thread_blocked, id=92, stack(0x000000001b130000,0x000000001b230000)]
  0x0000000019538800 JavaThread "Service Thread" daemon [_thread_blocked, id=5980, stack(0x00000000198b0000,0x00000000199b0000)]
  0x0000000017504800 JavaThread "C1 CompilerThread2" daemon [_thread_blocked, id=1580, stack(0x00000000193b0000,0x00000000194b0000)]
  0x0000000017502000 JavaThread "C2 CompilerThread1" daemon [_thread_blocked, id=5524, stack(0x00000000192b0000,0x00000000193b0000)]
  0x00000000174ff800 JavaThread "C2 CompilerThread0" daemon [_thread_blocked, id=2556, stack(0x00000000191b0000,0x00000000192b0000)]
  0x00000000174fa800 JavaThread "Attach Listener" daemon [_thread_blocked, id=1680, stack(0x00000000190b0000,0x00000000191b0000)]
  0x0000000017509000 JavaThread "Signal Dispatcher" daemon [_thread_blocked, id=5588, stack(0x0000000018fb0000,0x00000000190b0000)]
  0x00000000174ec800 JavaThread "Finalizer" daemon [_thread_blocked, id=768, stack(0x0000000018db0000,0x0000000018eb0000)]
  0x00000000174cb800 JavaThread "Reference Handler" daemon [_thread_blocked, id=3552, stack(0x0000000018cb0000,0x0000000018db0000)]

Other Threads:
  0x00000000174c7800 VMThread [stack: 0x0000000018bb0000,0x0000000018cb0000] [id=5260]
  0x0000000019551800 WatcherThread [stack: 0x0000000019d70000,0x0000000019e70000] [id=1068]

VM state:not at safepoint (normal execution)

VM Mutex/Monitor currently owned by a thread: None

Heap:
 PSYoungGen      total 33280K, used 13622K [0x00000000d5580000, 0x00000000d7a00000, 0x0000000100000000)
  eden space 30208K, 43% used [0x00000000d5580000,0x00000000d624dbe8,0x00000000d7300000)
  from space 3072K, 16% used [0x00000000d7700000,0x00000000d7780000,0x00000000d7a00000)
  to   space 3584K, 0% used [0x00000000d7300000,0x00000000d7300000,0x00000000d7680000)
 ParOldGen       total 87552K, used 2096K [0x0000000080000000, 0x0000000085580000, 0x00000000d5580000)
  object space 87552K, 2% used [0x0000000080000000,0x000000008020c388,0x0000000085580000)
 Metaspace       used 13542K, capacity 13822K, committed 14080K, reserved 1060864K
  class space    used 1589K, capacity 1678K, committed 1792K, reserved 1048576K

Card table byte_map: [0x0000000011a30000,0x0000000011e40000] byte_map_base: 0x0000000011630000

Marking Bits: (ParMarkBitMap*) 0x000000005e41b6d0
 Begin Bits: [0x00000000126f0000, 0x00000000146f0000)
 End Bits:   [0x00000000146f0000, 0x00000000166f0000)

Polling page: 0x0000000000800000

CodeCache: size=245760Kb used=7586Kb max_used=7600Kb free=238173Kb
 bounds [0x0000000002670000, 0x0000000002df0000, 0x0000000011670000]
 total_blobs=2775 nmethods=2283 adapters=403
 compilation: enabled

Compilation events (10 events):
Event: 236.150 Thread 0x00000000174ff800 2516       4       java.lang.Thread::setPriority (56 bytes)
Event: 236.152 Thread 0x00000000174ff800 nmethod 2516 0x00000000029c9d10 code [0x00000000029c9e60, 0x00000000029c9f88]
Event: 236.546 Thread 0x0000000017504800 2517       3       javax.swing.plaf.metal.MetalUtils::isToolBarButton (8 bytes)
Event: 236.546 Thread 0x0000000017504800 nmethod 2517 0x0000000002933810 code [0x0000000002933980, 0x0000000002933d10]
Event: 238.544 Thread 0x0000000017502000 2518       4       java.util.HashMap::removeNode (291 bytes)
Event: 238.547 Thread 0x0000000017502000 nmethod 2518 0x000000000298ded0 code [0x000000000298e020, 0x000000000298e2d8]
Event: 239.276 Thread 0x00000000174ff800 2519       4       java.util.concurrent.ThreadPoolExecutor$Worker::tryRelease (12 bytes)
Event: 239.276 Thread 0x00000000174ff800 nmethod 2519 0x00000000028ce150 code [0x00000000028ce280, 0x00000000028ce2f8]
Event: 239.902 Thread 0x0000000017502000 2520       4       java.util.regex.Pattern::peek (26 bytes)
Event: 239.904 Thread 0x0000000017502000 nmethod 2520 0x0000000002de4cd0 code [0x0000000002de4e00, 0x0000000002de4eb8]

GC Heap History (10 events):
Event: 166.250 GC heap before
{Heap before GC invocations=6 (full 0):
 PSYoungGen      total 35328K, used 35104K [0x00000000d5580000, 0x00000000d7b80000, 0x0000000100000000)
  eden space 32768K, 100% used [0x00000000d5580000,0x00000000d7580000,0x00000000d7580000)
  from space 2560K, 91% used [0x00000000d7600000,0x00000000d7848020,0x00000000d7880000)
  to   space 3072K, 0% used [0x00000000d7880000,0x00000000d7880000,0x00000000d7b80000)
 ParOldGen       total 87552K, used 56K [0x0000000080000000, 0x0000000085580000, 0x00000000d5580000)
  object space 87552K, 0% used [0x0000000080000000,0x000000008000e000,0x0000000085580000)
 Metaspace       used 13411K, capacity 13630K, committed 13824K, reserved 1060864K
  class space    used 1587K, capacity 1678K, committed 1792K, reserved 1048576K
Event: 166.256 GC heap after
Heap after GC invocations=6 (full 0):
 PSYoungGen      total 34816K, used 2352K [0x00000000d5580000, 0x00000000d7b00000, 0x0000000100000000)
  eden space 32256K, 0% used [0x00000000d5580000,0x00000000d5580000,0x00000000d7500000)
  from space 2560K, 91% used [0x00000000d7880000,0x00000000d7acc010,0x00000000d7b00000)
  to   space 3072K, 0% used [0x00000000d7500000,0x00000000d7500000,0x00000000d7800000)
 ParOldGen       total 87552K, used 64K [0x0000000080000000, 0x0000000085580000, 0x00000000d5580000)
  object space 87552K, 0% used [0x0000000080000000,0x0000000080010000,0x0000000085580000)
 Metaspace       used 13411K, capacity 13630K, committed 13824K, reserved 1060864K
  class space    used 1587K, capacity 1678K, committed 1792K, reserved 1048576K
}
Event: 184.335 GC heap before
{Heap before GC invocations=7 (full 0):
 PSYoungGen      total 34816K, used 34608K [0x00000000d5580000, 0x00000000d7b00000, 0x0000000100000000)
  eden space 32256K, 100% used [0x00000000d5580000,0x00000000d7500000,0x00000000d7500000)
  from space 2560K, 91% used [0x00000000d7880000,0x00000000d7acc010,0x00000000d7b00000)
  to   space 3072K, 0% used [0x00000000d7500000,0x00000000d7500000,0x00000000d7800000)
 ParOldGen       total 87552K, used 64K [0x0000000080000000, 0x0000000085580000, 0x00000000d5580000)
  object space 87552K, 0% used [0x0000000080000000,0x0000000080010000,0x0000000085580000)
 Metaspace       used 13450K, capacity 13630K, committed 13824K, reserved 1060864K
  class space    used 1587K, capacity 1678K, committed 1792K, reserved 1048576K
Event: 184.340 GC heap after
Heap after GC invocations=7 (full 0):
 PSYoungGen      total 32768K, used 544K [0x00000000d5580000, 0x00000000d7a80000, 0x0000000100000000)
  eden space 31744K, 0% used [0x00000000d5580000,0x00000000d5580000,0x00000000d7480000)
  from space 1024K, 53% used [0x00000000d7500000,0x00000000d7588000,0x00000000d7600000)
  to   space 3072K, 0% used [0x00000000d7780000,0x00000000d7780000,0x00000000d7a80000)
 ParOldGen       total 87552K, used 1984K [0x0000000080000000, 0x0000000085580000, 0x00000000d5580000)
  object space 87552K, 2% used [0x0000000080000000,0x00000000801f0388,0x0000000085580000)
 Metaspace       used 13450K, capacity 13630K, committed 13824K, reserved 1060864K
  class space    used 1587K, capacity 1678K, committed 1792K, reserved 1048576K
}
Event: 202.353 GC heap before
{Heap before GC invocations=8 (full 0):
 PSYoungGen      total 32768K, used 32288K [0x00000000d5580000, 0x00000000d7a80000, 0x0000000100000000)
  eden space 31744K, 100% used [0x00000000d5580000,0x00000000d7480000,0x00000000d7480000)
  from space 1024K, 53% used [0x00000000d7500000,0x00000000d7588000,0x00000000d7600000)
  to   space 3072K, 0% used [0x00000000d7780000,0x00000000d7780000,0x00000000d7a80000)
 ParOldGen       total 87552K, used 1984K [0x0000000080000000, 0x0000000085580000, 0x00000000d5580000)
  object space 87552K, 2% used [0x0000000080000000,0x00000000801f0388,0x0000000085580000)
 Metaspace       used 13456K, capacity 13630K, committed 13824K, reserved 1060864K
  class space    used 1587K, capacity 1678K, committed 1792K, reserved 1048576K
Event: 202.355 GC heap after
Heap after GC invocations=8 (full 0):
 PSYoungGen      total 34304K, used 512K [0x00000000d5580000, 0x00000000d7b00000, 0x0000000100000000)
  eden space 31232K, 0% used [0x00000000d5580000,0x00000000d5580000,0x00000000d7400000)
  from space 3072K, 16% used [0x00000000d7780000,0x00000000d7800000,0x00000000d7a80000)
  to   space 3584K, 0% used [0x00000000d7400000,0x00000000d7400000,0x00000000d7780000)
 ParOldGen       total 87552K, used 2024K [0x0000000080000000, 0x0000000085580000, 0x00000000d5580000)
  object space 87552K, 2% used [0x0000000080000000,0x00000000801fa388,0x0000000085580000)
 Metaspace       used 13456K, capacity 13630K, committed 13824K, reserved 1060864K
  class space    used 1587K, capacity 1678K, committed 1792K, reserved 1048576K
}
Event: 218.897 GC heap before
{Heap before GC invocations=9 (full 0):
 PSYoungGen      total 34304K, used 31744K [0x00000000d5580000, 0x00000000d7b00000, 0x0000000100000000)
  eden space 31232K, 100% used [0x00000000d5580000,0x00000000d7400000,0x00000000d7400000)
  from space 3072K, 16% used [0x00000000d7780000,0x00000000d7800000,0x00000000d7a80000)
  to   space 3584K, 0% used [0x00000000d7400000,0x00000000d7400000,0x00000000d7780000)
 ParOldGen       total 87552K, used 2024K [0x0000000080000000, 0x0000000085580000, 0x00000000d5580000)
  object space 87552K, 2% used [0x0000000080000000,0x00000000801fa388,0x0000000085580000)
 Metaspace       used 13485K, capacity 13694K, committed 13824K, reserved 1060864K
  class space    used 1587K, capacity 1678K, committed 1792K, reserved 1048576K
Event: 218.900 GC heap after
Heap after GC invocations=9 (full 0):
 PSYoungGen      total 31744K, used 544K [0x00000000d5580000, 0x00000000d7a80000, 0x0000000100000000)
  eden space 30720K, 0% used [0x00000000d5580000,0x00000000d5580000,0x00000000d7380000)
  from space 1024K, 53% used [0x00000000d7400000,0x00000000d7488000,0x00000000d7500000)
  to   space 3584K, 0% used [0x00000000d7700000,0x00000000d7700000,0x00000000d7a80000)
 ParOldGen       total 87552K, used 2064K [0x0000000080000000, 0x0000000085580000, 0x00000000d5580000)
  object space 87552K, 2% used [0x0000000080000000,0x0000000080204388,0x0000000085580000)
 Metaspace       used 13485K, capacity 13694K, committed 13824K, reserved 1060864K
  class space    used 1587K, capacity 1678K, committed 1792K, reserved 1048576K
}
Event: 235.098 GC heap before
{Heap before GC invocations=10 (full 0):
 PSYoungGen      total 31744K, used 31264K [0x00000000d5580000, 0x00000000d7a80000, 0x0000000100000000)
  eden space 30720K, 100% used [0x00000000d5580000,0x00000000d7380000,0x00000000d7380000)
  from space 1024K, 53% used [0x00000000d7400000,0x00000000d7488000,0x00000000d7500000)
  to   space 3584K, 0% used [0x00000000d7700000,0x00000000d7700000,0x00000000d7a80000)
 ParOldGen       total 87552K, used 2064K [0x0000000080000000, 0x0000000085580000, 0x00000000d5580000)
  object space 87552K, 2% used [0x0000000080000000,0x0000000080204388,0x0000000085580000)
 Metaspace       used 13541K, capacity 13822K, committed 14080K, reserved 1060864K
  class space    used 1589K, capacity 1678K, committed 1792K, reserved 1048576K
Event: 235.100 GC heap after
Heap after GC invocations=10 (full 0):
 PSYoungGen      total 33280K, used 512K [0x00000000d5580000, 0x00000000d7a00000, 0x0000000100000000)
  eden space 30208K, 0% used [0x00000000d5580000,0x00000000d5580000,0x00000000d7300000)
  from space 3072K, 16% used [0x00000000d7700000,0x00000000d7780000,0x00000000d7a00000)
  to   space 3584K, 0% used [0x00000000d7300000,0x00000000d7300000,0x00000000d7680000)
 ParOldGen       total 87552K, used 2096K [0x0000000080000000, 0x0000000085580000, 0x00000000d5580000)
  object space 87552K, 2% used [0x0000000080000000,0x000000008020c388,0x0000000085580000)
 Metaspace       used 13541K, capacity 13822K, committed 14080K, reserved 1060864K
  class space    used 1589K, capacity 1678K, committed 1792K, reserved 1048576K
}

Deoptimization events (7 events):
Event: 0.195 Thread 0x0000000002570800 Uncommon trap: reason=null_check action=make_not_entrant pc=0x00000000027deb38 method=java.lang.String.equals(Ljava/lang/Object;)Z @ 8
Event: 0.934 Thread 0x0000000002570800 Uncommon trap: reason=unstable_if action=reinterpret pc=0x0000000002810068 method=java.lang.String.startsWith(Ljava/lang/String;I)Z @ 25
Event: 0.938 Thread 0x0000000002570800 Uncommon trap: reason=unstable_if action=reinterpret pc=0x0000000002842e90 method=java.lang.AbstractStringBuilder.append(Ljava/lang/String;)Ljava/lang/AbstractStringBuilder; @ 1
Event: 3.888 Thread 0x000000001a033800 Uncommon trap: reason=class_check action=maybe_recompile pc=0x0000000002807e68 method=java.lang.String.equals(Ljava/lang/Object;)Z @ 8
Event: 3.970 Thread 0x000000001a033800 Uncommon trap: reason=class_check action=maybe_recompile pc=0x0000000002807e68 method=java.lang.String.equals(Ljava/lang/Object;)Z @ 8
Event: 3.970 Thread 0x000000001a033800 Uncommon trap: reason=class_check action=maybe_recompile pc=0x0000000002807e68 method=java.lang.String.equals(Ljava/lang/Object;)Z @ 8
Event: 3.970 Thread 0x000000001a033800 Uncommon trap: reason=class_check action=maybe_recompile pc=0x0000000002807e68 method=java.lang.String.equals(Ljava/lang/Object;)Z @ 8

Internal exceptions (10 events):
Event: 239.636 Thread 0x00000000196a1800 Implicit null exception at 0x0000000002d14e96 to 0x0000000002d15d63
Event: 239.636 Thread 0x00000000196a1800 Exception <a 'java/lang/NullPointerException'> (0x00000000d5f6fd78) thrown at [C:\re\workspace\8-2-build-windows-amd64-cygwin\jdk8u121\8372\hotspot\src\share\vm\runtime\sharedRuntime.cpp, line 605]
Event: 239.714 Thread 0x00000000196a6000 Implicit null exception at 0x0000000002d14e96 to 0x0000000002d15d63
Event: 239.715 Thread 0x00000000196a6000 Exception <a 'java/lang/NullPointerException'> (0x00000000d5fadeb0) thrown at [C:\re\workspace\8-2-build-windows-amd64-cygwin\jdk8u121\8372\hotspot\src\share\vm\runtime\sharedRuntime.cpp, line 605]
Event: 240.275 Thread 0x00000000196a2800 Implicit null exception at 0x0000000002d14e96 to 0x0000000002d15d63
Event: 240.275 Thread 0x00000000196a2800 Exception <a 'java/lang/NullPointerException'> (0x00000000d611dc48) thrown at [C:\re\workspace\8-2-build-windows-amd64-cygwin\jdk8u121\8372\hotspot\src\share\vm\runtime\sharedRuntime.cpp, line 605]
Event: 240.353 Thread 0x00000000196a1000 Implicit null exception at 0x0000000002d14e96 to 0x0000000002d15d63
Event: 240.353 Thread 0x00000000196a1000 Exception <a 'java/lang/NullPointerException'> (0x00000000d6150488) thrown at [C:\re\workspace\8-2-build-windows-amd64-cygwin\jdk8u121\8372\hotspot\src\share\vm\runtime\sharedRuntime.cpp, line 605]
Event: 240.432 Thread 0x00000000196a2800 Implicit null exception at 0x0000000002d14e96 to 0x0000000002d15d63
Event: 240.432 Thread 0x00000000196a2800 Exception <a 'java/lang/NullPointerException'> (0x00000000d61aae38) thrown at [C:\re\workspace\8-2-build-windows-amd64-cygwin\jdk8u121\8372\hotspot\src\share\vm\runtime\sharedRuntime.cpp, line 605]

Events (10 events):
Event: 240.572 Thread 0x00000000196a5800 Thread added: 0x00000000196a5800
Event: 240.572 Thread 0x00000000196a1800 Thread added: 0x00000000196a1800
Event: 240.572 Thread 0x00000000196a4000 Thread exited: 0x00000000196a4000
Event: 240.573 Thread 0x00000000196a5800 Thread exited: 0x00000000196a5800
Event: 240.573 Thread 0x00000000196a1800 Thread exited: 0x00000000196a1800
Event: 240.614 Thread 0x00000000196a1800 Thread added: 0x00000000196a1800
Event: 240.614 Executing VM operation: RevokeBias
Event: 240.615 Executing VM operation: RevokeBias done
Event: 240.615 Thread 0x00000000196a1800 Thread exited: 0x00000000196a1800
Event: 240.660 Thread 0x00000000196a4800 Thread exited: 0x00000000196a4800


Dynamic libraries:
0x00007ff79eba0000 - 0x00007ff79ebd7000 	C:\Program Files\Java\jdk1.8.0_121\bin\java.exe
0x00007ffdd1bf0000 - 0x00007ffdd1dc1000 	C:\Windows\SYSTEM32\ntdll.dll
0x00007ffdd00e0000 - 0x00007ffdd018b000 	C:\Windows\System32\KERNEL32.DLL
0x00007ffdce0e0000 - 0x00007ffdce2fd000 	C:\Windows\System32\KERNELBASE.dll
0x00007ffdcfac0000 - 0x00007ffdcfb62000 	C:\Windows\System32\ADVAPI32.dll
0x00007ffdcfbe0000 - 0x00007ffdcfc7e000 	C:\Windows\System32\msvcrt.dll
0x00007ffdcf7c0000 - 0x00007ffdcf819000 	C:\Windows\System32\sechost.dll
0x00007ffdcf4f0000 - 0x00007ffdcf611000 	C:\Windows\System32\RPCRT4.dll
0x00007ffdcf310000 - 0x00007ffdcf475000 	C:\Windows\System32\USER32.dll
0x00007ffdced60000 - 0x00007ffdced7e000 	C:\Windows\System32\win32u.dll
0x00007ffdcf620000 - 0x00007ffdcf654000 	C:\Windows\System32\GDI32.dll
0x00007ffdceed0000 - 0x00007ffdcf052000 	C:\Windows\System32\gdi32full.dll
0x00007ffdc2c00000 - 0x00007ffdc2e7a000 	C:\Windows\WinSxS\amd64_microsoft.windows.common-controls_6595b64144ccf1df_6.0.14393.953_none_42151e83c686086b\COMCTL32.dll
0x00007ffdd17e0000 - 0x00007ffdd1aa8000 	C:\Windows\System32\combase.dll
0x00007ffdcec60000 - 0x00007ffdced55000 	C:\Windows\System32\ucrtbase.dll
0x00007ffdcf060000 - 0x00007ffdcf0ca000 	C:\Windows\System32\bcryptPrimitives.dll
0x00007ffdd00b0000 - 0x00007ffdd00de000 	C:\Windows\System32\IMM32.DLL
0x000000005db20000 - 0x000000005dbf2000 	C:\Program Files\Java\jdk1.8.0_121\jre\bin\msvcr100.dll
0x000000005dc00000 - 0x000000005e49b000 	C:\Program Files\Java\jdk1.8.0_121\jre\bin\server\jvm.dll
0x00007ffdcf2a0000 - 0x00007ffdcf2a8000 	C:\Windows\System32\PSAPI.DLL
0x00007ffdb9970000 - 0x00007ffdb9979000 	C:\Windows\SYSTEM32\WSOCK32.dll
0x00007ffdcc2e0000 - 0x00007ffdcc303000 	C:\Windows\SYSTEM32\WINMM.dll
0x00007ffdc82c0000 - 0x00007ffdc82ca000 	C:\Windows\SYSTEM32\VERSION.dll
0x00007ffdcfb70000 - 0x00007ffdcfbda000 	C:\Windows\System32\WS2_32.dll
0x0000000002380000 - 0x00000000023ab000 	C:\Windows\SYSTEM32\WINMMBASE.dll
0x00007ffdce9e0000 - 0x00007ffdcea22000 	C:\Windows\System32\cfgmgr32.dll
0x000000005dad0000 - 0x000000005dadf000 	C:\Program Files\Java\jdk1.8.0_121\jre\bin\verify.dll
0x000000005daa0000 - 0x000000005dac9000 	C:\Program Files\Java\jdk1.8.0_121\jre\bin\java.dll
0x000000005da80000 - 0x000000005da96000 	C:\Program Files\Java\jdk1.8.0_121\jre\bin\zip.dll
0x00007ffdd0250000 - 0x00007ffdd1759000 	C:\Windows\System32\SHELL32.dll
0x00007ffdce300000 - 0x00007ffdce9da000 	C:\Windows\System32\windows.storage.dll
0x00007ffdce050000 - 0x00007ffdce09c000 	C:\Windows\System32\powrprof.dll
0x00007ffdcf480000 - 0x00007ffdcf4d2000 	C:\Windows\System32\shlwapi.dll
0x00007ffdce0d0000 - 0x00007ffdce0df000 	C:\Windows\System32\kernel.appcore.dll
0x00007ffdcee20000 - 0x00007ffdceec9000 	C:\Windows\System32\shcore.dll
0x00007ffdce0b0000 - 0x00007ffdce0c4000 	C:\Windows\System32\profapi.dll
0x000000005d8a0000 - 0x000000005da38000 	C:\Program Files\Java\jdk1.8.0_121\jre\bin\awt.dll
0x00007ffdcf180000 - 0x00007ffdcf23f000 	C:\Windows\System32\OLEAUT32.dll
0x00007ffdced80000 - 0x00007ffdcee1c000 	C:\Windows\System32\msvcp_win.dll
0x00007ffdcc530000 - 0x00007ffdcc5aa000 	C:\Windows\SYSTEM32\apphelp.dll
0x0000000180000000 - 0x0000000180025000 	C:\Users\Dev10\Documents\Porject\RP6-Groep-9\Gui (java)\RP6 GUI\libs\native\Windows\win64\rxtxSerial.dll
0x00007ffdcba90000 - 0x00007ffdcbab6000 	C:\Windows\system32\DWMAPI.DLL
0x00007ffdcc7d0000 - 0x00007ffdcc865000 	C:\Windows\system32\uxtheme.dll
0x00007ffdc2420000 - 0x00007ffdc2543000 	C:\Windows\system32\opengl32.dll
0x00007ffdc86f0000 - 0x00007ffdc871d000 	C:\Windows\SYSTEM32\GLU32.dll
0x00007ffdc2320000 - 0x00007ffdc2417000 	C:\Windows\SYSTEM32\DDRAW.dll
0x00007ffdc8690000 - 0x00007ffdc8698000 	C:\Windows\SYSTEM32\DCIMAN32.dll
0x00007ffdcf660000 - 0x00007ffdcf7ba000 	C:\Windows\System32\MSCTF.dll
0x00007ffdd1ab0000 - 0x00007ffdd1be7000 	C:\Windows\System32\ole32.dll
0x00007ffdc2070000 - 0x00007ffdc21fd000 	C:\Windows\system32\d3d9.dll
0x00007ffdc8470000 - 0x00007ffdc84ca000 	C:\Windows\SYSTEM32\vm3dum64.dll
0x00007ffdcb100000 - 0x00007ffdcb292000 	C:\Windows\SYSTEM32\dbghelp.dll
0x000000005d850000 - 0x000000005d897000 	C:\Program Files\Java\jdk1.8.0_121\jre\bin\fontmanager.dll
0x000000005da60000 - 0x000000005da7a000 	C:\Program Files\Java\jdk1.8.0_121\jre\bin\net.dll
0x00007ffdcd980000 - 0x00007ffdcd9dc000 	C:\Windows\system32\mswsock.dll
0x000000005da40000 - 0x000000005da51000 	C:\Program Files\Java\jdk1.8.0_121\jre\bin\nio.dll
0x000000005d800000 - 0x000000005d842000 	C:\Program Files\Java\jdk1.8.0_121\jre\bin\t2k.dll
0x00007ffdd01b0000 - 0x00007ffdd024f000 	C:\Windows\System32\clbcatq.dll
0x00007ffdcb330000 - 0x00007ffdcb4d8000 	C:\Windows\SYSTEM32\WindowsCodecs.dll
0x00007ffdbc910000 - 0x00007ffdbc959000 	C:\Windows\system32\dataexchange.dll
0x00007ffdcbc10000 - 0x00007ffdcbd61000 	C:\Windows\system32\dcomp.dll
0x00007ffdcaac0000 - 0x00007ffdcad76000 	C:\Windows\system32\d3d11.dll
0x00007ffdccfd0000 - 0x00007ffdcd06f000 	C:\Windows\system32\dxgi.dll
0x00007ffdccaa0000 - 0x00007ffdccbbc000 	C:\Windows\system32\twinapi.appcore.dll
0x00007ffdcdc30000 - 0x00007ffdcdc5b000 	C:\Windows\system32\bcrypt.dll
0x000000005d7c0000 - 0x000000005d7ea000 	C:\Program Files\Java\jdk1.8.0_121\jre\bin\dcpr.dll

VM Arguments:
jvm_args: -Dfile.encoding=UTF-8 -Djava.library.path=libs\native\Windows\win64 
java_command: rp6.gui.RP6GUI
java_class_path (initial): C:\Users\Dev10\Documents\Porject\RP6-Groep-9\Gui (java)\RP6 GUI\libs\rxtx-2.2.jar;C:\Users\Dev10\Documents\Porject\RP6-Groep-9\Gui (java)\RP6 GUI\libs\slf4j-api-1.7.12.jar;C:\Users\Dev10\Documents\Porject\RP6-Groep-9\Gui (java)\RP6 GUI\libs\slf4j-nop-1.7.12.jar;C:\Users\Dev10\Documents\Porject\RP6-Groep-9\Gui (java)\RP6 GUI\libs\xbee-java-library-1.2.0.jar;C:\Users\Dev10\Documents\Porject\RP6-Groep-9\Gui (java)\RP6 GUI\build\classes
Launcher Type: SUN_STANDARD

Environment Variables:
PATH=C:\ProgramData\Oracle\Java\javapath;C:\Windows\system32;C:\Windows;C:\Windows\System32\Wbem;C:\Windows\System32\WindowsPowerShell\v1.0\;C:\cygwin64\bin;C:\Users\Dev10\AppData\Local\Microsoft\WindowsApps;
USERNAME=Dev10
OS=Windows_NT
PROCESSOR_IDENTIFIER=Intel64 Family 6 Model 94 Stepping 3, GenuineIntel



---------------  S Y S T E M  ---------------

OS: Windows 10.0 , 64 bit Build 14393 (10.0.14393.0)

CPU:total 6 (6 cores per cpu, 1 threads per core) family 6 model 94 stepping 3, cmov, cx8, fxsr, mmx, sse, sse2, sse3, ssse3, sse4.1, sse4.2, popcnt, avx, avx2, aes, clmul, erms, rtm, 3dnowpref, lzcnt, tsc, tscinvbit, bmi1, bmi2, adx

Memory: 4k page, physical 8388084k(5634452k free), swap 9698804k(6848836k free)

vm_info: Java HotSpot(TM) 64-Bit Server VM (25.121-b13) for windows-amd64 JRE (1.8.0_121-b13), built on Dec 12 2016 18:21:36 by "java_re" with MS VC++ 10.0 (VS2010)

time: Thu Apr 06 12:39:31 2017
elapsed time: 240 seconds (0d 0h 4m 0s)

