#
# A fatal error has been detected by the Java Runtime Environment:
#
#  EXCEPTION_ACCESS_VIOLATION (0xc0000005) at pc=0x0000000180005156, pid=5336, tid=0x0000000000000128
#
# JRE version: Java(TM) SE Runtime Environment (8.0_121-b13) (build 1.8.0_121-b13)
# Java VM: Java HotSpot(TM) 64-Bit Server VM (25.121-b13 mixed mode windows-amd64 compressed oops)
# Problematic frame:
# C  [rxtxSerial.dll+0x5156]
#
# Failed to write core dump. Minidumps are not enabled by default on client versions of Windows
#
# If you would like to submit a bug report, please visit:
#   http://bugreport.java.com/bugreport/crash.jsp
# The crash happened outside the Java Virtual Machine in native code.
# See problematic frame for where to report the bug.
#

---------------  T H R E A D  ---------------

Current thread (0x0000000019e76800):  JavaThread "Thread-65" [_thread_in_native, id=296, stack(0x0000000045060000,0x0000000045160000)]

siginfo: ExceptionCode=0xc0000005, reading address 0x000000004505ecf8

Registers:
RAX=0x000000004505ecf0, RBX=0x0000000000000001, RCX=0x000000018001d4d5, RDX=0xfffffffffffff665
RSP=0x000000004515ed50, RBP=0x0000000019e769f8, RSI=0x0000000000000000, RDI=0x0000000000000000
R8 =0x0000000000000002, R9 =0xfffffffffffff63c, R10=0x000000000000019c, R11=0x8101010101010100
R12=0x000000004505ecf0, R13=0x00000000034d3b9c, R14=0x000000004515ee70, R15=0x000000000000000a
RIP=0x0000000180005156, EFLAGS=0x0000000000010202

Top of Stack: (sp=0x000000004515ed50)
0x000000004515ed50:   000000004515ee30 0000000019e769f8
0x000000004515ed60:   0000000000000000 0000000000000000
0x000000004515ed70:   000000001a9625c0 0000000000000001
0x000000004515ed80:   0000000000000000 000000001e355d10
0x000000004515ed90:   0000000019e76800 0000000065d2cbf3
0x000000004515eda0:   00000000fffffffd 000000001a0c9110
0x000000004515edb0:   000000004515ee38 0000000002f6e3b0
0x000000004515edc0:   0000ae4e0162b80d 000000000000000a
0x000000004515edd0:   0000000019e76800 000000004515ee70
0x000000004515ede0:   00000000034d3b9c 0000000000000000
0x000000004515edf0:   00000000d6756f50 0000000000000003
0x000000004515ee00:   000000004515ee70 000000000331a4f9
0x000000004515ee10:   000000004515ee10 000000001e001c78
0x000000004515ee20:   000000004515eed8 000000001e002028
0x000000004515ee30:   00000000d6756e28 000000001e001cf0
0x000000004515ee40:   0000000000000000 000000004515ee80 

Instructions: (pc=0x0000000180005156)
0x0000000180005136:   8d 05 d4 79 01 00 48 8b d3 48 8b cd 44 8b f8 89
0x0000000180005146:   7c 24 24 8b f7 e8 c0 e6 ff ff 8d 5f 01 4c 63 e0
0x0000000180005156:   45 8b 74 24 08 41 89 7c 24 08 45 85 ff 78 0b ff
0x0000000180005166:   15 95 1e 01 00 89 44 24 24 90 8b ce ff c6 83 f9 


Register to memory mapping:

RAX=0x000000004505ecf0 is an unknown value
RBX=0x0000000000000001 is an unknown value
RCX=0x000000018001d4d5 is an unknown value
RDX=0xfffffffffffff665 is an unknown value
RSP=0x000000004515ed50 is pointing into the stack for thread: 0x0000000019e76800
RBP=0x0000000019e769f8 is an unknown value
RSI=0x0000000000000000 is an unknown value
RDI=0x0000000000000000 is an unknown value
R8 =0x0000000000000002 is an unknown value
R9 =0xfffffffffffff63c is an unknown value
R10=0x000000000000019c is an unknown value
R11=0x8101010101010100 is an unknown value
R12=0x000000004505ecf0 is an unknown value
R13=0x00000000034d3b9c is at entry_point+572 in (nmethod*)0x00000000034d37d0
R14=0x000000004515ee70 is pointing into the stack for thread: 0x0000000019e76800
R15=0x000000000000000a is an unknown value


Stack: [0x0000000045060000,0x0000000045160000],  sp=0x000000004515ed50,  free space=1019k
Native frames: (J=compiled Java code, j=interpreted, Vv=VM code, C=native code)
C  [rxtxSerial.dll+0x5156]
C  0x000000000331a4f9

Java frames: (J=compiled Java code, j=interpreted, Vv=VM code)
J 988  gnu.io.RXTXPort.readByte()I (0 bytes) @ 0x000000000331a47b [0x000000000331a440+0x3b]
J 1600 C2 gnu.io.RXTXPort$SerialInputStream.read()I (167 bytes) @ 0x00000000034d3a8c [0x00000000034d3960+0x12c]
J 1641 C2 com.digi.xbee.api.packet.XBeePacketParser.readByte(Ljava/io/InputStream;Lcom/digi/xbee/api/models/OperatingMode;)I (138 bytes) @ 0x0000000003240eb8 [0x0000000003240e40+0x78]
J 1461 C1 com.digi.xbee.api.packet.XBeePacketParser.parsePacket(Ljava/io/InputStream;Lcom/digi/xbee/api/models/OperatingMode;)Lcom/digi/xbee/api/packet/XBeePacket; (209 bytes) @ 0x0000000003443814 [0x0000000003443520+0x2f4]
j  com.digi.xbee.api.connection.DataReader.run()V+179
v  ~StubRoutines::call_stub

---------------  P R O C E S S  ---------------

Java Threads: ( => current thread )
=>0x0000000019e76800 JavaThread "Thread-65" [_thread_in_native, id=296, stack(0x0000000045060000,0x0000000045160000)]
  0x000000001a973000 JavaThread "TimerQueue" daemon [_thread_blocked, id=6048, stack(0x000000001d950000,0x000000001da50000)]
  0x000000001a957000 JavaThread "D3D Screen Updater" daemon [_thread_blocked, id=8, stack(0x000000001d3c0000,0x000000001d4c0000)]
  0x0000000002f20800 JavaThread "DestroyJavaVM" [_thread_blocked, id=3692, stack(0x0000000002d70000,0x0000000002e70000)]
  0x000000001a8d2000 JavaThread "AWT-EventQueue-0" [_thread_in_native, id=4892, stack(0x000000001c4b0000,0x000000001c5b0000)]
  0x000000001a81f800 JavaThread "AWT-Windows" daemon [_thread_in_native, id=6792, stack(0x000000001b1f0000,0x000000001b2f0000)]
  0x000000001a7d1000 JavaThread "AWT-Shutdown" [_thread_blocked, id=5208, stack(0x000000001b0f0000,0x000000001b1f0000)]
  0x000000001a7d0800 JavaThread "Java2D Disposer" daemon [_thread_blocked, id=6692, stack(0x000000001afb0000,0x000000001b0b0000)]
  0x0000000017e9e000 JavaThread "Service Thread" daemon [_thread_blocked, id=3160, stack(0x000000001a1f0000,0x000000001a2f0000)]
  0x0000000017e85800 JavaThread "C1 CompilerThread2" daemon [_thread_blocked, id=2052, stack(0x0000000019cf0000,0x0000000019df0000)]
  0x0000000017e83000 JavaThread "C2 CompilerThread1" daemon [_thread_blocked, id=5168, stack(0x0000000019bf0000,0x0000000019cf0000)]
  0x0000000017e80800 JavaThread "C2 CompilerThread0" daemon [_thread_blocked, id=6208, stack(0x0000000019af0000,0x0000000019bf0000)]
  0x0000000017e7b800 JavaThread "Attach Listener" daemon [_thread_blocked, id=5968, stack(0x00000000199f0000,0x0000000019af0000)]
  0x0000000017e8a000 JavaThread "Signal Dispatcher" daemon [_thread_blocked, id=2424, stack(0x00000000198f0000,0x00000000199f0000)]
  0x000000000301c000 JavaThread "Finalizer" daemon [_thread_blocked, id=5252, stack(0x00000000196f0000,0x00000000197f0000)]
  0x0000000003012800 JavaThread "Reference Handler" daemon [_thread_blocked, id=1600, stack(0x00000000195f0000,0x00000000196f0000)]

Other Threads:
  0x0000000017e47800 VMThread [stack: 0x00000000194f0000,0x00000000195f0000] [id=1104]
  0x0000000019e84800 WatcherThread [stack: 0x000000001a6b0000,0x000000001a7b0000] [id=5992]

VM state:not at safepoint (normal execution)

VM Mutex/Monitor currently owned by a thread: None

Heap:
 PSYoungGen      total 38400K, used 23296K [0x00000000d5580000, 0x00000000d8000000, 0x0000000100000000)
  eden space 33280K, 63% used [0x00000000d5580000,0x00000000d6a042d0,0x00000000d7600000)
  from space 5120K, 44% used [0x00000000d7600000,0x00000000d783c010,0x00000000d7b00000)
  to   space 5120K, 0% used [0x00000000d7b00000,0x00000000d7b00000,0x00000000d8000000)
 ParOldGen       total 87552K, used 32K [0x0000000080000000, 0x0000000085580000, 0x00000000d5580000)
  object space 87552K, 0% used [0x0000000080000000,0x0000000080008000,0x0000000085580000)
 Metaspace       used 13065K, capacity 13294K, committed 13568K, reserved 1060864K
  class space    used 1603K, capacity 1678K, committed 1792K, reserved 1048576K

Card table byte_map: [0x00000000123e0000,0x00000000127f0000] byte_map_base: 0x0000000011fe0000

Marking Bits: (ParMarkBitMap*) 0x00000000662ab6d0
 Begin Bits: [0x00000000130a0000, 0x00000000150a0000)
 End Bits:   [0x00000000150a0000, 0x00000000170a0000)

Polling page: 0x0000000001160000

CodeCache: size=245760Kb used=4912Kb max_used=4923Kb free=240847Kb
 bounds [0x0000000003020000, 0x0000000003500000, 0x0000000012020000]
 total_blobs=2053 nmethods=1551 adapters=414
 compilation: enabled

Compilation events (10 events):
Event: 28.526 Thread 0x0000000017e85800 1648       3       com.digi.xbee.api.XBeeDevice::removePacketListener (6 bytes)
Event: 28.526 Thread 0x0000000017e85800 nmethod 1648 0x0000000003309b10 code [0x0000000003309ca0, 0x0000000003309fd8]
Event: 28.526 Thread 0x0000000017e85800 1649       3       com.digi.xbee.api.AbstractXBeeDevice::removePacketListener (31 bytes)
Event: 28.527 Thread 0x0000000017e85800 nmethod 1649 0x000000000330cbd0 code [0x000000000330cd60, 0x000000000330d038]
Event: 28.527 Thread 0x0000000017e85800 1650       3       javax.swing.DefaultButtonModel::isPressed (15 bytes)
Event: 28.527 Thread 0x0000000017e85800 nmethod 1650 0x000000000333c5d0 code [0x000000000333c720, 0x000000000333c8d0]
Event: 28.597 Thread 0x0000000017e85800 1652       1       java.io.OutputStream::flush (1 bytes)
Event: 28.597 Thread 0x0000000017e85800 nmethod 1652 0x00000000031d6190 code [0x00000000031d62e0, 0x00000000031d63f0]
Event: 28.597 Thread 0x0000000017e85800 1651       1       javax.swing.DefaultBoundedRangeModel::getValue (5 bytes)
Event: 28.597 Thread 0x0000000017e85800 nmethod 1651 0x000000000333c310 code [0x000000000333c460, 0x000000000333c570]

GC Heap History (6 events):
Event: 4.464 GC heap before
{Heap before GC invocations=1 (full 0):
 PSYoungGen      total 38400K, used 33280K [0x00000000d5580000, 0x00000000d8000000, 0x0000000100000000)
  eden space 33280K, 100% used [0x00000000d5580000,0x00000000d7600000,0x00000000d7600000)
  from space 5120K, 0% used [0x00000000d7b00000,0x00000000d7b00000,0x00000000d8000000)
  to   space 5120K, 0% used [0x00000000d7600000,0x00000000d7600000,0x00000000d7b00000)
 ParOldGen       total 87552K, used 0K [0x0000000080000000, 0x0000000085580000, 0x00000000d5580000)
  object space 87552K, 0% used [0x0000000080000000,0x0000000080000000,0x0000000085580000)
 Metaspace       used 12659K, capacity 12846K, committed 13056K, reserved 1060864K
  class space    used 1602K, capacity 1678K, committed 1792K, reserved 1048576K
Event: 4.468 GC heap after
Heap after GC invocations=1 (full 0):
 PSYoungGen      total 38400K, used 2774K [0x00000000d5580000, 0x00000000d8000000, 0x0000000100000000)
  eden space 33280K, 0% used [0x00000000d5580000,0x00000000d5580000,0x00000000d7600000)
  from space 5120K, 54% used [0x00000000d7600000,0x00000000d78b5ba8,0x00000000d7b00000)
  to   space 5120K, 0% used [0x00000000d7b00000,0x00000000d7b00000,0x00000000d8000000)
 ParOldGen       total 87552K, used 16K [0x0000000080000000, 0x0000000085580000, 0x00000000d5580000)
  object space 87552K, 0% used [0x0000000080000000,0x0000000080004000,0x0000000085580000)
 Metaspace       used 12659K, capacity 12846K, committed 13056K, reserved 1060864K
  class space    used 1602K, capacity 1678K, committed 1792K, reserved 1048576K
}
Event: 12.415 GC heap before
{Heap before GC invocations=2 (full 0):
 PSYoungGen      total 38400K, used 36054K [0x00000000d5580000, 0x00000000d8000000, 0x0000000100000000)
  eden space 33280K, 100% used [0x00000000d5580000,0x00000000d7600000,0x00000000d7600000)
  from space 5120K, 54% used [0x00000000d7600000,0x00000000d78b5ba8,0x00000000d7b00000)
  to   space 5120K, 0% used [0x00000000d7b00000,0x00000000d7b00000,0x00000000d8000000)
 ParOldGen       total 87552K, used 16K [0x0000000080000000, 0x0000000085580000, 0x00000000d5580000)
  object space 87552K, 0% used [0x0000000080000000,0x0000000080004000,0x0000000085580000)
 Metaspace       used 12849K, capacity 13038K, committed 13312K, reserved 1060864K
  class space    used 1603K, capacity 1678K, committed 1792K, reserved 1048576K
Event: 12.418 GC heap after
Heap after GC invocations=2 (full 0):
 PSYoungGen      total 38400K, used 2176K [0x00000000d5580000, 0x00000000d8000000, 0x0000000100000000)
  eden space 33280K, 0% used [0x00000000d5580000,0x00000000d5580000,0x00000000d7600000)
  from space 5120K, 42% used [0x00000000d7b00000,0x00000000d7d20020,0x00000000d8000000)
  to   space 5120K, 0% used [0x00000000d7600000,0x00000000d7600000,0x00000000d7b00000)
 ParOldGen       total 87552K, used 24K [0x0000000080000000, 0x0000000085580000, 0x00000000d5580000)
  object space 87552K, 0% used [0x0000000080000000,0x0000000080006000,0x0000000085580000)
 Metaspace       used 12849K, capacity 13038K, committed 13312K, reserved 1060864K
  class space    used 1603K, capacity 1678K, committed 1792K, reserved 1048576K
}
Event: 21.824 GC heap before
{Heap before GC invocations=3 (full 0):
 PSYoungGen      total 38400K, used 35456K [0x00000000d5580000, 0x00000000d8000000, 0x0000000100000000)
  eden space 33280K, 100% used [0x00000000d5580000,0x00000000d7600000,0x00000000d7600000)
  from space 5120K, 42% used [0x00000000d7b00000,0x00000000d7d20020,0x00000000d8000000)
  to   space 5120K, 0% used [0x00000000d7600000,0x00000000d7600000,0x00000000d7b00000)
 ParOldGen       total 87552K, used 24K [0x0000000080000000, 0x0000000085580000, 0x00000000d5580000)
  object space 87552K, 0% used [0x0000000080000000,0x0000000080006000,0x0000000085580000)
 Metaspace       used 13020K, capacity 13230K, committed 13568K, reserved 1060864K
  class space    used 1603K, capacity 1678K, committed 1792K, reserved 1048576K
Event: 21.828 GC heap after
Heap after GC invocations=3 (full 0):
 PSYoungGen      total 38400K, used 2288K [0x00000000d5580000, 0x00000000d8000000, 0x0000000100000000)
  eden space 33280K, 0% used [0x00000000d5580000,0x00000000d5580000,0x00000000d7600000)
  from space 5120K, 44% used [0x00000000d7600000,0x00000000d783c010,0x00000000d7b00000)
  to   space 5120K, 0% used [0x00000000d7b00000,0x00000000d7b00000,0x00000000d8000000)
 ParOldGen       total 87552K, used 32K [0x0000000080000000, 0x0000000085580000, 0x00000000d5580000)
  object space 87552K, 0% used [0x0000000080000000,0x0000000080008000,0x0000000085580000)
 Metaspace       used 13020K, capacity 13230K, committed 13568K, reserved 1060864K
  class space    used 1603K, capacity 1678K, committed 1792K, reserved 1048576K
}

Deoptimization events (10 events):
Event: 1.324 Thread 0x000000001a8d2000 Uncommon trap: reason=class_check action=maybe_recompile pc=0x00000000031a5668 method=java.lang.String.equals(Ljava/lang/Object;)Z @ 8
Event: 1.425 Thread 0x000000001a8d2000 Uncommon trap: reason=class_check action=maybe_recompile pc=0x00000000031a5668 method=java.lang.String.equals(Ljava/lang/Object;)Z @ 8
Event: 1.425 Thread 0x000000001a8d2000 Uncommon trap: reason=class_check action=maybe_recompile pc=0x00000000031a5668 method=java.lang.String.equals(Ljava/lang/Object;)Z @ 8
Event: 1.425 Thread 0x000000001a8d2000 Uncommon trap: reason=class_check action=maybe_recompile pc=0x00000000031a5668 method=java.lang.String.equals(Ljava/lang/Object;)Z @ 8
Event: 2.273 Thread 0x000000001a8d2000 Uncommon trap: reason=bimorphic action=maybe_recompile pc=0x000000000322c8cc method=java.util.HashMap.getNode(ILjava/lang/Object;)Ljava/util/HashMap$Node; @ 126
Event: 2.273 Thread 0x000000001a8d2000 Uncommon trap: reason=bimorphic action=maybe_recompile pc=0x000000000322c8cc method=java.util.HashMap.getNode(ILjava/lang/Object;)Ljava/util/HashMap$Node; @ 126
Event: 2.280 Thread 0x000000001a8d2000 Uncommon trap: reason=bimorphic action=maybe_recompile pc=0x000000000322c8cc method=java.util.HashMap.getNode(ILjava/lang/Object;)Ljava/util/HashMap$Node; @ 126
Event: 2.280 Thread 0x000000001a8d2000 Uncommon trap: reason=bimorphic action=maybe_recompile pc=0x000000000322c8cc method=java.util.HashMap.getNode(ILjava/lang/Object;)Ljava/util/HashMap$Node; @ 126
Event: 2.281 Thread 0x000000001a8d2000 Uncommon trap: reason=bimorphic action=maybe_recompile pc=0x0000000003219c58 method=java.util.HashMap.getNode(ILjava/lang/Object;)Ljava/util/HashMap$Node; @ 126
Event: 2.615 Thread 0x000000001a8d2000 Uncommon trap: reason=unstable_if action=reinterpret pc=0x00000000032d6270 method=java.lang.String.<init>([CII)V @ 18

Internal exceptions (10 events):
Event: 27.740 Thread 0x0000000019e72000 Implicit null exception at 0x000000000348e1d6 to 0x000000000348f0a3
Event: 27.740 Thread 0x0000000019e72000 Exception <a 'java/lang/NullPointerException'> (0x00000000d673bbd8) thrown at [C:\re\workspace\8-2-build-windows-amd64-cygwin\jdk8u121\8372\hotspot\src\share\vm\runtime\sharedRuntime.cpp, line 605]
Event: 27.787 Thread 0x0000000019e74800 Implicit null exception at 0x000000000348e1d6 to 0x000000000348f0a3
Event: 27.787 Thread 0x0000000019e74800 Exception <a 'java/lang/NullPointerException'> (0x00000000d679a488) thrown at [C:\re\workspace\8-2-build-windows-amd64-cygwin\jdk8u121\8372\hotspot\src\share\vm\runtime\sharedRuntime.cpp, line 605]
Event: 28.114 Thread 0x0000000019e79000 Implicit null exception at 0x000000000348e1d6 to 0x000000000348f0a3
Event: 28.115 Thread 0x0000000019e79000 Exception <a 'java/lang/NullPointerException'> (0x00000000d6840d58) thrown at [C:\re\workspace\8-2-build-windows-amd64-cygwin\jdk8u121\8372\hotspot\src\share\vm\runtime\sharedRuntime.cpp, line 605]
Event: 28.193 Thread 0x0000000019e75000 Implicit null exception at 0x000000000348e1d6 to 0x000000000348f0a3
Event: 28.193 Thread 0x0000000019e75000 Exception <a 'java/lang/NullPointerException'> (0x00000000d6888268) thrown at [C:\re\workspace\8-2-build-windows-amd64-cygwin\jdk8u121\8372\hotspot\src\share\vm\runtime\sharedRuntime.cpp, line 605]
Event: 28.271 Thread 0x0000000019e72000 Implicit null exception at 0x000000000348e1d6 to 0x000000000348f0a3
Event: 28.271 Thread 0x0000000019e72000 Exception <a 'java/lang/NullPointerException'> (0x00000000d68b7b28) thrown at [C:\re\workspace\8-2-build-windows-amd64-cygwin\jdk8u121\8372\hotspot\src\share\vm\runtime\sharedRuntime.cpp, line 605]

Events (10 events):
Event: 28.495 Thread 0x0000000019e77800 Thread added: 0x0000000019e77800
Event: 28.495 Thread 0x0000000019e75000 Thread exited: 0x0000000019e75000
Event: 28.495 Thread 0x0000000019e77800 Thread exited: 0x0000000019e77800
Event: 28.525 Thread 0x0000000019e75000 Thread added: 0x0000000019e75000
Event: 28.526 Thread 0x0000000019e75000 Thread exited: 0x0000000019e75000
Event: 28.547 Thread 0x0000000019e75000 Thread added: 0x0000000019e75000
Event: 28.547 Executing VM operation: RevokeBias
Event: 28.547 Executing VM operation: RevokeBias done
Event: 28.548 Thread 0x0000000019e75000 Thread exited: 0x0000000019e75000
Event: 28.606 Thread 0x0000000019e74800 Thread exited: 0x0000000019e74800


Dynamic libraries:
0x00007ff733640000 - 0x00007ff733677000 	C:\Program Files\Java\jdk1.8.0_121\bin\java.exe
0x00007ffa02f00000 - 0x00007ffa030d1000 	C:\Windows\SYSTEM32\ntdll.dll
0x00007ffa01650000 - 0x00007ffa016fb000 	C:\Windows\System32\KERNEL32.DLL
0x00007ff9ff610000 - 0x00007ff9ff82d000 	C:\Windows\System32\KERNELBASE.dll
0x00007ffa009e0000 - 0x00007ffa00a82000 	C:\Windows\System32\ADVAPI32.dll
0x00007ffa00b10000 - 0x00007ffa00bae000 	C:\Windows\System32\msvcrt.dll
0x00007ffa00ab0000 - 0x00007ffa00b09000 	C:\Windows\System32\sechost.dll
0x00007ffa00530000 - 0x00007ffa00651000 	C:\Windows\System32\RPCRT4.dll
0x00007ffa007e0000 - 0x00007ffa00945000 	C:\Windows\System32\USER32.dll
0x00007ff9ff8a0000 - 0x00007ff9ff8be000 	C:\Windows\System32\win32u.dll
0x00007ffa007a0000 - 0x00007ffa007d4000 	C:\Windows\System32\GDI32.dll
0x00007ff9ff9c0000 - 0x00007ff9ffb42000 	C:\Windows\System32\gdi32full.dll
0x00007ff9f28a0000 - 0x00007ff9f2b1a000 	C:\Windows\WinSxS\amd64_microsoft.windows.common-controls_6595b64144ccf1df_6.0.14393.953_none_42151e83c686086b\COMCTL32.dll
0x00007ffa00ce0000 - 0x00007ffa00fa8000 	C:\Windows\System32\combase.dll
0x00007ff9ff8c0000 - 0x00007ff9ff9b5000 	C:\Windows\System32\ucrtbase.dll
0x00007ff9ff830000 - 0x00007ff9ff89a000 	C:\Windows\System32\bcryptPrimitives.dll
0x00007ffa00950000 - 0x00007ffa0097e000 	C:\Windows\System32\IMM32.DLL
0x00000000659b0000 - 0x0000000065a82000 	C:\Program Files\Java\jdk1.8.0_121\jre\bin\msvcr100.dll
0x0000000065a90000 - 0x000000006632b000 	C:\Program Files\Java\jdk1.8.0_121\jre\bin\server\jvm.dll
0x00007ffa01640000 - 0x00007ffa01648000 	C:\Windows\System32\PSAPI.DLL
0x00007ff9ec000000 - 0x00007ff9ec009000 	C:\Windows\SYSTEM32\WSOCK32.dll
0x00007ff9fd220000 - 0x00007ff9fd243000 	C:\Windows\SYSTEM32\WINMM.dll
0x00007ff9f9070000 - 0x00007ff9f907a000 	C:\Windows\SYSTEM32\VERSION.dll
0x00007ffa02e80000 - 0x00007ffa02eea000 	C:\Windows\System32\WS2_32.dll
0x00007ff9fd1f0000 - 0x00007ff9fd21b000 	C:\Windows\SYSTEM32\WINMMBASE.dll
0x00007ff9ff5c0000 - 0x00007ff9ff602000 	C:\Windows\System32\cfgmgr32.dll
0x0000000065960000 - 0x000000006596f000 	C:\Program Files\Java\jdk1.8.0_121\jre\bin\verify.dll
0x0000000065930000 - 0x0000000065959000 	C:\Program Files\Java\jdk1.8.0_121\jre\bin\java.dll
0x0000000065910000 - 0x0000000065926000 	C:\Program Files\Java\jdk1.8.0_121\jre\bin\zip.dll
0x00007ffa01970000 - 0x00007ffa02e79000 	C:\Windows\System32\SHELL32.dll
0x00007ff9ffc00000 - 0x00007ffa002da000 	C:\Windows\System32\windows.storage.dll
0x00007ff9ff390000 - 0x00007ff9ff3dc000 	C:\Windows\System32\powrprof.dll
0x00007ffa01700000 - 0x00007ffa01752000 	C:\Windows\System32\shlwapi.dll
0x00007ff9ff360000 - 0x00007ff9ff36f000 	C:\Windows\System32\kernel.appcore.dll
0x00007ff9ffb50000 - 0x00007ff9ffbf9000 	C:\Windows\System32\shcore.dll
0x00007ff9ff370000 - 0x00007ff9ff384000 	C:\Windows\System32\profapi.dll
0x0000000065730000 - 0x00000000658c8000 	C:\Program Files\Java\jdk1.8.0_121\jre\bin\awt.dll
0x00007ffa00bb0000 - 0x00007ffa00c6f000 	C:\Windows\System32\OLEAUT32.dll
0x00007ffa00390000 - 0x00007ffa0042c000 	C:\Windows\System32\msvcp_win.dll
0x00007ff9fd890000 - 0x00007ff9fd90a000 	C:\Windows\SYSTEM32\apphelp.dll
0x00007ff9fcc30000 - 0x00007ff9fcc56000 	C:\Windows\system32\DWMAPI.DLL
0x00007ff9fdae0000 - 0x00007ff9fdb75000 	C:\Windows\system32\uxtheme.dll
0x00007ff9f2020000 - 0x00007ff9f2143000 	C:\Windows\system32\opengl32.dll
0x00007ff9f9390000 - 0x00007ff9f93bd000 	C:\Windows\SYSTEM32\GLU32.dll
0x00007ff9e5490000 - 0x00007ff9e5587000 	C:\Windows\SYSTEM32\DDRAW.dll
0x00007ff9fb940000 - 0x00007ff9fb948000 	C:\Windows\SYSTEM32\DCIMAN32.dll
0x00007ffa00fb0000 - 0x00007ffa0110a000 	C:\Windows\System32\MSCTF.dll
0x00007ffa00660000 - 0x00007ffa00797000 	C:\Windows\System32\ole32.dll
0x00007ff9e3710000 - 0x00007ff9e389d000 	C:\Windows\system32\d3d9.dll
0x00007ff9f0560000 - 0x00007ff9f05ba000 	C:\Windows\SYSTEM32\vm3dum64.dll
0x00007ff9fc0b0000 - 0x00007ff9fc242000 	C:\Windows\SYSTEM32\dbghelp.dll
0x00000000656e0000 - 0x0000000065727000 	C:\Program Files\Java\jdk1.8.0_121\jre\bin\fontmanager.dll
0x00000000658f0000 - 0x000000006590a000 	C:\Program Files\Java\jdk1.8.0_121\jre\bin\net.dll
0x00007ff9fec30000 - 0x00007ff9fec8c000 	C:\Windows\system32\mswsock.dll
0x00000000658d0000 - 0x00000000658e1000 	C:\Program Files\Java\jdk1.8.0_121\jre\bin\nio.dll
0x0000000065690000 - 0x00000000656d2000 	C:\Program Files\Java\jdk1.8.0_121\jre\bin\t2k.dll
0x00007ffa00490000 - 0x00007ffa0052f000 	C:\Windows\System32\clbcatq.dll
0x00007ff9fc7c0000 - 0x00007ff9fc968000 	C:\Windows\SYSTEM32\WindowsCodecs.dll
0x00007ff9ed4d0000 - 0x00007ff9ed519000 	C:\Windows\system32\dataexchange.dll
0x00007ff9fb680000 - 0x00007ff9fb936000 	C:\Windows\system32\d3d11.dll
0x00007ff9fd280000 - 0x00007ff9fd3d1000 	C:\Windows\system32\dcomp.dll
0x00007ff9fe2e0000 - 0x00007ff9fe37f000 	C:\Windows\system32\dxgi.dll
0x00007ff9fddb0000 - 0x00007ff9fdecc000 	C:\Windows\system32\twinapi.appcore.dll
0x00007ff9ff200000 - 0x00007ff9ff22b000 	C:\Windows\system32\bcrypt.dll
0x0000000065650000 - 0x000000006567a000 	C:\Program Files\Java\jdk1.8.0_121\jre\bin\dcpr.dll
0x0000000180000000 - 0x0000000180025000 	C:\Users\Dev10\Documents\Porject\RP6-Groep-9\Gui (java)\RP6 GUI\libs\native\Windows\win64\rxtxSerial.dll

VM Arguments:
jvm_args: -Dfile.encoding=UTF-8 -Djava.library.path=libs\native\Windows\win64 
java_command: rp6.gui.RP6GUI
java_class_path (initial): C:\Users\Dev10\Documents\Porject\RP6-Groep-9\Gui (java)\RP6 GUI\libs\rxtx-2.2.jar;C:\Users\Dev10\Documents\Porject\RP6-Groep-9\Gui (java)\RP6 GUI\libs\slf4j-api-1.7.12.jar;C:\Users\Dev10\Documents\Porject\RP6-Groep-9\Gui (java)\RP6 GUI\libs\slf4j-nop-1.7.12.jar;C:\Users\Dev10\Documents\Porject\RP6-Groep-9\Gui (java)\RP6 GUI\libs\xbee-java-library-1.2.0.jar;C:\Users\Dev10\Documents\Porject\RP6-Groep-9\Gui (java)\RP6 GUI\build\classes
Launcher Type: SUN_STANDARD

Environment Variables:
PATH=C:\ProgramData\Oracle\Java\javapath;C:\Windows\system32;C:\Windows;C:\Windows\System32\Wbem;C:\Windows\System32\WindowsPowerShell\v1.0\;C:\cygwin64\bin;C:\Users\Dev10\AppData\Local\Microsoft\WindowsApps;
USERNAME=Dev10
OS=Windows_NT
PROCESSOR_IDENTIFIER=Intel64 Family 6 Model 94 Stepping 3, GenuineIntel



---------------  S Y S T E M  ---------------

OS: Windows 10.0 , 64 bit Build 14393 (10.0.14393.0)

CPU:total 6 (6 cores per cpu, 1 threads per core) family 6 model 94 stepping 3, cmov, cx8, fxsr, mmx, sse, sse2, sse3, ssse3, sse4.1, sse4.2, popcnt, avx, avx2, aes, clmul, erms, rtm, 3dnowpref, lzcnt, tsc, tscinvbit, bmi1, bmi2, adx

Memory: 4k page, physical 8388084k(5233628k free), swap 9698804k(6334432k free)

vm_info: Java HotSpot(TM) 64-Bit Server VM (25.121-b13) for windows-amd64 JRE (1.8.0_121-b13), built on Dec 12 2016 18:21:36 by "java_re" with MS VC++ 10.0 (VS2010)

time: Wed Apr 05 21:11:30 2017
elapsed time: 28 seconds (0d 0h 0m 28s)

