#
# A fatal error has been detected by the Java Runtime Environment:
#
#  EXCEPTION_ACCESS_VIOLATION (0xc0000005) at pc=0x0000000180005156, pid=5916, tid=0x00000000000000e4
#
# JRE version: Java(TM) SE Runtime Environment (8.0_121-b13) (build 1.8.0_121-b13)
# Java VM: Java HotSpot(TM) 64-Bit Server VM (25.121-b13 mixed mode windows-amd64 compressed oops)
# Problematic frame:
# C  [rxtxSerial.dll+0x5156]
#
# Failed to write core dump. Minidumps are not enabled by default on client versions of Windows
#
# If you would like to submit a bug report, please visit:
#   http://bugreport.java.com/bugreport/crash.jsp
# The crash happened outside the Java Virtual Machine in native code.
# See problematic frame for where to report the bug.
#

---------------  T H R E A D  ---------------

Current thread (0x000000001b25e800):  JavaThread "Thread-106" [_thread_in_native, id=228, stack(0x000000004ec10000,0x000000004ed10000)]

siginfo: ExceptionCode=0xc0000005, reading address 0x000000004ec0f248

Registers:
RAX=0x000000004ec0f240, RBX=0x0000000000000001, RCX=0x000000018001d4d5, RDX=0xfffffffffffff665
RSP=0x000000004ed0efa0, RBP=0x000000001b25e9f8, RSI=0x0000000000000000, RDI=0x0000000000000000
R8 =0x0000000000000002, R9 =0xfffffffffffff63c, R10=0x000000000000023c, R11=0x8101010101010100
R12=0x000000004ec0f240, R13=0x00000000039ac0a0, R14=0x000000004ed0f0c0, R15=0x000000000000000a
RIP=0x0000000180005156, EFLAGS=0x0000000000010206

Top of Stack: (sp=0x000000004ed0efa0)
0x000000004ed0efa0:   000000004ed0f080 000000001b25e9f8
0x000000004ed0efb0:   0000000000000000 0000000000000000
0x000000004ed0efc0:   000000001b22fde0 0000000000000001
0x000000004ed0efd0:   0000000000000000 000000001dc00c20
0x000000004ed0efe0:   000000001b25e800 0000000065d2cbf3
0x000000004ed0eff0:   00000000fffffffd 000000001a612ad0
0x000000004ed0f000:   000000004ed0f088 00000000032ae3b0
0x000000004ed0f010:   0000ae26d37a5070 000000000000000a
0x000000004ed0f020:   000000001b25e800 000000004ed0f0c0
0x000000004ed0f030:   00000000039ac0a0 0000000000000000
0x000000004ed0f040:   00000000d62a3ac0 0000000000000006
0x000000004ed0f050:   000000004ed0f0c0 00000000038435f9
0x000000004ed0f060:   000000004ed0f060 000000001e492a98
0x000000004ed0f070:   000000004ed0f128 000000001e492e48
0x000000004ed0f080:   00000000d62a3998 000000001e492b10
0x000000004ed0f090:   0000000000000000 000000004ed0f0d0 

Instructions: (pc=0x0000000180005156)
0x0000000180005136:   8d 05 d4 79 01 00 48 8b d3 48 8b cd 44 8b f8 89
0x0000000180005146:   7c 24 24 8b f7 e8 c0 e6 ff ff 8d 5f 01 4c 63 e0
0x0000000180005156:   45 8b 74 24 08 41 89 7c 24 08 45 85 ff 78 0b ff
0x0000000180005166:   15 95 1e 01 00 89 44 24 24 90 8b ce ff c6 83 f9 


Register to memory mapping:

RAX=0x000000004ec0f240 is an unknown value
RBX=0x0000000000000001 is an unknown value
RCX=0x000000018001d4d5 is an unknown value
RDX=0xfffffffffffff665 is an unknown value
RSP=0x000000004ed0efa0 is pointing into the stack for thread: 0x000000001b25e800
RBP=0x000000001b25e9f8 is an unknown value
RSI=0x0000000000000000 is an unknown value
RDI=0x0000000000000000 is an unknown value
R8 =0x0000000000000002 is an unknown value
R9 =0xfffffffffffff63c is an unknown value
R10=0x000000000000023c is an unknown value
R11=0x8101010101010100 is an unknown value
R12=0x000000004ec0f240 is an unknown value
R13=0x00000000039ac0a0 is at entry_point+512 in (nmethod*)0x00000000039abd10
R14=0x000000004ed0f0c0 is pointing into the stack for thread: 0x000000001b25e800
R15=0x000000000000000a is an unknown value


Stack: [0x000000004ec10000,0x000000004ed10000],  sp=0x000000004ed0efa0,  free space=1019k
Native frames: (J=compiled Java code, j=interpreted, Vv=VM code, C=native code)
C  [rxtxSerial.dll+0x5156]
C  0x00000000038435f9

Java frames: (J=compiled Java code, j=interpreted, Vv=VM code)
J 1317  gnu.io.RXTXPort.readByte()I (0 bytes) @ 0x000000000384357b [0x0000000003843540+0x3b]
J 1783 C2 gnu.io.RXTXPort$SerialInputStream.read()I (167 bytes) @ 0x00000000039abfcc [0x00000000039abea0+0x12c]
J 1847 C2 com.digi.xbee.api.packet.XBeePacketParser.readByte(Ljava/io/InputStream;Lcom/digi/xbee/api/models/OperatingMode;)I (138 bytes) @ 0x00000000039ed6f8 [0x00000000039ed680+0x78]
J 1653 C1 com.digi.xbee.api.packet.XBeePacketParser.parsePacket(Ljava/io/InputStream;Lcom/digi/xbee/api/models/OperatingMode;)Lcom/digi/xbee/api/packet/XBeePacket; (209 bytes) @ 0x00000000039380d4 [0x0000000003937de0+0x2f4]
j  com.digi.xbee.api.connection.DataReader.run()V+179
v  ~StubRoutines::call_stub

---------------  P R O C E S S  ---------------

Java Threads: ( => current thread )
=>0x000000001b25e800 JavaThread "Thread-106" [_thread_in_native, id=228, stack(0x000000004ec10000,0x000000004ed10000)]
  0x000000001abef000 JavaThread "Thread-2" [_thread_blocked, id=3076, stack(0x000000001dd70000,0x000000001de70000)]
  0x000000001ad6b800 JavaThread "TimerQueue" daemon [_thread_blocked, id=948, stack(0x000000001dc70000,0x000000001dd70000)]
  0x000000001ad74800 JavaThread "D3D Screen Updater" daemon [_thread_blocked, id=412, stack(0x000000001d6f0000,0x000000001d7f0000)]
  0x0000000003260800 JavaThread "DestroyJavaVM" [_thread_blocked, id=1348, stack(0x0000000003090000,0x0000000003190000)]
  0x000000001acf4800 JavaThread "AWT-EventQueue-0" [_thread_in_native, id=4784, stack(0x000000001c870000,0x000000001c970000)]
  0x000000001a615000 JavaThread "AWT-Windows" daemon [_thread_in_native, id=5232, stack(0x000000001b680000,0x000000001b780000)]
  0x000000001abff800 JavaThread "AWT-Shutdown" [_thread_blocked, id=2568, stack(0x000000001b580000,0x000000001b680000)]
  0x000000001abfe800 JavaThread "Java2D Disposer" daemon [_thread_blocked, id=448, stack(0x000000001b3e0000,0x000000001b4e0000)]
  0x00000000182cd800 JavaThread "Service Thread" daemon [_thread_blocked, id=932, stack(0x000000001a620000,0x000000001a720000)]
  0x00000000182b5800 JavaThread "C1 CompilerThread2" daemon [_thread_blocked, id=1260, stack(0x000000001a120000,0x000000001a220000)]
  0x00000000182b3000 JavaThread "C2 CompilerThread1" daemon [_thread_blocked, id=7052, stack(0x000000001a020000,0x000000001a120000)]
  0x00000000182b1000 JavaThread "C2 CompilerThread0" daemon [_thread_blocked, id=2792, stack(0x0000000019f20000,0x000000001a020000)]
  0x00000000182ab800 JavaThread "Attach Listener" daemon [_thread_blocked, id=6644, stack(0x0000000019e20000,0x0000000019f20000)]
  0x00000000182ba000 JavaThread "Signal Dispatcher" daemon [_thread_blocked, id=6308, stack(0x0000000019d20000,0x0000000019e20000)]
  0x000000000335c000 JavaThread "Finalizer" daemon [_thread_blocked, id=2852, stack(0x0000000019b20000,0x0000000019c20000)]
  0x0000000003352800 JavaThread "Reference Handler" daemon [_thread_blocked, id=740, stack(0x0000000019a20000,0x0000000019b20000)]

Other Threads:
  0x0000000018277800 VMThread [stack: 0x0000000019920000,0x0000000019a20000] [id=140]
  0x000000001a2ca000 WatcherThread [stack: 0x000000001aae0000,0x000000001abe0000] [id=3804]

VM state:not at safepoint (normal execution)

VM Mutex/Monitor currently owned by a thread: None

Heap:
 PSYoungGen      total 38400K, used 18007K [0x00000000d5580000, 0x00000000d8000000, 0x0000000100000000)
  eden space 33280K, 46% used [0x00000000d5580000,0x00000000d64bdeb8,0x00000000d7600000)
  from space 5120K, 46% used [0x00000000d7b00000,0x00000000d7d58000,0x00000000d8000000)
  to   space 5120K, 0% used [0x00000000d7600000,0x00000000d7600000,0x00000000d7b00000)
 ParOldGen       total 87552K, used 48K [0x0000000080000000, 0x0000000085580000, 0x00000000d5580000)
  object space 87552K, 0% used [0x0000000080000000,0x000000008000c000,0x0000000085580000)
 Metaspace       used 13654K, capacity 13846K, committed 14080K, reserved 1060864K
  class space    used 1626K, capacity 1710K, committed 1792K, reserved 1048576K

Card table byte_map: [0x0000000012810000,0x0000000012c20000] byte_map_base: 0x0000000012410000

Marking Bits: (ParMarkBitMap*) 0x00000000662ab6d0
 Begin Bits: [0x00000000134d0000, 0x00000000154d0000)
 End Bits:   [0x00000000154d0000, 0x00000000174d0000)

Polling page: 0x0000000001450000

CodeCache: size=245760Kb used=6740Kb max_used=6742Kb free=239019Kb
 bounds [0x0000000003450000, 0x0000000003af0000, 0x0000000012450000]
 total_blobs=2588 nmethods=2084 adapters=416
 compilation: enabled

Compilation events (10 events):
Event: 89.791 Thread 0x00000000182b1000 2260   !   4       gnu.io.RXTXPort::waitForTheNativeCodeSilly (21 bytes)
Event: 89.792 Thread 0x00000000182b1000 nmethod 2260 0x0000000003612410 code [0x0000000003612560, 0x0000000003612628]
Event: 90.116 Thread 0x00000000182b5800 2261       3       javax.swing.JComponent::setBackground (42 bytes)
Event: 90.117 Thread 0x00000000182b5800 nmethod 2261 0x0000000003aee8d0 code [0x0000000003aeeac0, 0x0000000003aef988]
Event: 90.178 Thread 0x00000000182b5800 2262       3       java.lang.StringCoding$StringEncoder::<init> (7 bytes)
Event: 90.178 Thread 0x00000000182b5800 nmethod 2262 0x0000000003aee490 code [0x0000000003aee600, 0x0000000003aee788]
Event: 90.541 Thread 0x00000000182b5800 2263       3       java.util.LinkedList$ListItr::remove (84 bytes)
Event: 90.542 Thread 0x00000000182b5800 nmethod 2263 0x00000000038b0210 code [0x00000000038b03c0, 0x00000000038b08a8]
Event: 90.542 Thread 0x00000000182b5800 2264       3       java.util.LinkedList::unlink (91 bytes)
Event: 90.542 Thread 0x00000000182b5800 nmethod 2264 0x00000000038afcd0 code [0x00000000038afe40, 0x00000000038b0110]

GC Heap History (8 events):
Event: 22.083 GC heap before
{Heap before GC invocations=1 (full 0):
 PSYoungGen      total 38400K, used 33280K [0x00000000d5580000, 0x00000000d8000000, 0x0000000100000000)
  eden space 33280K, 100% used [0x00000000d5580000,0x00000000d7600000,0x00000000d7600000)
  from space 5120K, 0% used [0x00000000d7b00000,0x00000000d7b00000,0x00000000d8000000)
  to   space 5120K, 0% used [0x00000000d7600000,0x00000000d7600000,0x00000000d7b00000)
 ParOldGen       total 87552K, used 0K [0x0000000080000000, 0x0000000085580000, 0x00000000d5580000)
  object space 87552K, 0% used [0x0000000080000000,0x0000000080000000,0x0000000085580000)
 Metaspace       used 13114K, capacity 13302K, committed 13568K, reserved 1060864K
  class space    used 1618K, capacity 1678K, committed 1792K, reserved 1048576K
Event: 22.088 GC heap after
Heap after GC invocations=1 (full 0):
 PSYoungGen      total 38400K, used 2753K [0x00000000d5580000, 0x00000000d8000000, 0x0000000100000000)
  eden space 33280K, 0% used [0x00000000d5580000,0x00000000d5580000,0x00000000d7600000)
  from space 5120K, 53% used [0x00000000d7600000,0x00000000d78b0548,0x00000000d7b00000)
  to   space 5120K, 0% used [0x00000000d7b00000,0x00000000d7b00000,0x00000000d8000000)
 ParOldGen       total 87552K, used 24K [0x0000000080000000, 0x0000000085580000, 0x00000000d5580000)
  object space 87552K, 0% used [0x0000000080000000,0x0000000080006000,0x0000000085580000)
 Metaspace       used 13114K, capacity 13302K, committed 13568K, reserved 1060864K
  class space    used 1618K, capacity 1678K, committed 1792K, reserved 1048576K
}
Event: 45.702 GC heap before
{Heap before GC invocations=2 (full 0):
 PSYoungGen      total 38400K, used 36033K [0x00000000d5580000, 0x00000000d8000000, 0x0000000100000000)
  eden space 33280K, 100% used [0x00000000d5580000,0x00000000d7600000,0x00000000d7600000)
  from space 5120K, 53% used [0x00000000d7600000,0x00000000d78b0548,0x00000000d7b00000)
  to   space 5120K, 0% used [0x00000000d7b00000,0x00000000d7b00000,0x00000000d8000000)
 ParOldGen       total 87552K, used 24K [0x0000000080000000, 0x0000000085580000, 0x00000000d5580000)
  object space 87552K, 0% used [0x0000000080000000,0x0000000080006000,0x0000000085580000)
 Metaspace       used 13337K, capacity 13590K, committed 13824K, reserved 1060864K
  class space    used 1619K, capacity 1710K, committed 1792K, reserved 1048576K
Event: 45.708 GC heap after
Heap after GC invocations=2 (full 0):
 PSYoungGen      total 38400K, used 2512K [0x00000000d5580000, 0x00000000d8000000, 0x0000000100000000)
  eden space 33280K, 0% used [0x00000000d5580000,0x00000000d5580000,0x00000000d7600000)
  from space 5120K, 49% used [0x00000000d7b00000,0x00000000d7d74010,0x00000000d8000000)
  to   space 5120K, 0% used [0x00000000d7600000,0x00000000d7600000,0x00000000d7b00000)
 ParOldGen       total 87552K, used 32K [0x0000000080000000, 0x0000000085580000, 0x00000000d5580000)
  object space 87552K, 0% used [0x0000000080000000,0x0000000080008000,0x0000000085580000)
 Metaspace       used 13337K, capacity 13590K, committed 13824K, reserved 1060864K
  class space    used 1619K, capacity 1710K, committed 1792K, reserved 1048576K
}
Event: 65.896 GC heap before
{Heap before GC invocations=3 (full 0):
 PSYoungGen      total 38400K, used 35792K [0x00000000d5580000, 0x00000000d8000000, 0x0000000100000000)
  eden space 33280K, 100% used [0x00000000d5580000,0x00000000d7600000,0x00000000d7600000)
  from space 5120K, 49% used [0x00000000d7b00000,0x00000000d7d74010,0x00000000d8000000)
  to   space 5120K, 0% used [0x00000000d7600000,0x00000000d7600000,0x00000000d7b00000)
 ParOldGen       total 87552K, used 32K [0x0000000080000000, 0x0000000085580000, 0x00000000d5580000)
  object space 87552K, 0% used [0x0000000080000000,0x0000000080008000,0x0000000085580000)
 Metaspace       used 13466K, capacity 13718K, committed 13824K, reserved 1060864K
  class space    used 1619K, capacity 1710K, committed 1792K, reserved 1048576K
Event: 65.901 GC heap after
Heap after GC invocations=3 (full 0):
 PSYoungGen      total 38400K, used 2464K [0x00000000d5580000, 0x00000000d8000000, 0x0000000100000000)
  eden space 33280K, 0% used [0x00000000d5580000,0x00000000d5580000,0x00000000d7600000)
  from space 5120K, 48% used [0x00000000d7600000,0x00000000d7868020,0x00000000d7b00000)
  to   space 5120K, 0% used [0x00000000d7b00000,0x00000000d7b00000,0x00000000d8000000)
 ParOldGen       total 87552K, used 40K [0x0000000080000000, 0x0000000085580000, 0x00000000d5580000)
  object space 87552K, 0% used [0x0000000080000000,0x000000008000a000,0x0000000085580000)
 Metaspace       used 13466K, capacity 13718K, committed 13824K, reserved 1060864K
  class space    used 1619K, capacity 1710K, committed 1792K, reserved 1048576K
}
Event: 81.076 GC heap before
{Heap before GC invocations=4 (full 0):
 PSYoungGen      total 38400K, used 35744K [0x00000000d5580000, 0x00000000d8000000, 0x0000000100000000)
  eden space 33280K, 100% used [0x00000000d5580000,0x00000000d7600000,0x00000000d7600000)
  from space 5120K, 48% used [0x00000000d7600000,0x00000000d7868020,0x00000000d7b00000)
  to   space 5120K, 0% used [0x00000000d7b00000,0x00000000d7b00000,0x00000000d8000000)
 ParOldGen       total 87552K, used 40K [0x0000000080000000, 0x0000000085580000, 0x00000000d5580000)
  object space 87552K, 0% used [0x0000000080000000,0x000000008000a000,0x0000000085580000)
 Metaspace       used 13629K, capacity 13846K, committed 14080K, reserved 1060864K
  class space    used 1626K, capacity 1710K, committed 1792K, reserved 1048576K
Event: 81.079 GC heap after
Heap after GC invocations=4 (full 0):
 PSYoungGen      total 38400K, used 2400K [0x00000000d5580000, 0x00000000d8000000, 0x0000000100000000)
  eden space 33280K, 0% used [0x00000000d5580000,0x00000000d5580000,0x00000000d7600000)
  from space 5120K, 46% used [0x00000000d7b00000,0x00000000d7d58000,0x00000000d8000000)
  to   space 5120K, 0% used [0x00000000d7600000,0x00000000d7600000,0x00000000d7b00000)
 ParOldGen       total 87552K, used 48K [0x0000000080000000, 0x0000000085580000, 0x00000000d5580000)
  object space 87552K, 0% used [0x0000000080000000,0x000000008000c000,0x0000000085580000)
 Metaspace       used 13629K, capacity 13846K, committed 14080K, reserved 1060864K
  class space    used 1626K, capacity 1710K, committed 1792K, reserved 1048576K
}

Deoptimization events (10 events):
Event: 17.168 Thread 0x000000001acf4800 Uncommon trap: reason=bimorphic action=maybe_recompile pc=0x000000000366c2cc method=java.util.HashMap.getNode(ILjava/lang/Object;)Ljava/util/HashMap$Node; @ 126
Event: 17.168 Thread 0x000000001acf4800 Uncommon trap: reason=bimorphic action=maybe_recompile pc=0x000000000366c2cc method=java.util.HashMap.getNode(ILjava/lang/Object;)Ljava/util/HashMap$Node; @ 126
Event: 17.175 Thread 0x000000001acf4800 Uncommon trap: reason=bimorphic action=maybe_recompile pc=0x000000000366c2cc method=java.util.HashMap.getNode(ILjava/lang/Object;)Ljava/util/HashMap$Node; @ 126
Event: 17.175 Thread 0x000000001acf4800 Uncommon trap: reason=bimorphic action=maybe_recompile pc=0x000000000366c2cc method=java.util.HashMap.getNode(ILjava/lang/Object;)Ljava/util/HashMap$Node; @ 126
Event: 17.175 Thread 0x000000001acf4800 Uncommon trap: reason=bimorphic action=maybe_recompile pc=0x00000000036614d8 method=java.util.HashMap.getNode(ILjava/lang/Object;)Ljava/util/HashMap$Node; @ 126
Event: 17.524 Thread 0x000000001b23a000 Uncommon trap: reason=unstable_if action=reinterpret pc=0x00000000037fdeb0 method=java.lang.String.<init>([CII)V @ 18
Event: 17.533 Thread 0x000000001b286800 Uncommon trap: reason=class_check action=maybe_recompile pc=0x00000000037dd62c method=java.util.concurrent.locks.AbstractQueuedSynchronizer.release(I)Z @ 2
Event: 17.534 Thread 0x000000001b286800 Uncommon trap: reason=class_check action=maybe_recompile pc=0x00000000037dd62c method=java.util.concurrent.locks.AbstractQueuedSynchronizer.release(I)Z @ 2
Event: 17.593 Thread 0x000000001b263000 Uncommon trap: reason=class_check action=maybe_recompile pc=0x00000000037dd62c method=java.util.concurrent.locks.AbstractQueuedSynchronizer.release(I)Z @ 2
Event: 17.593 Thread 0x000000001b263000 Uncommon trap: reason=class_check action=maybe_recompile pc=0x00000000037dd62c method=java.util.concurrent.locks.AbstractQueuedSynchronizer.release(I)Z @ 2

Internal exceptions (10 events):
Event: 88.423 Thread 0x000000001b25d800 Implicit null exception at 0x000000000368aa56 to 0x000000000368b923
Event: 88.423 Thread 0x000000001b25d800 Exception <a 'java/lang/NullPointerException'> (0x00000000d602c630) thrown at [C:\re\workspace\8-2-build-windows-amd64-cygwin\jdk8u121\8372\hotspot\src\share\vm\runtime\sharedRuntime.cpp, line 605]
Event: 88.484 Thread 0x000000001b25e800 Implicit null exception at 0x000000000368aa56 to 0x000000000368b923
Event: 88.484 Thread 0x000000001b25e800 Exception <a 'java/lang/NullPointerException'> (0x00000000d6056010) thrown at [C:\re\workspace\8-2-build-windows-amd64-cygwin\jdk8u121\8372\hotspot\src\share\vm\runtime\sharedRuntime.cpp, line 605]
Event: 89.250 Thread 0x000000001b261800 Implicit null exception at 0x000000000368aa56 to 0x000000000368b923
Event: 89.250 Thread 0x000000001b261800 Exception <a 'java/lang/NullPointerException'> (0x00000000d620b6e8) thrown at [C:\re\workspace\8-2-build-windows-amd64-cygwin\jdk8u121\8372\hotspot\src\share\vm\runtime\sharedRuntime.cpp, line 605]
Event: 90.099 Thread 0x000000001b263000 Implicit null exception at 0x000000000368aa56 to 0x000000000368b923
Event: 90.099 Thread 0x000000001b263000 Exception <a 'java/lang/NullPointerException'> (0x00000000d6397308) thrown at [C:\re\workspace\8-2-build-windows-amd64-cygwin\jdk8u121\8372\hotspot\src\share\vm\runtime\sharedRuntime.cpp, line 605]
Event: 90.147 Thread 0x000000001b25f000 Implicit null exception at 0x000000000368aa56 to 0x000000000368b923
Event: 90.147 Thread 0x000000001b25f000 Exception <a 'java/lang/NullPointerException'> (0x00000000d63c0ce8) thrown at [C:\re\workspace\8-2-build-windows-amd64-cygwin\jdk8u121\8372\hotspot\src\share\vm\runtime\sharedRuntime.cpp, line 605]

Events (10 events):
Event: 90.178 Thread 0x000000001b25f000 Thread exited: 0x000000001b25f000
Event: 90.240 Thread 0x000000001b25f000 Thread added: 0x000000001b25f000
Event: 90.240 Thread 0x000000001b260000 Thread added: 0x000000001b260000
Event: 90.240 Thread 0x000000001b25f000 Thread exited: 0x000000001b25f000
Event: 90.241 Thread 0x000000001b260000 Thread exited: 0x000000001b260000
Event: 90.302 Thread 0x000000001b25d800 Thread added: 0x000000001b25d800
Event: 90.302 Thread 0x000000001b25f000 Thread added: 0x000000001b25f000
Event: 90.303 Thread 0x000000001b25d800 Thread exited: 0x000000001b25d800
Event: 90.304 Thread 0x000000001b25f000 Thread exited: 0x000000001b25f000
Event: 90.676 Thread 0x000000001b25d000 Thread exited: 0x000000001b25d000


Dynamic libraries:
0x00007ff733640000 - 0x00007ff733677000 	C:\Program Files\Java\jdk1.8.0_121\bin\java.exe
0x00007ffa02f00000 - 0x00007ffa030d1000 	C:\Windows\SYSTEM32\ntdll.dll
0x00007ffa01650000 - 0x00007ffa016fb000 	C:\Windows\System32\KERNEL32.DLL
0x00007ff9ff610000 - 0x00007ff9ff82d000 	C:\Windows\System32\KERNELBASE.dll
0x00007ffa009e0000 - 0x00007ffa00a82000 	C:\Windows\System32\ADVAPI32.dll
0x00007ffa00b10000 - 0x00007ffa00bae000 	C:\Windows\System32\msvcrt.dll
0x00007ffa00ab0000 - 0x00007ffa00b09000 	C:\Windows\System32\sechost.dll
0x00007ffa00530000 - 0x00007ffa00651000 	C:\Windows\System32\RPCRT4.dll
0x00007ffa007e0000 - 0x00007ffa00945000 	C:\Windows\System32\USER32.dll
0x00007ff9ff8a0000 - 0x00007ff9ff8be000 	C:\Windows\System32\win32u.dll
0x00007ffa007a0000 - 0x00007ffa007d4000 	C:\Windows\System32\GDI32.dll
0x00007ff9ff9c0000 - 0x00007ff9ffb42000 	C:\Windows\System32\gdi32full.dll
0x00007ff9f28a0000 - 0x00007ff9f2b1a000 	C:\Windows\WinSxS\amd64_microsoft.windows.common-controls_6595b64144ccf1df_6.0.14393.953_none_42151e83c686086b\COMCTL32.dll
0x00007ffa00ce0000 - 0x00007ffa00fa8000 	C:\Windows\System32\combase.dll
0x00007ff9ff8c0000 - 0x00007ff9ff9b5000 	C:\Windows\System32\ucrtbase.dll
0x00007ff9ff830000 - 0x00007ff9ff89a000 	C:\Windows\System32\bcryptPrimitives.dll
0x00007ffa00950000 - 0x00007ffa0097e000 	C:\Windows\System32\IMM32.DLL
0x00000000659b0000 - 0x0000000065a82000 	C:\Program Files\Java\jdk1.8.0_121\jre\bin\msvcr100.dll
0x0000000065a90000 - 0x000000006632b000 	C:\Program Files\Java\jdk1.8.0_121\jre\bin\server\jvm.dll
0x00007ffa01640000 - 0x00007ffa01648000 	C:\Windows\System32\PSAPI.DLL
0x00007ff9ec000000 - 0x00007ff9ec009000 	C:\Windows\SYSTEM32\WSOCK32.dll
0x00007ff9f9070000 - 0x00007ff9f907a000 	C:\Windows\SYSTEM32\VERSION.dll
0x00007ff9fd220000 - 0x00007ff9fd243000 	C:\Windows\SYSTEM32\WINMM.dll
0x00007ffa02e80000 - 0x00007ffa02eea000 	C:\Windows\System32\WS2_32.dll
0x0000000001420000 - 0x000000000144b000 	C:\Windows\SYSTEM32\WINMMBASE.dll
0x00007ff9ff5c0000 - 0x00007ff9ff602000 	C:\Windows\System32\cfgmgr32.dll
0x0000000065960000 - 0x000000006596f000 	C:\Program Files\Java\jdk1.8.0_121\jre\bin\verify.dll
0x0000000065930000 - 0x0000000065959000 	C:\Program Files\Java\jdk1.8.0_121\jre\bin\java.dll
0x0000000065910000 - 0x0000000065926000 	C:\Program Files\Java\jdk1.8.0_121\jre\bin\zip.dll
0x00007ffa01970000 - 0x00007ffa02e79000 	C:\Windows\System32\SHELL32.dll
0x00007ff9ffc00000 - 0x00007ffa002da000 	C:\Windows\System32\windows.storage.dll
0x00007ff9ff390000 - 0x00007ff9ff3dc000 	C:\Windows\System32\powrprof.dll
0x00007ffa01700000 - 0x00007ffa01752000 	C:\Windows\System32\shlwapi.dll
0x00007ff9ff360000 - 0x00007ff9ff36f000 	C:\Windows\System32\kernel.appcore.dll
0x00007ff9ffb50000 - 0x00007ff9ffbf9000 	C:\Windows\System32\shcore.dll
0x00007ff9ff370000 - 0x00007ff9ff384000 	C:\Windows\System32\profapi.dll
0x0000000065730000 - 0x00000000658c8000 	C:\Program Files\Java\jdk1.8.0_121\jre\bin\awt.dll
0x00007ffa00bb0000 - 0x00007ffa00c6f000 	C:\Windows\System32\OLEAUT32.dll
0x00007ffa00390000 - 0x00007ffa0042c000 	C:\Windows\System32\msvcp_win.dll
0x00007ff9fd890000 - 0x00007ff9fd90a000 	C:\Windows\SYSTEM32\apphelp.dll
0x00007ff9fcc30000 - 0x00007ff9fcc56000 	C:\Windows\system32\DWMAPI.DLL
0x00007ff9fdae0000 - 0x00007ff9fdb75000 	C:\Windows\system32\uxtheme.dll
0x00007ff9f6590000 - 0x00007ff9f66b3000 	C:\Windows\system32\opengl32.dll
0x00007ff9f9a40000 - 0x00007ff9f9a6d000 	C:\Windows\SYSTEM32\GLU32.dll
0x00007ff9f36f0000 - 0x00007ff9f37e7000 	C:\Windows\SYSTEM32\DDRAW.dll
0x00007ff9fca20000 - 0x00007ff9fca28000 	C:\Windows\SYSTEM32\DCIMAN32.dll
0x00007ffa00fb0000 - 0x00007ffa0110a000 	C:\Windows\System32\MSCTF.dll
0x00007ffa00660000 - 0x00007ffa00797000 	C:\Windows\System32\ole32.dll
0x00007ff9e4ca0000 - 0x00007ff9e4e2d000 	C:\Windows\system32\d3d9.dll
0x00007ff9f7a60000 - 0x00007ff9f7aba000 	C:\Windows\SYSTEM32\vm3dum64.dll
0x00007ff9fc0b0000 - 0x00007ff9fc242000 	C:\Windows\SYSTEM32\dbghelp.dll
0x00000000656e0000 - 0x0000000065727000 	C:\Program Files\Java\jdk1.8.0_121\jre\bin\fontmanager.dll
0x00000000658f0000 - 0x000000006590a000 	C:\Program Files\Java\jdk1.8.0_121\jre\bin\net.dll
0x00007ff9fec30000 - 0x00007ff9fec8c000 	C:\Windows\system32\mswsock.dll
0x00000000658d0000 - 0x00000000658e1000 	C:\Program Files\Java\jdk1.8.0_121\jre\bin\nio.dll
0x0000000065690000 - 0x00000000656d2000 	C:\Program Files\Java\jdk1.8.0_121\jre\bin\t2k.dll
0x00007ffa00490000 - 0x00007ffa0052f000 	C:\Windows\System32\clbcatq.dll
0x00007ff9fc7c0000 - 0x00007ff9fc968000 	C:\Windows\SYSTEM32\WindowsCodecs.dll
0x00007ff9ed4d0000 - 0x00007ff9ed519000 	C:\Windows\system32\dataexchange.dll
0x00007ff9fd280000 - 0x00007ff9fd3d1000 	C:\Windows\system32\dcomp.dll
0x00007ff9fb680000 - 0x00007ff9fb936000 	C:\Windows\system32\d3d11.dll
0x00007ff9fe2e0000 - 0x00007ff9fe37f000 	C:\Windows\system32\dxgi.dll
0x00007ff9fddb0000 - 0x00007ff9fdecc000 	C:\Windows\system32\twinapi.appcore.dll
0x00007ff9ff200000 - 0x00007ff9ff22b000 	C:\Windows\system32\bcrypt.dll
0x0000000065650000 - 0x000000006567a000 	C:\Program Files\Java\jdk1.8.0_121\jre\bin\dcpr.dll
0x0000000180000000 - 0x0000000180025000 	C:\Users\Dev10\Documents\Porject\RP6-Groep-9\Gui (java)\RP6 GUI\libs\native\Windows\win64\rxtxSerial.dll

VM Arguments:
jvm_args: -Dfile.encoding=UTF-8 -Djava.library.path=libs\native\Windows\win64 
java_command: rp6.gui.RP6GUI
java_class_path (initial): C:\Users\Dev10\Documents\Porject\RP6-Groep-9\Gui (java)\RP6 GUI\libs\rxtx-2.2.jar;C:\Users\Dev10\Documents\Porject\RP6-Groep-9\Gui (java)\RP6 GUI\libs\slf4j-api-1.7.12.jar;C:\Users\Dev10\Documents\Porject\RP6-Groep-9\Gui (java)\RP6 GUI\libs\slf4j-nop-1.7.12.jar;C:\Users\Dev10\Documents\Porject\RP6-Groep-9\Gui (java)\RP6 GUI\libs\xbee-java-library-1.2.0.jar;C:\Users\Dev10\Documents\Porject\RP6-Groep-9\Gui (java)\RP6 GUI\build\classes
Launcher Type: SUN_STANDARD

Environment Variables:
PATH=C:\ProgramData\Oracle\Java\javapath;C:\Windows\system32;C:\Windows;C:\Windows\System32\Wbem;C:\Windows\System32\WindowsPowerShell\v1.0\;C:\cygwin64\bin;C:\Users\Dev10\AppData\Local\Microsoft\WindowsApps;
USERNAME=Dev10
OS=Windows_NT
PROCESSOR_IDENTIFIER=Intel64 Family 6 Model 94 Stepping 3, GenuineIntel



---------------  S Y S T E M  ---------------

OS: Windows 10.0 , 64 bit Build 14393 (10.0.14393.0)

CPU:total 6 (6 cores per cpu, 1 threads per core) family 6 model 94 stepping 3, cmov, cx8, fxsr, mmx, sse, sse2, sse3, ssse3, sse4.1, sse4.2, popcnt, avx, avx2, aes, clmul, erms, rtm, 3dnowpref, lzcnt, tsc, tscinvbit, bmi1, bmi2, adx

Memory: 4k page, physical 8388084k(5778356k free), swap 9698804k(6916812k free)

vm_info: Java HotSpot(TM) 64-Bit Server VM (25.121-b13) for windows-amd64 JRE (1.8.0_121-b13), built on Dec 12 2016 18:21:36 by "java_re" with MS VC++ 10.0 (VS2010)

time: Wed Apr 05 19:10:27 2017
elapsed time: 90 seconds (0d 0h 1m 30s)

