#
# A fatal error has been detected by the Java Runtime Environment:
#
#  EXCEPTION_ACCESS_VIOLATION (0xc0000005) at pc=0x0000000180005156, pid=1968, tid=0x000000000000051c
#
# JRE version: Java(TM) SE Runtime Environment (8.0_121-b13) (build 1.8.0_121-b13)
# Java VM: Java HotSpot(TM) 64-Bit Server VM (25.121-b13 mixed mode windows-amd64 compressed oops)
# Problematic frame:
# C  [rxtxSerial.dll+0x5156]
#
# Failed to write core dump. Minidumps are not enabled by default on client versions of Windows
#
# If you would like to submit a bug report, please visit:
#   http://bugreport.java.com/bugreport/crash.jsp
# The crash happened outside the Java Virtual Machine in native code.
# See problematic frame for where to report the bug.
#

---------------  T H R E A D  ---------------

Current thread (0x0000000019d7b800):  JavaThread "Thread-11" [_thread_in_native, id=1308, stack(0x0000000023ec0000,0x0000000023fc0000)]

siginfo: ExceptionCode=0xc0000005, reading address 0x0000000023ebed88

Registers:
RAX=0x0000000023ebed80, RBX=0x0000000000000001, RCX=0x000000018001d4d5, RDX=0xfffffffffffff665
RSP=0x0000000023fbf0b0, RBP=0x0000000019d7b9f8, RSI=0x0000000000000000, RDI=0x0000000000000000
R8 =0x0000000000000002, R9 =0xfffffffffffff63c, R10=0x00000000000000ce, R11=0x8101010101010100
R12=0x0000000023ebed80, R13=0x0000000003110334, R14=0x0000000023fbf1d0, R15=0x000000000000000a
RIP=0x0000000180005156, EFLAGS=0x0000000000010206

Top of Stack: (sp=0x0000000023fbf0b0)
0x0000000023fbf0b0:   0000000023fbf190 0000000019d7b9f8
0x0000000023fbf0c0:   0000000000000000 0000000000000000
0x0000000023fbf0d0:   00000000fffffffd 0000000000000001
0x0000000023fbf0e0:   0000000000000000 0000000000000000
0x0000000023fbf0f0:   0000000019d7b800 000000000000000a
0x0000000023fbf100:   0000000023fbf159 0000000065c1fd51
0x0000000023fbf110:   0000000000000002 0000000000000007
0x0000000023fbf120:   0000ae24b4e145b6 00000000000006c4
0x0000000023fbf130:   0000000019d7b800 0000000023fbf1d0
0x0000000023fbf140:   0000000003110334 0000000000000000
0x0000000023fbf150:   000000010018a920 00000000d61064f8
0x0000000023fbf160:   0000000023fbf1d0 000000000310d9f9
0x0000000023fbf170:   0000000023fbf170 000000001def1c78
0x0000000023fbf180:   000000001dfa5460 000000001def2028
0x0000000023fbf190:   00000000d61064f8 000000001def1cf0
0x0000000023fbf1a0:   0000000000000000 0000000023fbf1e0 

Instructions: (pc=0x0000000180005156)
0x0000000180005136:   8d 05 d4 79 01 00 48 8b d3 48 8b cd 44 8b f8 89
0x0000000180005146:   7c 24 24 8b f7 e8 c0 e6 ff ff 8d 5f 01 4c 63 e0
0x0000000180005156:   45 8b 74 24 08 41 89 7c 24 08 45 85 ff 78 0b ff
0x0000000180005166:   15 95 1e 01 00 89 44 24 24 90 8b ce ff c6 83 f9 


Register to memory mapping:

RAX=0x0000000023ebed80 is an unknown value
RBX=0x0000000000000001 is an unknown value
RCX=0x000000018001d4d5 is an unknown value
RDX=0xfffffffffffff665 is an unknown value
RSP=0x0000000023fbf0b0 is pointing into the stack for thread: 0x0000000019d7b800
RBP=0x0000000019d7b9f8 is an unknown value
RSI=0x0000000000000000 is an unknown value
RDI=0x0000000000000000 is an unknown value
R8 =0x0000000000000002 is an unknown value
R9 =0xfffffffffffff63c is an unknown value
R10=0x00000000000000ce is an unknown value
R11=0x8101010101010100 is an unknown value
R12=0x0000000023ebed80 is an unknown value
R13=0x0000000003110334 is at entry_point+596 in (nmethod*)0x000000000310fed0
R14=0x0000000023fbf1d0 is pointing into the stack for thread: 0x0000000019d7b800
R15=0x000000000000000a is an unknown value


Stack: [0x0000000023ec0000,0x0000000023fc0000],  sp=0x0000000023fbf0b0,  free space=1020k
Native frames: (J=compiled Java code, j=interpreted, Vv=VM code, C=native code)
C  [rxtxSerial.dll+0x5156]
C  0x000000000310d9f9

Java frames: (J=compiled Java code, j=interpreted, Vv=VM code)
J 1070  gnu.io.RXTXPort.readByte()I (0 bytes) @ 0x000000000310d97b [0x000000000310d940+0x3b]
J 1069 C1 gnu.io.RXTXPort$SerialInputStream.read()I (167 bytes) @ 0x00000000031106ec [0x00000000031100e0+0x60c]
J 1095 C1 com.digi.xbee.api.packet.XBeePacketParser.readByteFrom(Ljava/io/InputStream;I)I (64 bytes) @ 0x0000000003120774 [0x000000000311fea0+0x8d4]
J 1094 C1 com.digi.xbee.api.packet.XBeePacketParser.readByte(Ljava/io/InputStream;Lcom/digi/xbee/api/models/OperatingMode;)I (138 bytes) @ 0x000000000312150c [0x0000000003121460+0xac]
j  com.digi.xbee.api.packet.XBeePacketParser.parsePacket(Ljava/io/InputStream;Lcom/digi/xbee/api/models/OperatingMode;)Lcom/digi/xbee/api/packet/XBeePacket;+55
j  com.digi.xbee.api.connection.DataReader.run()V+179
v  ~StubRoutines::call_stub

---------------  P R O C E S S  ---------------

Java Threads: ( => current thread )
=>0x0000000019d7b800 JavaThread "Thread-11" [_thread_in_native, id=1308, stack(0x0000000023ec0000,0x0000000023fc0000)]
  0x0000000019c58800 JavaThread "TimerQueue" daemon [_thread_blocked, id=5368, stack(0x000000001d820000,0x000000001d920000)]
  0x000000001a65f800 JavaThread "D3D Screen Updater" daemon [_thread_blocked, id=1272, stack(0x000000001d2a0000,0x000000001d3a0000)]
  0x0000000002ce0800 JavaThread "DestroyJavaVM" [_thread_blocked, id=1992, stack(0x0000000002be0000,0x0000000002ce0000)]
  0x000000001a6fd000 JavaThread "AWT-EventQueue-0" [_thread_in_native, id=3704, stack(0x000000001c340000,0x000000001c440000)]
  0x000000001a5d8800 JavaThread "AWT-Windows" daemon [_thread_in_native, id=1004, stack(0x000000001b040000,0x000000001b140000)]
  0x000000001a5d8000 JavaThread "AWT-Shutdown" [_thread_blocked, id=5780, stack(0x000000001af40000,0x000000001b040000)]
  0x000000001a5d7000 JavaThread "Java2D Disposer" daemon [_thread_blocked, id=4580, stack(0x000000001ae40000,0x000000001af40000)]
  0x0000000017c8e800 JavaThread "Service Thread" daemon [_thread_blocked, id=1672, stack(0x000000001a010000,0x000000001a110000)]
  0x0000000017c74800 JavaThread "C1 CompilerThread2" daemon [_thread_blocked, id=476, stack(0x0000000019b10000,0x0000000019c10000)]
  0x0000000017c73000 JavaThread "C2 CompilerThread1" daemon [_thread_blocked, id=3140, stack(0x0000000019a10000,0x0000000019b10000)]
  0x0000000017c71000 JavaThread "C2 CompilerThread0" daemon [_thread_blocked, id=2644, stack(0x0000000019910000,0x0000000019a10000)]
  0x0000000017c6c000 JavaThread "Attach Listener" daemon [_thread_blocked, id=1656, stack(0x0000000019810000,0x0000000019910000)]
  0x0000000017c6b000 JavaThread "Signal Dispatcher" daemon [_thread_blocked, id=4988, stack(0x0000000019710000,0x0000000019810000)]
  0x0000000017c5c800 JavaThread "Finalizer" daemon [_thread_blocked, id=1260, stack(0x0000000019510000,0x0000000019610000)]
  0x0000000002dd3000 JavaThread "Reference Handler" daemon [_thread_blocked, id=6884, stack(0x0000000019410000,0x0000000019510000)]

Other Threads:
  0x0000000017c37800 VMThread [stack: 0x0000000019310000,0x0000000019410000] [id=6932]
  0x0000000019cae800 WatcherThread [stack: 0x000000001a4d0000,0x000000001a5d0000] [id=6596]

VM state:not at safepoint (normal execution)

VM Mutex/Monitor currently owned by a thread: None

Heap:
 PSYoungGen      total 38400K, used 18229K [0x00000000d5580000, 0x00000000d8000000, 0x0000000100000000)
  eden space 33280K, 46% used [0x00000000d5580000,0x00000000d6497870,0x00000000d7600000)
  from space 5120K, 54% used [0x00000000d7600000,0x00000000d78b5ba8,0x00000000d7b00000)
  to   space 5120K, 0% used [0x00000000d7b00000,0x00000000d7b00000,0x00000000d8000000)
 ParOldGen       total 87552K, used 24K [0x0000000080000000, 0x0000000085580000, 0x00000000d5580000)
  object space 87552K, 0% used [0x0000000080000000,0x0000000080006000,0x0000000085580000)
 Metaspace       used 12988K, capacity 13182K, committed 13312K, reserved 1060864K
  class space    used 1616K, capacity 1678K, committed 1792K, reserved 1048576K

Card table byte_map: [0x00000000121a0000,0x00000000125b0000] byte_map_base: 0x0000000011da0000

Marking Bits: (ParMarkBitMap*) 0x00000000662ab6d0
 Begin Bits: [0x0000000012e60000, 0x0000000014e60000)
 End Bits:   [0x0000000014e60000, 0x0000000016e60000)

Polling page: 0x0000000002ad0000

CodeCache: size=245760Kb used=4355Kb max_used=4355Kb free=241404Kb
 bounds [0x0000000002de0000, 0x0000000003230000, 0x0000000011de0000]
 total_blobs=1889 nmethods=1387 adapters=414
 compilation: enabled

Compilation events (10 events):
Event: 17.258 Thread 0x0000000017c74800 1409       1       java.awt.event.InputEvent::getModifiers (8 bytes)
Event: 17.258 Thread 0x0000000017c74800 nmethod 1409 0x0000000003218c50 code [0x0000000003218da0, 0x0000000003218eb0]
Event: 17.326 Thread 0x0000000017c74800 1410       1       javax.swing.text.JTextComponent::getNavigationFilter (5 bytes)
Event: 17.327 Thread 0x0000000017c74800 nmethod 1410 0x0000000003218990 code [0x0000000003218ae0, 0x0000000003218bf0]
Event: 17.403 Thread 0x0000000017c74800 1411       1       javax.swing.text.JTextComponent::getCaret (5 bytes)
Event: 17.403 Thread 0x0000000017c74800 nmethod 1411 0x0000000003218610 code [0x0000000003218760, 0x0000000003218870]
Event: 17.433 Thread 0x0000000017c74800 1412       3       java.util.concurrent.ConcurrentHashMap$Traverser::advance (188 bytes)
Event: 17.434 Thread 0x0000000017c74800 nmethod 1412 0x0000000003222ad0 code [0x0000000003222cc0, 0x0000000003223938]
Event: 17.434 Thread 0x0000000017c74800 1413       3       java.util.concurrent.ConcurrentHashMap$BaseIterator::hasNext (13 bytes)
Event: 17.434 Thread 0x0000000017c74800 nmethod 1413 0x0000000003223cd0 code [0x0000000003223e20, 0x0000000003223fd0]

GC Heap History (2 events):
Event: 10.119 GC heap before
{Heap before GC invocations=1 (full 0):
 PSYoungGen      total 38400K, used 33280K [0x00000000d5580000, 0x00000000d8000000, 0x0000000100000000)
  eden space 33280K, 100% used [0x00000000d5580000,0x00000000d7600000,0x00000000d7600000)
  from space 5120K, 0% used [0x00000000d7b00000,0x00000000d7b00000,0x00000000d8000000)
  to   space 5120K, 0% used [0x00000000d7600000,0x00000000d7600000,0x00000000d7b00000)
 ParOldGen       total 87552K, used 0K [0x0000000080000000, 0x0000000085580000, 0x00000000d5580000)
  object space 87552K, 0% used [0x0000000080000000,0x0000000080000000,0x0000000085580000)
 Metaspace       used 12742K, capacity 12926K, committed 13056K, reserved 1060864K
  class space    used 1615K, capacity 1678K, committed 1792K, reserved 1048576K
Event: 10.123 GC heap after
Heap after GC invocations=1 (full 0):
 PSYoungGen      total 38400K, used 2774K [0x00000000d5580000, 0x00000000d8000000, 0x0000000100000000)
  eden space 33280K, 0% used [0x00000000d5580000,0x00000000d5580000,0x00000000d7600000)
  from space 5120K, 54% used [0x00000000d7600000,0x00000000d78b5ba8,0x00000000d7b00000)
  to   space 5120K, 0% used [0x00000000d7b00000,0x00000000d7b00000,0x00000000d8000000)
 ParOldGen       total 87552K, used 24K [0x0000000080000000, 0x0000000085580000, 0x00000000d5580000)
  object space 87552K, 0% used [0x0000000080000000,0x0000000080006000,0x0000000085580000)
 Metaspace       used 12742K, capacity 12926K, committed 13056K, reserved 1060864K
  class space    used 1615K, capacity 1678K, committed 1792K, reserved 1048576K
}

Deoptimization events (10 events):
Event: 7.503 Thread 0x000000001a6fd000 Uncommon trap: reason=class_check action=maybe_recompile pc=0x0000000002f66328 method=java.lang.String.equals(Ljava/lang/Object;)Z @ 8
Event: 7.504 Thread 0x000000001a6fd000 Uncommon trap: reason=class_check action=maybe_recompile pc=0x0000000002f66328 method=java.lang.String.equals(Ljava/lang/Object;)Z @ 8
Event: 7.504 Thread 0x000000001a6fd000 Uncommon trap: reason=class_check action=maybe_recompile pc=0x0000000002f66328 method=java.lang.String.equals(Ljava/lang/Object;)Z @ 8
Event: 8.190 Thread 0x000000001a6fd000 Uncommon trap: reason=bimorphic action=maybe_recompile pc=0x0000000002ffb34c method=java.util.HashMap.getNode(ILjava/lang/Object;)Ljava/util/HashMap$Node; @ 126
Event: 8.190 Thread 0x000000001a6fd000 Uncommon trap: reason=bimorphic action=maybe_recompile pc=0x0000000002ffb34c method=java.util.HashMap.getNode(ILjava/lang/Object;)Ljava/util/HashMap$Node; @ 126
Event: 8.197 Thread 0x000000001a6fd000 Uncommon trap: reason=bimorphic action=maybe_recompile pc=0x0000000002ffb34c method=java.util.HashMap.getNode(ILjava/lang/Object;)Ljava/util/HashMap$Node; @ 126
Event: 8.197 Thread 0x000000001a6fd000 Uncommon trap: reason=bimorphic action=maybe_recompile pc=0x0000000002ffb34c method=java.util.HashMap.getNode(ILjava/lang/Object;)Ljava/util/HashMap$Node; @ 126
Event: 8.197 Thread 0x000000001a6fd000 Uncommon trap: reason=bimorphic action=maybe_recompile pc=0x0000000002fea1d8 method=java.util.HashMap.getNode(ILjava/lang/Object;)Ljava/util/HashMap$Node; @ 126
Event: 8.534 Thread 0x000000001a6fd000 Uncommon trap: reason=unstable_if action=reinterpret pc=0x00000000030c3bf0 method=java.lang.String.<init>([CII)V @ 18
Event: 9.074 Thread 0x000000001a82e800 Uncommon trap: reason=unstable_if action=reinterpret pc=0x0000000002ef4bb0 method=java.lang.String.charAt(I)C @ 10

Internal exceptions (10 events):
Event: 0.095 Thread 0x0000000002ce0800 Exception <a 'java/security/PrivilegedActionException'> (0x00000000d56dc798) thrown at [C:\re\workspace\8-2-build-windows-amd64-cygwin\jdk8u121\8372\hotspot\src\share\vm\prims\jvm.cpp, line 1390]
Event: 0.096 Thread 0x0000000002ce0800 Exception <a 'java/security/PrivilegedActionException'> (0x00000000d56e06a8) thrown at [C:\re\workspace\8-2-build-windows-amd64-cygwin\jdk8u121\8372\hotspot\src\share\vm\prims\jvm.cpp, line 1390]
Event: 0.096 Thread 0x0000000002ce0800 Exception <a 'java/security/PrivilegedActionException'> (0x00000000d56e08b8) thrown at [C:\re\workspace\8-2-build-windows-amd64-cygwin\jdk8u121\8372\hotspot\src\share\vm\prims\jvm.cpp, line 1390]
Event: 0.102 Thread 0x0000000002ce0800 Exception <a 'java/io/FileNotFoundException'> (0x00000000d56e93d0) thrown at [C:\re\workspace\8-2-build-windows-amd64-cygwin\jdk8u121\8372\hotspot\src\share\vm\prims\jni.cpp, line 709]
Event: 0.149 Thread 0x0000000002ce0800 Exception <a 'java/lang/NoSuchFieldError': method resolution failed> (0x00000000d57b6838) thrown at [C:\re\workspace\8-2-build-windows-amd64-cygwin\jdk8u121\8372\hotspot\src\share\vm\prims\methodHandles.cpp, line 1146]
Event: 0.151 Thread 0x0000000002ce0800 Exception <a 'java/lang/NoSuchFieldError': method resolution failed> (0x00000000d57c3c08) thrown at [C:\re\workspace\8-2-build-windows-amd64-cygwin\jdk8u121\8372\hotspot\src\share\vm\prims\methodHandles.cpp, line 1146]
Event: 0.202 Thread 0x0000000002ce0800 Exception <a 'java/io/FileNotFoundException'> (0x00000000d5858b90) thrown at [C:\re\workspace\8-2-build-windows-amd64-cygwin\jdk8u121\8372\hotspot\src\share\vm\prims\jni.cpp, line 709]
Event: 0.254 Thread 0x0000000002ce0800 Implicit null exception at 0x0000000002f4d2a2 to 0x0000000002f4d469
Event: 8.233 Thread 0x000000001a6fd000 Exception <a 'java/io/FileNotFoundException'> (0x00000000d5eee228) thrown at [C:\re\workspace\8-2-build-windows-amd64-cygwin\jdk8u121\8372\hotspot\src\share\vm\prims\jni.cpp, line 709]
Event: 8.457 Thread 0x000000001a6fd000 Exception <a 'java/io/FileNotFoundException'> (0x00000000d5f04b88) thrown at [C:\re\workspace\8-2-build-windows-amd64-cygwin\jdk8u121\8372\hotspot\src\share\vm\prims\jni.cpp, line 709]

Events (10 events):
Event: 15.107 Thread 0x0000000019d7d800 Thread exited: 0x0000000019d7d800
Event: 15.122 Thread 0x0000000019d7a800 Thread added: 0x0000000019d7a800
Event: 15.122 Thread 0x0000000019d7a800 Thread exited: 0x0000000019d7a800
Event: 15.153 Thread 0x0000000019d78800 Thread added: 0x0000000019d78800
Event: 15.153 Thread 0x0000000019d78800 Thread exited: 0x0000000019d78800
Event: 15.200 Thread 0x0000000019d7a000 Thread added: 0x0000000019d7a000
Event: 15.200 Thread 0x0000000019d7a000 Thread exited: 0x0000000019d7a000
Event: 15.201 Thread 0x0000000019d7d000 Thread added: 0x0000000019d7d000
Event: 15.202 Thread 0x0000000019d7d000 Thread exited: 0x0000000019d7d000
Event: 17.464 Thread 0x0000000019d77800 Thread exited: 0x0000000019d77800


Dynamic libraries:
0x00007ff733640000 - 0x00007ff733677000 	C:\Program Files\Java\jdk1.8.0_121\bin\java.exe
0x00007ffa02f00000 - 0x00007ffa030d1000 	C:\Windows\SYSTEM32\ntdll.dll
0x00007ffa01650000 - 0x00007ffa016fb000 	C:\Windows\System32\KERNEL32.DLL
0x00007ff9ff610000 - 0x00007ff9ff82d000 	C:\Windows\System32\KERNELBASE.dll
0x00007ffa009e0000 - 0x00007ffa00a82000 	C:\Windows\System32\ADVAPI32.dll
0x00007ffa00b10000 - 0x00007ffa00bae000 	C:\Windows\System32\msvcrt.dll
0x00007ffa00ab0000 - 0x00007ffa00b09000 	C:\Windows\System32\sechost.dll
0x00007ffa00530000 - 0x00007ffa00651000 	C:\Windows\System32\RPCRT4.dll
0x00007ffa007e0000 - 0x00007ffa00945000 	C:\Windows\System32\USER32.dll
0x00007ff9ff8a0000 - 0x00007ff9ff8be000 	C:\Windows\System32\win32u.dll
0x00007ffa007a0000 - 0x00007ffa007d4000 	C:\Windows\System32\GDI32.dll
0x00007ff9ff9c0000 - 0x00007ff9ffb42000 	C:\Windows\System32\gdi32full.dll
0x00007ff9f28a0000 - 0x00007ff9f2b1a000 	C:\Windows\WinSxS\amd64_microsoft.windows.common-controls_6595b64144ccf1df_6.0.14393.953_none_42151e83c686086b\COMCTL32.dll
0x00007ffa00ce0000 - 0x00007ffa00fa8000 	C:\Windows\System32\combase.dll
0x00007ff9ff8c0000 - 0x00007ff9ff9b5000 	C:\Windows\System32\ucrtbase.dll
0x00007ff9ff830000 - 0x00007ff9ff89a000 	C:\Windows\System32\bcryptPrimitives.dll
0x00007ffa00950000 - 0x00007ffa0097e000 	C:\Windows\System32\IMM32.DLL
0x00000000659b0000 - 0x0000000065a82000 	C:\Program Files\Java\jdk1.8.0_121\jre\bin\msvcr100.dll
0x0000000065a90000 - 0x000000006632b000 	C:\Program Files\Java\jdk1.8.0_121\jre\bin\server\jvm.dll
0x00007ffa01640000 - 0x00007ffa01648000 	C:\Windows\System32\PSAPI.DLL
0x00007ff9ec000000 - 0x00007ff9ec009000 	C:\Windows\SYSTEM32\WSOCK32.dll
0x00007ff9fd220000 - 0x00007ff9fd243000 	C:\Windows\SYSTEM32\WINMM.dll
0x00007ff9f9070000 - 0x00007ff9f907a000 	C:\Windows\SYSTEM32\VERSION.dll
0x00007ffa02e80000 - 0x00007ffa02eea000 	C:\Windows\System32\WS2_32.dll
0x0000000002b10000 - 0x0000000002b3b000 	C:\Windows\SYSTEM32\WINMMBASE.dll
0x00007ff9ff5c0000 - 0x00007ff9ff602000 	C:\Windows\System32\cfgmgr32.dll
0x0000000065960000 - 0x000000006596f000 	C:\Program Files\Java\jdk1.8.0_121\jre\bin\verify.dll
0x0000000065930000 - 0x0000000065959000 	C:\Program Files\Java\jdk1.8.0_121\jre\bin\java.dll
0x0000000065910000 - 0x0000000065926000 	C:\Program Files\Java\jdk1.8.0_121\jre\bin\zip.dll
0x00007ffa01970000 - 0x00007ffa02e79000 	C:\Windows\System32\SHELL32.dll
0x00007ff9ffc00000 - 0x00007ffa002da000 	C:\Windows\System32\windows.storage.dll
0x00007ff9ff390000 - 0x00007ff9ff3dc000 	C:\Windows\System32\powrprof.dll
0x00007ffa01700000 - 0x00007ffa01752000 	C:\Windows\System32\shlwapi.dll
0x00007ff9ff360000 - 0x00007ff9ff36f000 	C:\Windows\System32\kernel.appcore.dll
0x00007ff9ffb50000 - 0x00007ff9ffbf9000 	C:\Windows\System32\shcore.dll
0x00007ff9ff370000 - 0x00007ff9ff384000 	C:\Windows\System32\profapi.dll
0x0000000065730000 - 0x00000000658c8000 	C:\Program Files\Java\jdk1.8.0_121\jre\bin\awt.dll
0x00007ffa00bb0000 - 0x00007ffa00c6f000 	C:\Windows\System32\OLEAUT32.dll
0x00007ffa00390000 - 0x00007ffa0042c000 	C:\Windows\System32\msvcp_win.dll
0x00007ff9fd890000 - 0x00007ff9fd90a000 	C:\Windows\SYSTEM32\apphelp.dll
0x00007ff9fcc30000 - 0x00007ff9fcc56000 	C:\Windows\system32\DWMAPI.DLL
0x00007ff9fdae0000 - 0x00007ff9fdb75000 	C:\Windows\system32\uxtheme.dll
0x00007ff9f6590000 - 0x00007ff9f66b3000 	C:\Windows\system32\opengl32.dll
0x00007ff9f9a40000 - 0x00007ff9f9a6d000 	C:\Windows\SYSTEM32\GLU32.dll
0x00007ff9f36f0000 - 0x00007ff9f37e7000 	C:\Windows\SYSTEM32\DDRAW.dll
0x00007ff9fca20000 - 0x00007ff9fca28000 	C:\Windows\SYSTEM32\DCIMAN32.dll
0x00007ffa00fb0000 - 0x00007ffa0110a000 	C:\Windows\System32\MSCTF.dll
0x00007ffa00660000 - 0x00007ffa00797000 	C:\Windows\System32\ole32.dll
0x00007ff9e4ca0000 - 0x00007ff9e4e2d000 	C:\Windows\system32\d3d9.dll
0x00007ff9f7a60000 - 0x00007ff9f7aba000 	C:\Windows\SYSTEM32\vm3dum64.dll
0x00007ff9fc0b0000 - 0x00007ff9fc242000 	C:\Windows\SYSTEM32\dbghelp.dll
0x00000000656e0000 - 0x0000000065727000 	C:\Program Files\Java\jdk1.8.0_121\jre\bin\fontmanager.dll
0x00000000658f0000 - 0x000000006590a000 	C:\Program Files\Java\jdk1.8.0_121\jre\bin\net.dll
0x00007ff9fec30000 - 0x00007ff9fec8c000 	C:\Windows\system32\mswsock.dll
0x00000000658d0000 - 0x00000000658e1000 	C:\Program Files\Java\jdk1.8.0_121\jre\bin\nio.dll
0x0000000065690000 - 0x00000000656d2000 	C:\Program Files\Java\jdk1.8.0_121\jre\bin\t2k.dll
0x00007ffa00490000 - 0x00007ffa0052f000 	C:\Windows\System32\clbcatq.dll
0x00007ff9fc7c0000 - 0x00007ff9fc968000 	C:\Windows\SYSTEM32\WindowsCodecs.dll
0x00007ff9ed4d0000 - 0x00007ff9ed519000 	C:\Windows\system32\dataexchange.dll
0x00007ff9fb680000 - 0x00007ff9fb936000 	C:\Windows\system32\d3d11.dll
0x00007ff9fd280000 - 0x00007ff9fd3d1000 	C:\Windows\system32\dcomp.dll
0x00007ff9fe2e0000 - 0x00007ff9fe37f000 	C:\Windows\system32\dxgi.dll
0x00007ff9fddb0000 - 0x00007ff9fdecc000 	C:\Windows\system32\twinapi.appcore.dll
0x00007ff9ff200000 - 0x00007ff9ff22b000 	C:\Windows\system32\bcrypt.dll
0x0000000065650000 - 0x000000006567a000 	C:\Program Files\Java\jdk1.8.0_121\jre\bin\dcpr.dll
0x0000000180000000 - 0x0000000180025000 	C:\Users\Dev10\Documents\Porject\RP6-Groep-9\Gui (java)\RP6 GUI\libs\native\Windows\win64\rxtxSerial.dll

VM Arguments:
jvm_args: -Dfile.encoding=UTF-8 -Djava.library.path=libs\native\Windows\win64 
java_command: rp6.gui.RP6GUI
java_class_path (initial): C:\Users\Dev10\Documents\Porject\RP6-Groep-9\Gui (java)\RP6 GUI\libs\rxtx-2.2.jar;C:\Users\Dev10\Documents\Porject\RP6-Groep-9\Gui (java)\RP6 GUI\libs\slf4j-api-1.7.12.jar;C:\Users\Dev10\Documents\Porject\RP6-Groep-9\Gui (java)\RP6 GUI\libs\slf4j-nop-1.7.12.jar;C:\Users\Dev10\Documents\Porject\RP6-Groep-9\Gui (java)\RP6 GUI\libs\xbee-java-library-1.2.0.jar;C:\Users\Dev10\Documents\Porject\RP6-Groep-9\Gui (java)\RP6 GUI\build\classes
Launcher Type: SUN_STANDARD

Environment Variables:
PATH=C:\ProgramData\Oracle\Java\javapath;C:\Windows\system32;C:\Windows;C:\Windows\System32\Wbem;C:\Windows\System32\WindowsPowerShell\v1.0\;C:\cygwin64\bin;C:\Users\Dev10\AppData\Local\Microsoft\WindowsApps;
USERNAME=Dev10
OS=Windows_NT
PROCESSOR_IDENTIFIER=Intel64 Family 6 Model 94 Stepping 3, GenuineIntel



---------------  S Y S T E M  ---------------

OS: Windows 10.0 , 64 bit Build 14393 (10.0.14393.0)

CPU:total 6 (6 cores per cpu, 1 threads per core) family 6 model 94 stepping 3, cmov, cx8, fxsr, mmx, sse, sse2, sse3, ssse3, sse4.1, sse4.2, popcnt, avx, avx2, aes, clmul, erms, rtm, 3dnowpref, lzcnt, tsc, tscinvbit, bmi1, bmi2, adx

Memory: 4k page, physical 8388084k(5817992k free), swap 9698804k(6878136k free)

vm_info: Java HotSpot(TM) 64-Bit Server VM (25.121-b13) for windows-amd64 JRE (1.8.0_121-b13), built on Dec 12 2016 18:21:36 by "java_re" with MS VC++ 10.0 (VS2010)

time: Wed Apr 05 18:59:33 2017
elapsed time: 17 seconds (0d 0h 0m 17s)

