#
# A fatal error has been detected by the Java Runtime Environment:
#
#  EXCEPTION_ACCESS_VIOLATION (0xc0000005) at pc=0x0000000180005156, pid=8136, tid=0x0000000000001f90
#
# JRE version: Java(TM) SE Runtime Environment (8.0_121-b13) (build 1.8.0_121-b13)
# Java VM: Java HotSpot(TM) 64-Bit Server VM (25.121-b13 mixed mode windows-amd64 compressed oops)
# Problematic frame:
# C  [rxtxSerial.dll+0x5156]
#
# Failed to write core dump. Minidumps are not enabled by default on client versions of Windows
#
# If you would like to submit a bug report, please visit:
#   http://bugreport.java.com/bugreport/crash.jsp
# The crash happened outside the Java Virtual Machine in native code.
# See problematic frame for where to report the bug.
#

---------------  T H R E A D  ---------------

Current thread (0x0000000019e08800):  JavaThread "Thread-17" [_thread_in_native, id=8080, stack(0x000000003af70000,0x000000003b070000)]

siginfo: ExceptionCode=0xc0000005, reading address 0x000000003af6f4a8

Registers:
RAX=0x000000003af6f4a0, RBX=0x0000000000000001, RCX=0x000000018001d4d5, RDX=0xfffffffffffff665
RSP=0x000000003b06eef0, RBP=0x0000000019e089f8, RSI=0x0000000000000000, RDI=0x0000000000000000
R8 =0x0000000000000002, R9 =0xfffffffffffff63c, R10=0x000000000000011e, R11=0x8101010101010100
R12=0x000000003af6f4a0, R13=0x00000000031ea360, R14=0x000000003b06f010, R15=0x000000000000000a
RIP=0x0000000180005156, EFLAGS=0x0000000000010202

Top of Stack: (sp=0x000000003b06eef0)
0x000000003b06eef0:   000000003b06efd0 0000000019e089f8
0x000000003b06ef00:   0000000000000000 0000000000000000
0x000000003b06ef10:   000000001a6f2a10 0000000000000001
0x000000003b06ef20:   0000000000000000 000000001dd65de0
0x000000003b06ef30:   0000000019e08800 00000000566fcbf3
0x000000003b06ef40:   00000000fffffffd 000000001a5604d0
0x000000003b06ef50:   000000003b06efd8 0000000002d0e3c0
0x000000003b06ef60:   0000a8cb1cb45249 000000000000000a
0x000000003b06ef70:   0000000019e08800 000000003b06f010
0x000000003b06ef80:   00000000031ea360 0000000000000000
0x000000003b06ef90:   00000000d55fa070 0000000000000009
0x000000003b06efa0:   000000003b06f010 00000000030bd039
0x000000003b06efb0:   000000003b06efb0 000000001d9cda38
0x000000003b06efc0:   000000003b06f078 000000001d9cdde8
0x000000003b06efd0:   00000000d55f9f48 000000001d9cdab0
0x000000003b06efe0:   0000000000000000 000000003b06f020 

Instructions: (pc=0x0000000180005156)
0x0000000180005136:   8d 05 d4 79 01 00 48 8b d3 48 8b cd 44 8b f8 89
0x0000000180005146:   7c 24 24 8b f7 e8 c0 e6 ff ff 8d 5f 01 4c 63 e0
0x0000000180005156:   45 8b 74 24 08 41 89 7c 24 08 45 85 ff 78 0b ff
0x0000000180005166:   15 95 1e 01 00 89 44 24 24 90 8b ce ff c6 83 f9 


Register to memory mapping:

RAX=0x000000003af6f4a0 is an unknown value
RBX=0x0000000000000001 is an unknown value
RCX=0x000000018001d4d5 is an unknown value
RDX=0xfffffffffffff665 is an unknown value
RSP=0x000000003b06eef0 is pointing into the stack for thread: 0x0000000019e08800
RBP=0x0000000019e089f8 is an unknown value
RSI=0x0000000000000000 is an unknown value
RDI=0x0000000000000000 is an unknown value
R8 =0x0000000000000002 is an unknown value
R9 =0xfffffffffffff63c is an unknown value
R10=0x000000000000011e is an unknown value
R11=0x8101010101010100 is an unknown value
R12=0x000000003af6f4a0 is an unknown value
R13=0x00000000031ea360 is at entry_point+512 in (nmethod*)0x00000000031e9fd0
R14=0x000000003b06f010 is pointing into the stack for thread: 0x0000000019e08800
R15=0x000000000000000a is an unknown value


Stack: [0x000000003af70000,0x000000003b070000],  sp=0x000000003b06eef0,  free space=1019k
Native frames: (J=compiled Java code, j=interpreted, Vv=VM code, C=native code)
C  [rxtxSerial.dll+0x5156]
C  0x00000000030bd039

Java frames: (J=compiled Java code, j=interpreted, Vv=VM code)
J 972  gnu.io.RXTXPort.readByte()I (0 bytes) @ 0x00000000030bcfbb [0x00000000030bcf80+0x3b]
J 1417 C2 gnu.io.RXTXPort$SerialInputStream.read()I (167 bytes) @ 0x00000000031ea28c [0x00000000031ea160+0x12c]
J 1436 C2 com.digi.xbee.api.packet.XBeePacketParser.readByte(Ljava/io/InputStream;Lcom/digi/xbee/api/models/OperatingMode;)I (138 bytes) @ 0x00000000031efe38 [0x00000000031efdc0+0x78]
J 1397 C1 com.digi.xbee.api.packet.XBeePacketParser.parsePacket(Ljava/io/InputStream;Lcom/digi/xbee/api/models/OperatingMode;)Lcom/digi/xbee/api/packet/XBeePacket; (209 bytes) @ 0x00000000031d6cf4 [0x00000000031d6a00+0x2f4]
j  com.digi.xbee.api.connection.DataReader.run()V+179
v  ~StubRoutines::call_stub

---------------  P R O C E S S  ---------------

Java Threads: ( => current thread )
=>0x0000000019e08800 JavaThread "Thread-17" [_thread_in_native, id=8080, stack(0x000000003af70000,0x000000003b070000)]
  0x000000001a6fa000 JavaThread "TimerQueue" daemon [_thread_blocked, id=2168, stack(0x000000001d7c0000,0x000000001d8c0000)]
  0x000000001a5cb800 JavaThread "D3D Screen Updater" daemon [_thread_blocked, id=5396, stack(0x000000001d170000,0x000000001d270000)]
  0x0000000002cc0800 JavaThread "DestroyJavaVM" [_thread_blocked, id=1948, stack(0x0000000002b20000,0x0000000002c20000)]
  0x000000001a66b800 JavaThread "AWT-EventQueue-0" [_thread_in_native, id=552, stack(0x000000001c260000,0x000000001c360000)]
  0x000000001a5b5000 JavaThread "AWT-Windows" daemon [_thread_in_native, id=7528, stack(0x000000001afa0000,0x000000001b0a0000)]
  0x000000001a5b2800 JavaThread "AWT-Shutdown" [_thread_blocked, id=2560, stack(0x000000001aea0000,0x000000001afa0000)]
  0x000000001a5b1800 JavaThread "Java2D Disposer" daemon [_thread_blocked, id=7212, stack(0x000000001ad50000,0x000000001ae50000)]
  0x0000000019c11000 JavaThread "Service Thread" daemon [_thread_blocked, id=4456, stack(0x0000000019f90000,0x000000001a090000)]
  0x0000000017c28800 JavaThread "C1 CompilerThread2" daemon [_thread_blocked, id=2196, stack(0x0000000019a90000,0x0000000019b90000)]
  0x0000000017c26800 JavaThread "C2 CompilerThread1" daemon [_thread_blocked, id=2900, stack(0x0000000019990000,0x0000000019a90000)]
  0x0000000017c24000 JavaThread "C2 CompilerThread0" daemon [_thread_blocked, id=8092, stack(0x0000000019890000,0x0000000019990000)]
  0x0000000017c1e800 JavaThread "Attach Listener" daemon [_thread_blocked, id=4876, stack(0x0000000019790000,0x0000000019890000)]
  0x0000000017c1d800 JavaThread "Signal Dispatcher" daemon [_thread_blocked, id=3588, stack(0x0000000019690000,0x0000000019790000)]
  0x0000000017c0c800 JavaThread "Finalizer" daemon [_thread_blocked, id=1148, stack(0x0000000019490000,0x0000000019590000)]
  0x0000000002db2000 JavaThread "Reference Handler" daemon [_thread_blocked, id=5648, stack(0x0000000019390000,0x0000000019490000)]

Other Threads:
  0x0000000017be7800 VMThread [stack: 0x0000000019290000,0x0000000019390000] [id=5728]
  0x0000000019c36000 WatcherThread [stack: 0x000000001a450000,0x000000001a550000] [id=4556]

VM state:not at safepoint (normal execution)

VM Mutex/Monitor currently owned by a thread: None

Heap:
 PSYoungGen      total 38400K, used 11928K [0x00000000d5580000, 0x00000000d8000000, 0x0000000100000000)
  eden space 33280K, 28% used [0x00000000d5580000,0x00000000d5ee6320,0x00000000d7600000)
  from space 5120K, 45% used [0x00000000d7600000,0x00000000d7840000,0x00000000d7b00000)
  to   space 5120K, 0% used [0x00000000d7b00000,0x00000000d7b00000,0x00000000d8000000)
 ParOldGen       total 87552K, used 32K [0x0000000080000000, 0x0000000085580000, 0x00000000d5580000)
  object space 87552K, 0% used [0x0000000080000000,0x0000000080008000,0x0000000085580000)
 Metaspace       used 12992K, capacity 13230K, committed 13568K, reserved 1060864K
  class space    used 1611K, capacity 1678K, committed 1792K, reserved 1048576K

Card table byte_map: [0x0000000012180000,0x0000000012590000] byte_map_base: 0x0000000011d80000

Marking Bits: (ParMarkBitMap*) 0x0000000056c7b6d0
 Begin Bits: [0x0000000012e40000, 0x0000000014e40000)
 End Bits:   [0x0000000014e40000, 0x0000000016e40000)

Polling page: 0x0000000002a30000

CodeCache: size=245760Kb used=4693Kb max_used=4704Kb free=241066Kb
 bounds [0x0000000002dc0000, 0x0000000003270000, 0x0000000011dc0000]
 total_blobs=1990 nmethods=1488 adapters=414
 compilation: enabled

Compilation events (10 events):
Event: 28.783 Thread 0x0000000017c24000 1552       4       java.util.Formatter$FormatSpecifier::print (463 bytes)
Event: 28.906 Thread 0x0000000017c26800 1553       4       sun.util.locale.provider.LocaleResources::getDecimalFormatSymbolsData (213 bytes)
Event: 28.928 Thread 0x0000000017c26800 nmethod 1553 0x0000000003256f90 code [0x0000000003257120, 0x0000000003257618]
Event: 28.929 Thread 0x0000000017c26800 1554       4       java.util.Currency::getInstance (234 bytes)
Event: 28.941 Thread 0x0000000017c24000 nmethod 1552 0x000000000325e110 code [0x000000000325e3a0, 0x00000000032601f0]
Event: 28.962 Thread 0x0000000017c26800 nmethod 1554 0x0000000003259610 code [0x00000000032597a0, 0x000000000325a038]
Event: 28.987 Thread 0x0000000017c28800 1555       1       javax.swing.JTextField::getHorizontalVisibility (5 bytes)
Event: 28.987 Thread 0x0000000017c28800 nmethod 1555 0x00000000030b0090 code [0x00000000030b01e0, 0x00000000030b02f0]
Event: 28.987 Thread 0x0000000017c28800 1556       3       javax.swing.plaf.metal.MetalBorders$Flush3DBorder::getBorderInsets (10 bytes)
Event: 28.988 Thread 0x0000000017c28800 nmethod 1556 0x00000000030a2d50 code [0x00000000030a2ec0, 0x00000000030a3110]

GC Heap History (6 events):
Event: 7.173 GC heap before
{Heap before GC invocations=1 (full 0):
 PSYoungGen      total 38400K, used 33280K [0x00000000d5580000, 0x00000000d8000000, 0x0000000100000000)
  eden space 33280K, 100% used [0x00000000d5580000,0x00000000d7600000,0x00000000d7600000)
  from space 5120K, 0% used [0x00000000d7b00000,0x00000000d7b00000,0x00000000d8000000)
  to   space 5120K, 0% used [0x00000000d7600000,0x00000000d7600000,0x00000000d7b00000)
 ParOldGen       total 87552K, used 0K [0x0000000080000000, 0x0000000085580000, 0x00000000d5580000)
  object space 87552K, 0% used [0x0000000080000000,0x0000000080000000,0x0000000085580000)
 Metaspace       used 12632K, capacity 12846K, committed 13056K, reserved 1060864K
  class space    used 1599K, capacity 1678K, committed 1792K, reserved 1048576K
Event: 7.185 GC heap after
Heap after GC invocations=1 (full 0):
 PSYoungGen      total 38400K, used 2774K [0x00000000d5580000, 0x00000000d8000000, 0x0000000100000000)
  eden space 33280K, 0% used [0x00000000d5580000,0x00000000d5580000,0x00000000d7600000)
  from space 5120K, 54% used [0x00000000d7600000,0x00000000d78b5b88,0x00000000d7b00000)
  to   space 5120K, 0% used [0x00000000d7b00000,0x00000000d7b00000,0x00000000d8000000)
 ParOldGen       total 87552K, used 16K [0x0000000080000000, 0x0000000085580000, 0x00000000d5580000)
  object space 87552K, 0% used [0x0000000080000000,0x0000000080004000,0x0000000085580000)
 Metaspace       used 12632K, capacity 12846K, committed 13056K, reserved 1060864K
  class space    used 1599K, capacity 1678K, committed 1792K, reserved 1048576K
}
Event: 16.103 GC heap before
{Heap before GC invocations=2 (full 0):
 PSYoungGen      total 38400K, used 36054K [0x00000000d5580000, 0x00000000d8000000, 0x0000000100000000)
  eden space 33280K, 100% used [0x00000000d5580000,0x00000000d7600000,0x00000000d7600000)
  from space 5120K, 54% used [0x00000000d7600000,0x00000000d78b5b88,0x00000000d7b00000)
  to   space 5120K, 0% used [0x00000000d7b00000,0x00000000d7b00000,0x00000000d8000000)
 ParOldGen       total 87552K, used 16K [0x0000000080000000, 0x0000000085580000, 0x00000000d5580000)
  object space 87552K, 0% used [0x0000000080000000,0x0000000080004000,0x0000000085580000)
 Metaspace       used 12858K, capacity 13038K, committed 13312K, reserved 1060864K
  class space    used 1611K, capacity 1678K, committed 1792K, reserved 1048576K
Event: 16.113 GC heap after
Heap after GC invocations=2 (full 0):
 PSYoungGen      total 38400K, used 2224K [0x00000000d5580000, 0x00000000d8000000, 0x0000000100000000)
  eden space 33280K, 0% used [0x00000000d5580000,0x00000000d5580000,0x00000000d7600000)
  from space 5120K, 43% used [0x00000000d7b00000,0x00000000d7d2c010,0x00000000d8000000)
  to   space 5120K, 0% used [0x00000000d7600000,0x00000000d7600000,0x00000000d7b00000)
 ParOldGen       total 87552K, used 24K [0x0000000080000000, 0x0000000085580000, 0x00000000d5580000)
  object space 87552K, 0% used [0x0000000080000000,0x0000000080006000,0x0000000085580000)
 Metaspace       used 12858K, capacity 13038K, committed 13312K, reserved 1060864K
  class space    used 1611K, capacity 1678K, committed 1792K, reserved 1048576K
}
Event: 26.327 GC heap before
{Heap before GC invocations=3 (full 0):
 PSYoungGen      total 38400K, used 35504K [0x00000000d5580000, 0x00000000d8000000, 0x0000000100000000)
  eden space 33280K, 100% used [0x00000000d5580000,0x00000000d7600000,0x00000000d7600000)
  from space 5120K, 43% used [0x00000000d7b00000,0x00000000d7d2c010,0x00000000d8000000)
  to   space 5120K, 0% used [0x00000000d7600000,0x00000000d7600000,0x00000000d7b00000)
 ParOldGen       total 87552K, used 24K [0x0000000080000000, 0x0000000085580000, 0x00000000d5580000)
  object space 87552K, 0% used [0x0000000080000000,0x0000000080006000,0x0000000085580000)
 Metaspace       used 12985K, capacity 13230K, committed 13568K, reserved 1060864K
  class space    used 1611K, capacity 1678K, committed 1792K, reserved 1048576K
Event: 26.337 GC heap after
Heap after GC invocations=3 (full 0):
 PSYoungGen      total 38400K, used 2304K [0x00000000d5580000, 0x00000000d8000000, 0x0000000100000000)
  eden space 33280K, 0% used [0x00000000d5580000,0x00000000d5580000,0x00000000d7600000)
  from space 5120K, 45% used [0x00000000d7600000,0x00000000d7840000,0x00000000d7b00000)
  to   space 5120K, 0% used [0x00000000d7b00000,0x00000000d7b00000,0x00000000d8000000)
 ParOldGen       total 87552K, used 32K [0x0000000080000000, 0x0000000085580000, 0x00000000d5580000)
  object space 87552K, 0% used [0x0000000080000000,0x0000000080008000,0x0000000085580000)
 Metaspace       used 12985K, capacity 13230K, committed 13568K, reserved 1060864K
  class space    used 1611K, capacity 1678K, committed 1792K, reserved 1048576K
}

Deoptimization events (10 events):
Event: 3.489 Thread 0x000000001a66b800 Uncommon trap: reason=class_check action=maybe_recompile pc=0x0000000002f45ce8 method=java.lang.String.equals(Ljava/lang/Object;)Z @ 8
Event: 3.703 Thread 0x000000001a66b800 Uncommon trap: reason=class_check action=maybe_recompile pc=0x0000000002f45ce8 method=java.lang.String.equals(Ljava/lang/Object;)Z @ 8
Event: 3.704 Thread 0x000000001a66b800 Uncommon trap: reason=class_check action=maybe_recompile pc=0x0000000002f45ce8 method=java.lang.String.equals(Ljava/lang/Object;)Z @ 8
Event: 3.705 Thread 0x000000001a66b800 Uncommon trap: reason=class_check action=maybe_recompile pc=0x0000000002f45ce8 method=java.lang.String.equals(Ljava/lang/Object;)Z @ 8
Event: 4.635 Thread 0x000000001a66b800 Uncommon trap: reason=bimorphic action=maybe_recompile pc=0x0000000002fd528c method=java.util.HashMap.getNode(ILjava/lang/Object;)Ljava/util/HashMap$Node; @ 126
Event: 4.636 Thread 0x000000001a66b800 Uncommon trap: reason=bimorphic action=maybe_recompile pc=0x0000000002fd528c method=java.util.HashMap.getNode(ILjava/lang/Object;)Ljava/util/HashMap$Node; @ 126
Event: 4.682 Thread 0x000000001a66b800 Uncommon trap: reason=bimorphic action=maybe_recompile pc=0x0000000002fd528c method=java.util.HashMap.getNode(ILjava/lang/Object;)Ljava/util/HashMap$Node; @ 126
Event: 4.682 Thread 0x000000001a66b800 Uncommon trap: reason=bimorphic action=maybe_recompile pc=0x0000000002fd528c method=java.util.HashMap.getNode(ILjava/lang/Object;)Ljava/util/HashMap$Node; @ 126
Event: 4.683 Thread 0x000000001a66b800 Uncommon trap: reason=bimorphic action=maybe_recompile pc=0x0000000002fc4998 method=java.util.HashMap.getNode(ILjava/lang/Object;)Ljava/util/HashMap$Node; @ 126
Event: 5.329 Thread 0x000000001a66b800 Uncommon trap: reason=unstable_if action=reinterpret pc=0x0000000003089ab0 method=java.lang.String.<init>([CII)V @ 18

Internal exceptions (10 events):
Event: 28.831 Thread 0x0000000019e0e000 Implicit null exception at 0x00000000032210ec to 0x00000000032212cc
Event: 28.831 Thread 0x0000000019e0e000 Exception <a 'java/lang/NullPointerException'> (0x00000000d5e580a8) thrown at [C:\re\workspace\8-2-build-windows-amd64-cygwin\jdk8u121\8372\hotspot\src\share\vm\runtime\sharedRuntime.cpp, line 605]
Event: 28.908 Thread 0x0000000019e0e800 Implicit null exception at 0x00000000032210ec to 0x00000000032212cc
Event: 28.908 Thread 0x0000000019e0e800 Exception <a 'java/lang/NullPointerException'> (0x00000000d5e70c00) thrown at [C:\re\workspace\8-2-build-windows-amd64-cygwin\jdk8u121\8372\hotspot\src\share\vm\runtime\sharedRuntime.cpp, line 605]
Event: 28.910 Thread 0x0000000019e0d000 Implicit null exception at 0x00000000032210ec to 0x00000000032212cc
Event: 28.910 Thread 0x0000000019e0d000 Exception <a 'java/lang/NullPointerException'> (0x00000000d5e9f828) thrown at [C:\re\workspace\8-2-build-windows-amd64-cygwin\jdk8u121\8372\hotspot\src\share\vm\runtime\sharedRuntime.cpp, line 605]
Event: 28.940 Thread 0x0000000019e0c800 Implicit null exception at 0x00000000032210ec to 0x00000000032212cc
Event: 28.940 Thread 0x0000000019e0c800 Exception <a 'java/lang/NullPointerException'> (0x00000000d5eb8380) thrown at [C:\re\workspace\8-2-build-windows-amd64-cygwin\jdk8u121\8372\hotspot\src\share\vm\runtime\sharedRuntime.cpp, line 605]
Event: 29.002 Thread 0x0000000019e0a000 Implicit null exception at 0x00000000032210ec to 0x00000000032212cc
Event: 29.002 Thread 0x0000000019e0a000 Exception <a 'java/lang/NullPointerException'> (0x00000000d5ecf0c8) thrown at [C:\re\workspace\8-2-build-windows-amd64-cygwin\jdk8u121\8372\hotspot\src\share\vm\runtime\sharedRuntime.cpp, line 605]

Events (10 events):
Event: 28.832 Thread 0x0000000019e0e000 Thread exited: 0x0000000019e0e000
Event: 28.907 Thread 0x0000000019e0e800 Thread added: 0x0000000019e0e800
Event: 28.908 Thread 0x0000000019e0d000 Thread added: 0x0000000019e0d000
Event: 28.908 Thread 0x0000000019e0e800 Thread exited: 0x0000000019e0e800
Event: 28.910 Thread 0x0000000019e0d000 Thread exited: 0x0000000019e0d000
Event: 28.939 Thread 0x0000000019e0c800 Thread added: 0x0000000019e0c800
Event: 28.941 Thread 0x0000000019e0c800 Thread exited: 0x0000000019e0c800
Event: 29.001 Thread 0x0000000019e0a000 Thread added: 0x0000000019e0a000
Event: 29.002 Thread 0x0000000019e0a000 Thread exited: 0x0000000019e0a000
Event: 29.016 Thread 0x0000000019e09800 Thread exited: 0x0000000019e09800


Dynamic libraries:
0x00007ff6bd430000 - 0x00007ff6bd467000 	C:\Program Files\Java\jdk1.8.0_121\bin\java.exe
0x00007ff93c4a0000 - 0x00007ff93c671000 	C:\Windows\SYSTEM32\ntdll.dll
0x00007ff93b950000 - 0x00007ff93b9fb000 	C:\Windows\System32\KERNEL32.DLL
0x00007ff939160000 - 0x00007ff93937d000 	C:\Windows\System32\KERNELBASE.dll
0x00007ff93a250000 - 0x00007ff93a2f2000 	C:\Windows\System32\ADVAPI32.dll
0x00007ff93c270000 - 0x00007ff93c30e000 	C:\Windows\System32\msvcrt.dll
0x00007ff93bd60000 - 0x00007ff93bdb9000 	C:\Windows\System32\sechost.dll
0x00007ff939a60000 - 0x00007ff939b81000 	C:\Windows\System32\RPCRT4.dll
0x00007ff939e80000 - 0x00007ff939fe5000 	C:\Windows\System32\USER32.dll
0x00007ff939840000 - 0x00007ff93985e000 	C:\Windows\System32\win32u.dll
0x00007ff93c460000 - 0x00007ff93c494000 	C:\Windows\System32\GDI32.dll
0x00007ff939380000 - 0x00007ff939502000 	C:\Windows\System32\gdi32full.dll
0x00007ff92fa60000 - 0x00007ff92fcda000 	C:\Windows\WinSxS\amd64_microsoft.windows.common-controls_6595b64144ccf1df_6.0.14393.953_none_42151e83c686086b\COMCTL32.dll
0x00007ff939b90000 - 0x00007ff939e58000 	C:\Windows\System32\combase.dll
0x00007ff9396d0000 - 0x00007ff9397c5000 	C:\Windows\System32\ucrtbase.dll
0x00007ff9397d0000 - 0x00007ff93983a000 	C:\Windows\System32\bcryptPrimitives.dll
0x00007ff939a30000 - 0x00007ff939a5e000 	C:\Windows\System32\IMM32.DLL
0x0000000056380000 - 0x0000000056452000 	C:\Program Files\Java\jdk1.8.0_121\jre\bin\msvcr100.dll
0x0000000056460000 - 0x0000000056cfb000 	C:\Program Files\Java\jdk1.8.0_121\jre\bin\server\jvm.dll
0x00007ff93c450000 - 0x00007ff93c458000 	C:\Windows\System32\PSAPI.DLL
0x00007ff930ff0000 - 0x00007ff930ffa000 	C:\Windows\SYSTEM32\VERSION.dll
0x00007ff9366e0000 - 0x00007ff936703000 	C:\Windows\SYSTEM32\WINMM.dll
0x00007ff9234f0000 - 0x00007ff9234f9000 	C:\Windows\SYSTEM32\WSOCK32.dll
0x00007ff93c1f0000 - 0x00007ff93c25a000 	C:\Windows\System32\WS2_32.dll
0x0000000002a60000 - 0x0000000002a8b000 	C:\Windows\SYSTEM32\WINMMBASE.dll
0x00007ff939110000 - 0x00007ff939152000 	C:\Windows\System32\cfgmgr32.dll
0x0000000056330000 - 0x000000005633f000 	C:\Program Files\Java\jdk1.8.0_121\jre\bin\verify.dll
0x0000000056300000 - 0x0000000056329000 	C:\Program Files\Java\jdk1.8.0_121\jre\bin\java.dll
0x00000000562e0000 - 0x00000000562f6000 	C:\Program Files\Java\jdk1.8.0_121\jre\bin\zip.dll
0x00007ff93a300000 - 0x00007ff93b809000 	C:\Windows\System32\SHELL32.dll
0x00007ff938a30000 - 0x00007ff93910a000 	C:\Windows\System32\windows.storage.dll
0x00007ff938920000 - 0x00007ff93896c000 	C:\Windows\System32\powrprof.dll
0x00007ff93b880000 - 0x00007ff93b8d2000 	C:\Windows\System32\shlwapi.dll
0x00007ff938970000 - 0x00007ff93897f000 	C:\Windows\System32\kernel.appcore.dll
0x00007ff939510000 - 0x00007ff9395b9000 	C:\Windows\System32\shcore.dll
0x00007ff938900000 - 0x00007ff938914000 	C:\Windows\System32\profapi.dll
0x0000000056100000 - 0x0000000056298000 	C:\Program Files\Java\jdk1.8.0_121\jre\bin\awt.dll
0x00007ff939ff0000 - 0x00007ff93a0af000 	C:\Windows\System32\OLEAUT32.dll
0x00007ff938990000 - 0x00007ff938a2c000 	C:\Windows\System32\msvcp_win.dll
0x00007ff936de0000 - 0x00007ff936e5a000 	C:\Windows\SYSTEM32\apphelp.dll
0x00007ff9360e0000 - 0x00007ff936106000 	C:\Windows\system32\DWMAPI.DLL
0x00007ff937080000 - 0x00007ff937115000 	C:\Windows\system32\uxtheme.dll
0x00007ff92aec0000 - 0x00007ff92afe3000 	C:\Windows\system32\opengl32.dll
0x00007ff92cdf0000 - 0x00007ff92ce1d000 	C:\Windows\SYSTEM32\GLU32.dll
0x00007ff929230000 - 0x00007ff929327000 	C:\Windows\SYSTEM32\DDRAW.dll
0x00007ff935f00000 - 0x00007ff935f08000 	C:\Windows\SYSTEM32\DCIMAN32.dll
0x00007ff93ba00000 - 0x00007ff93bb5a000 	C:\Windows\System32\MSCTF.dll
0x00007ff93c310000 - 0x00007ff93c447000 	C:\Windows\System32\ole32.dll
0x00007ff91be80000 - 0x00007ff91c00d000 	C:\Windows\system32\d3d9.dll
0x00007ff928aa0000 - 0x00007ff928afa000 	C:\Windows\SYSTEM32\vm3dum64.dll
0x00007ff935b30000 - 0x00007ff935cc2000 	C:\Windows\SYSTEM32\dbghelp.dll
0x00000000560b0000 - 0x00000000560f7000 	C:\Program Files\Java\jdk1.8.0_121\jre\bin\fontmanager.dll
0x00000000562c0000 - 0x00000000562da000 	C:\Program Files\Java\jdk1.8.0_121\jre\bin\net.dll
0x00007ff938230000 - 0x00007ff93828c000 	C:\Windows\system32\mswsock.dll
0x00000000562a0000 - 0x00000000562b1000 	C:\Program Files\Java\jdk1.8.0_121\jre\bin\nio.dll
0x0000000056060000 - 0x00000000560a2000 	C:\Program Files\Java\jdk1.8.0_121\jre\bin\t2k.dll
0x00007ff93bbc0000 - 0x00007ff93bc5f000 	C:\Windows\System32\clbcatq.dll
0x00007ff935980000 - 0x00007ff935b28000 	C:\Windows\SYSTEM32\WindowsCodecs.dll
0x00007ff926450000 - 0x00007ff926499000 	C:\Windows\system32\dataexchange.dll
0x00007ff936800000 - 0x00007ff936951000 	C:\Windows\system32\dcomp.dll
0x00007ff9350b0000 - 0x00007ff935366000 	C:\Windows\system32\d3d11.dll
0x00007ff937880000 - 0x00007ff93791f000 	C:\Windows\system32\dxgi.dll
0x00007ff937350000 - 0x00007ff93746c000 	C:\Windows\system32\twinapi.appcore.dll
0x00007ff9384e0000 - 0x00007ff93850b000 	C:\Windows\system32\bcrypt.dll
0x0000000056020000 - 0x000000005604a000 	C:\Program Files\Java\jdk1.8.0_121\jre\bin\dcpr.dll
0x0000000180000000 - 0x0000000180025000 	C:\Users\Dev10\Documents\Porject\RP6-Groep-9\Gui (java)\RP6 GUI\libs\native\Windows\win64\rxtxSerial.dll

VM Arguments:
jvm_args: -Dfile.encoding=UTF-8 -Djava.library.path=libs\native\Windows\win64 
java_command: rp6.gui.RP6GUI
java_class_path (initial): C:\Users\Dev10\Documents\Porject\RP6-Groep-9\Gui (java)\RP6 GUI\libs\rxtx-2.2.jar;C:\Users\Dev10\Documents\Porject\RP6-Groep-9\Gui (java)\RP6 GUI\libs\slf4j-api-1.7.12.jar;C:\Users\Dev10\Documents\Porject\RP6-Groep-9\Gui (java)\RP6 GUI\libs\slf4j-nop-1.7.12.jar;C:\Users\Dev10\Documents\Porject\RP6-Groep-9\Gui (java)\RP6 GUI\libs\xbee-java-library-1.2.0.jar;C:\Users\Dev10\Documents\Porject\RP6-Groep-9\Gui (java)\RP6 GUI\build\classes
Launcher Type: SUN_STANDARD

Environment Variables:
PATH=C:\ProgramData\Oracle\Java\javapath;C:\Windows\system32;C:\Windows;C:\Windows\System32\Wbem;C:\Windows\System32\WindowsPowerShell\v1.0\;C:\cygwin64\bin;C:\Users\Dev10\AppData\Local\Microsoft\WindowsApps;
USERNAME=Dev10
OS=Windows_NT
PROCESSOR_IDENTIFIER=Intel64 Family 6 Model 94 Stepping 3, GenuineIntel



---------------  S Y S T E M  ---------------

OS: Windows 10.0 , 64 bit Build 14393 (10.0.14393.0)

CPU:total 6 (6 cores per cpu, 1 threads per core) family 6 model 94 stepping 3, cmov, cx8, fxsr, mmx, sse, sse2, sse3, ssse3, sse4.1, sse4.2, popcnt, avx, avx2, aes, clmul, erms, rtm, 3dnowpref, lzcnt, tsc, tscinvbit, bmi1, bmi2, adx

Memory: 4k page, physical 8388084k(4821108k free), swap 9698804k(5937488k free)

vm_info: Java HotSpot(TM) 64-Bit Server VM (25.121-b13) for windows-amd64 JRE (1.8.0_121-b13), built on Dec 12 2016 18:21:36 by "java_re" with MS VC++ 10.0 (VS2010)

time: Wed Mar 29 14:18:14 2017
elapsed time: 29 seconds (0d 0h 0m 29s)

